<?xml version="1.0" encoding="UTF-8"?>
<testsuite name="com.solr.clientwrapper.config.timezone.HibernateTimeZoneIT" tests="7" skipped="0" failures="0" errors="0" timestamp="2021-12-27T08:14:08" hostname="DESKTOP-VAOA8DC" time="0.848">
  <properties/>
  <testcase name="storeLocalDateTimeWithZoneIdConfigShouldBeStoredOnGMTTimeZone()" classname="com.solr.clientwrapper.config.timezone.HibernateTimeZoneIT" time="0.65"/>
  <testcase name="storeLocalDateWithZoneIdConfigShouldBeStoredWithoutTransformation()" classname="com.solr.clientwrapper.config.timezone.HibernateTimeZoneIT" time="0.031"/>
  <testcase name="storeLocalTimeWithZoneIdConfigShouldBeStoredOnGMTTimeZoneAccordingToHis1stJan1970Value()" classname="com.solr.clientwrapper.config.timezone.HibernateTimeZoneIT" time="0.032"/>
  <testcase name="storeInstantWithZoneIdConfigShouldBeStoredOnGMTTimeZone()" classname="com.solr.clientwrapper.config.timezone.HibernateTimeZoneIT" time="0.03"/>
  <testcase name="storeZoneDateTimeWithZoneIdConfigShouldBeStoredOnGMTTimeZone()" classname="com.solr.clientwrapper.config.timezone.HibernateTimeZoneIT" time="0.034"/>
  <testcase name="storeOffsetTimeWithZoneIdConfigShouldBeStoredOnGMTTimeZoneAccordingToHis1stJan1970Value()" classname="com.solr.clientwrapper.config.timezone.HibernateTimeZoneIT" time="0.03"/>
  <testcase name="storeOffsetDateTimeWithZoneIdConfigShouldBeStoredOnGMTTimeZone()" classname="com.solr.clientwrapper.config.timezone.HibernateTimeZoneIT" time="0.017"/>
  <system-out><![CDATA[
        ??? ???   ??? ????????? ????????   ??????? ????????? ????????? ????????
        ??? ???   ??? ????????? ????????? ???????? ????????? ????????? ?????????
        ??? ?????????    ???    ????????? ???????     ???    ???????   ?????????
  ???   ??? ?????????    ???    ????????   ???????    ???    ???????   ????????
  ????????? ???   ??? ????????? ???       ????????    ???    ????????? ???  ????
   ???????  ???   ??? ????????? ???       ???????     ???    ????????? ???   ???

:: JHipster ?  :: Running Spring Boot 2.5.4 ::
:: https://www.jhipster.tech ::

2021-12-27 13:43:13.382 DEBUG 12572 --- [kground-preinit] org.jboss.logging                        : Logging Provider: org.jboss.logging.Log4j2LoggerProvider
2021-12-27 13:43:13.479  INFO 12572 --- [    Test worker] c.s.c.c.timezone.HibernateTimeZoneIT     : Starting HibernateTimeZoneIT using Java 11.0.12 on DESKTOP-VAOA8DC with PID 12572 (started by user in D:\search-as-service)
2021-12-27 13:43:13.481 DEBUG 12572 --- [    Test worker] c.s.c.c.timezone.HibernateTimeZoneIT     : Running with Spring Boot v2.5.4, Spring v5.3.13
2021-12-27 13:43:13.492  INFO 12572 --- [    Test worker] c.s.c.c.timezone.HibernateTimeZoneIT     : No active profile set, falling back to default profiles: default
2021-12-27 13:43:13.706  WARN 12572 --- [    Test worker] o.s.b.c.config.ConfigDataEnvironment     : Property 'spring.profiles' imported from location 'class path resource [config/application.yml]' is invalid and should be replaced with 'spring.config.activate.on-profile' [origin: class path resource [config/application.yml] - 17:12]
2021-12-27 13:43:18.383 DEBUG 12572 --- [    Test worker] i.g.r.utils.RxJava2OnClasspathCondition  : RxJava2 related Aspect extensions are not activated, because RxJava2 is not on the classpath.
2021-12-27 13:43:18.387 DEBUG 12572 --- [    Test worker] i.g.r.utils.ReactorOnClasspathCondition  : Reactor related Aspect extensions are not activated because Reactor is not on the classpath.
2021-12-27 13:43:18.461 DEBUG 12572 --- [    Test worker] i.g.r.utils.RxJava2OnClasspathCondition  : RxJava2 related Aspect extensions are not activated, because RxJava2 is not on the classpath.
2021-12-27 13:43:18.465 DEBUG 12572 --- [    Test worker] i.g.r.utils.ReactorOnClasspathCondition  : Reactor related Aspect extensions are not activated because Reactor is not on the classpath.
2021-12-27 13:43:18.557 DEBUG 12572 --- [    Test worker] i.g.r.utils.RxJava2OnClasspathCondition  : RxJava2 related Aspect extensions are not activated, because RxJava2 is not on the classpath.
2021-12-27 13:43:18.560 DEBUG 12572 --- [    Test worker] i.g.r.utils.ReactorOnClasspathCondition  : Reactor related Aspect extensions are not activated because Reactor is not on the classpath.
2021-12-27 13:43:18.606 DEBUG 12572 --- [    Test worker] i.g.r.utils.RxJava2OnClasspathCondition  : RxJava2 related Aspect extensions are not activated, because RxJava2 is not on the classpath.
2021-12-27 13:43:18.608 DEBUG 12572 --- [    Test worker] i.g.r.utils.ReactorOnClasspathCondition  : Reactor related Aspect extensions are not activated because Reactor is not on the classpath.
2021-12-27 13:43:18.670 DEBUG 12572 --- [    Test worker] i.g.r.utils.RxJava2OnClasspathCondition  : RxJava2 related Aspect extensions are not activated, because RxJava2 is not on the classpath.
2021-12-27 13:43:18.672 DEBUG 12572 --- [    Test worker] i.g.r.utils.ReactorOnClasspathCondition  : Reactor related Aspect extensions are not activated because Reactor is not on the classpath.
2021-12-27 13:43:18.717 DEBUG 12572 --- [    Test worker] i.g.r.utils.RxJava2OnClasspathCondition  : RxJava2 related Aspect extensions are not activated, because RxJava2 is not on the classpath.
2021-12-27 13:43:18.719 DEBUG 12572 --- [    Test worker] i.g.r.utils.ReactorOnClasspathCondition  : Reactor related Aspect extensions are not activated because Reactor is not on the classpath.
2021-12-27 13:43:24.274 DEBUG 12572 --- [    Test worker] c.ehcache.core.Ehcache-usersByLogin      : Initialize successful.
2021-12-27 13:43:24.320 DEBUG 12572 --- [    Test worker] c.ehcache.core.Ehcache-usersByEmail      : Initialize successful.
2021-12-27 13:43:24.327 DEBUG 12572 --- [    Test worker] c.e.c.E.s.c.infrastructure.entity.User   : Initialize successful.
2021-12-27 13:43:24.335 DEBUG 12572 --- [    Test worker] c.e.c.E.s.c.i.entity.Authority           : Initialize successful.
2021-12-27 13:43:24.345 DEBUG 12572 --- [    Test worker] c.e.c.E.s.c.i.entity.User.authorities    : Initialize successful.
2021-12-27 13:43:24.466 DEBUG 12572 --- [    Test worker] c.s.c.config.AsyncConfiguration          : Creating Async Task Executor
2021-12-27 13:43:24.811 DEBUG 12572 --- [    Test worker] c.s.c.config.LiquibaseConfiguration      : Configuring Liquibase
Skipping auto-registration
2021-12-27 13:43:28.736  WARN 12572 --- [    Test worker] liquibase.hub                            : Skipping auto-registration
2021-12-27 13:43:35.067 DEBUG 12572 --- [    Test worker] c.s.c.security.jwt.TokenProvider         : Using a Base64-encoded JWT secret key
2021-12-27 13:43:36.007 DEBUG 12572 --- [    Test worker] i.m.c.u.i.logging.InternalLoggerFactory  : Using SLF4J as the default logging framework
2021-12-27 13:43:40.311 DEBUG 12572 --- [    Test worker] jdk.event.security                       : X509Certificate: Alg:SHA1withRSA, Serial:cf08e5c0816a5ad427ff0eb271859d0, Subject:CN=SecureTrust CA, O=SecureTrust Corporation, C=US, Issuer:CN=SecureTrust CA, O=SecureTrust Corporation, C=US, Key type:RSA, Length:2048, Cert Id:2034155325, Valid from:08/11/06, 1:01 AM, Valid until:01/01/30, 1:10 AM
2021-12-27 13:43:40.314 DEBUG 12572 --- [    Test worker] jdk.event.security                       : X509Certificate: Alg:SHA256withRSA, Serial:2, Subject:CN=Buypass Class 3 Root CA, O=Buypass AS-983163327, C=NO, Issuer:CN=Buypass Class 3 Root CA, O=Buypass AS-983163327, C=NO, Key type:RSA, Length:4096, Cert Id:1264269967, Valid from:26/10/10, 1:58 PM, Valid until:26/10/40, 1:58 PM
2021-12-27 13:43:40.320 DEBUG 12572 --- [    Test worker] jdk.event.security                       : X509Certificate: Alg:SHA1withRSA, Serial:0, Subject:CN=Hellenic Academic and Research Institutions RootCA 2011, O=Hellenic Academic and Research Institutions Cert. Authority, C=GR, Issuer:CN=Hellenic Academic and Research Institutions RootCA 2011, O=Hellenic Academic and Research Institutions Cert. Authority, C=GR, Key type:RSA, Length:2048, Cert Id:-1841489473, Valid from:06/12/11, 7:19 PM, Valid until:01/12/31, 7:19 PM
2021-12-27 13:43:40.323 DEBUG 12572 --- [    Test worker] jdk.event.security                       : X509Certificate: Alg:SHA1withRSA, Serial:1f9d595ad72fc20644a5800869e35ef6, Subject:O=Government Root Certification Authority, C=TW, Issuer:O=Government Root Certification Authority, C=TW, Key type:RSA, Length:4096, Cert Id:-1181289790, Valid from:05/12/02, 6:53 PM, Valid until:05/12/32, 6:53 PM
2021-12-27 13:43:40.325 DEBUG 12572 --- [    Test worker] jdk.event.security                       : X509Certificate: Alg:SHA256withRSA, Serial:78585f2ead2c194be3370735341328b596d46593, Subject:CN=QuoVadis Root CA 1 G3, O=QuoVadis Limited, C=BM, Issuer:CN=QuoVadis Root CA 1 G3, O=QuoVadis Limited, C=BM, Key type:RSA, Length:4096, Cert Id:-762436034, Valid from:12/01/12, 10:57 PM, Valid until:12/01/42, 10:57 PM
2021-12-27 13:43:40.329 DEBUG 12572 --- [    Test worker] jdk.event.security                       : X509Certificate: Alg:SHA1withRSA, Serial:0, Subject:OU=Go Daddy Class 2 Certification Authority, O="The Go Daddy Group, Inc.", C=US, Issuer:OU=Go Daddy Class 2 Certification Authority, O="The Go Daddy Group, Inc.", C=US, Key type:RSA, Length:2048, Cert Id:-271444299, Valid from:29/06/04, 10:36 PM, Valid until:29/06/34, 10:36 PM
2021-12-27 13:43:40.332 DEBUG 12572 --- [    Test worker] jdk.event.security                       : X509Certificate: Alg:SHA1withRSA, Serial:95be16a0f72e46f17b398272fa8bcd96, Subject:CN=TeliaSonera Root CA v1, O=TeliaSonera, Issuer:CN=TeliaSonera Root CA v1, O=TeliaSonera, Key type:RSA, Length:4096, Cert Id:1495358374, Valid from:18/10/07, 5:30 PM, Valid until:18/10/32, 5:30 PM
2021-12-27 13:43:40.335 DEBUG 12572 --- [    Test worker] jdk.event.security                       : X509Certificate: Alg:SHA1withRSA, Serial:2ac5c266a0b409b8f0b79f2ae462577, Subject:CN=DigiCert High Assurance EV Root CA, OU=www.digicert.com, O=DigiCert Inc, C=US, Issuer:CN=DigiCert High Assurance EV Root CA, OU=www.digicert.com, O=DigiCert Inc, C=US, Key type:RSA, Length:2048, Cert Id:-1410680354, Valid from:10/11/06, 5:30 AM, Valid until:10/11/31, 5:30 AM
2021-12-27 13:43:40.338 DEBUG 12572 --- [    Test worker] jdk.event.security                       : X509Certificate: Alg:SHA1withRSA, Serial:18acb56afd69b6153a636cafdafac4a1, Subject:CN=GeoTrust Primary Certification Authority, O=GeoTrust Inc., C=US, Issuer:CN=GeoTrust Primary Certification Authority, O=GeoTrust Inc., C=US, Key type:RSA, Length:2048, Cert Id:-965345157, Valid from:27/11/06, 5:30 AM, Valid until:17/07/36, 5:29 AM
2021-12-27 13:43:40.340 DEBUG 12572 --- [    Test worker] jdk.event.security                       : X509Certificate: Alg:SHA256withRSA, Serial:31f5e4620c6c58edd6d8, Subject:CN=emSign Root CA - G1, O=eMudhra Technologies Limited, OU=emSign PKI, C=IN, Issuer:CN=emSign Root CA - G1, O=eMudhra Technologies Limited, OU=emSign PKI, C=IN, Key type:RSA, Length:2048, Cert Id:392709196, Valid from:19/02/18, 12:00 AM, Valid until:19/02/43, 12:00 AM
2021-12-27 13:43:40.342 DEBUG 12572 --- [    Test worker] jdk.event.security                       : X509Certificate: Alg:SHA1withRSA, Serial:1b1fadb620f924d3366bf7c7f18ca059, Subject:OU=Trustis FPS Root CA, O=Trustis Limited, C=GB, Issuer:OU=Trustis FPS Root CA, O=Trustis Limited, C=GB, Key type:RSA, Length:2048, Cert Id:-878780292, Valid from:23/12/03, 5:44 PM, Valid until:21/01/24, 5:06 PM
2021-12-27 13:43:40.344 DEBUG 12572 --- [    Test worker] jdk.event.security                       : X509Certificate: Alg:SHA256withRSA, Serial:2ef59b0228a7db7affd5a3a9eebd03a0cf126a1d, Subject:CN=QuoVadis Root CA 3 G3, O=QuoVadis Limited, C=BM, Issuer:CN=QuoVadis Root CA 3 G3, O=QuoVadis Limited, C=BM, Key type:RSA, Length:4096, Cert Id:-705622991, Valid from:13/01/12, 1:56 AM, Valid until:13/01/42, 1:56 AM
2021-12-27 13:43:40.347 DEBUG 12572 --- [    Test worker] jdk.event.security                       : X509Certificate: Alg:SHA1withRSA, Serial:75622a4e8d48a894df413c8f0f8eaa5, Subject:CN=Secure Global CA, O=SecureTrust Corporation, C=US, Issuer:CN=Secure Global CA, O=SecureTrust Corporation, C=US, Key type:RSA, Length:2048, Cert Id:-1476772975, Valid from:08/11/06, 1:12 AM, Valid until:01/01/30, 1:22 AM
2021-12-27 13:43:40.352 DEBUG 12572 --- [    Test worker] jdk.event.security                       : X509Certificate: Alg:SHA256withECDSA, Serial:2c299c5b16ed0595, Subject:CN=SSL.com EV Root Certification Authority ECC, O=SSL Corporation, L=Houston, ST=Texas, C=US, Issuer:CN=SSL.com EV Root Certification Authority ECC, O=SSL Corporation, L=Houston, ST=Texas, C=US, Key type:EC, Length:384, Cert Id:1789254518, Valid from:12/02/16, 11:45 PM, Valid until:12/02/41, 11:45 PM
2021-12-27 13:43:40.355 DEBUG 12572 --- [    Test worker] jdk.event.security                       : X509Certificate: Alg:SHA256withRSA, Serial:3e8a5d07ec55d232d5b7e3b65f01eb2ddce4d6e4, Subject:CN=SZAFIR ROOT CA2, O=Krajowa Izba Rozliczeniowa S.A., C=PL, Issuer:CN=SZAFIR ROOT CA2, O=Krajowa Izba Rozliczeniowa S.A., C=PL, Key type:RSA, Length:2048, Cert Id:381279303, Valid from:19/10/15, 1:13 PM, Valid until:19/10/35, 1:13 PM
2021-12-27 13:43:40.358 DEBUG 12572 --- [    Test worker] jdk.event.security                       : X509Certificate: Alg:SHA384withECDSA, Serial:3cb2f4480a00e2feeb243b5e603ec36b, Subject:CN=GeoTrust Primary Certification Authority - G2, OU=(c) 2007 GeoTrust Inc. - For authorized use only, O=GeoTrust Inc., C=US, Issuer:CN=GeoTrust Primary Certification Authority - G2, OU=(c) 2007 GeoTrust Inc. - For authorized use only, O=GeoTrust Inc., C=US, Key type:EC, Length:384, Cert Id:-1114303822, Valid from:05/11/07, 5:30 AM, Valid until:19/01/38, 5:29 AM
2021-12-27 13:43:40.362 DEBUG 12572 --- [    Test worker] jdk.event.security                       : X509Certificate: Alg:SHA1withRSA, Serial:53ec3beefbb2485f, Subject:CN=Autoridad de Certificacion Firmaprofesional CIF A62634068, C=ES, Issuer:CN=Autoridad de Certificacion Firmaprofesional CIF A62634068, C=ES, Key type:RSA, Length:4096, Cert Id:692250759, Valid from:20/05/09, 2:08 PM, Valid until:31/12/30, 2:08 PM
2021-12-27 13:43:40.365 DEBUG 12572 --- [    Test worker] jdk.event.security                       : X509Certificate: Alg:SHA1withRSA, Serial:1, Subject:CN=SecureSign RootCA11, O="Japan Certification Services, Inc.", C=JP, Issuer:CN=SecureSign RootCA11, O="Japan Certification Services, Inc.", C=JP, Key type:RSA, Length:2048, Cert Id:2079057034, Valid from:08/04/09, 10:26 AM, Valid until:08/04/29, 10:26 AM
2021-12-27 13:43:40.368 DEBUG 12572 --- [    Test worker] jdk.event.security                       : X509Certificate: Alg:SHA256withRSA, Serial:15ac6e9419b2794b41f627a9c3180f1f, Subject:CN=GeoTrust Primary Certification Authority - G3, OU=(c) 2008 GeoTrust Inc. - For authorized use only, O=GeoTrust Inc., C=US, Issuer:CN=GeoTrust Primary Certification Authority - G3, OU=(c) 2008 GeoTrust Inc. - For authorized use only, O=GeoTrust Inc., C=US, Key type:RSA, Length:2048, Cert Id:-1330153758, Valid from:02/04/08, 5:30 AM, Valid until:02/12/37, 5:29 AM
2021-12-27 13:43:40.370 DEBUG 12572 --- [    Test worker] jdk.event.security                       : X509Certificate: Alg:SHA256withRSA, Serial:b931c3ad63967ea6723bfc3af9af44b, Subject:CN=DigiCert Assured ID Root G2, OU=www.digicert.com, O=DigiCert Inc, C=US, Issuer:CN=DigiCert Assured ID Root G2, OU=www.digicert.com, O=DigiCert Inc, C=US, Key type:RSA, Length:2048, Cert Id:-385398383, Valid from:01/08/13, 5:30 PM, Valid until:15/01/38, 5:30 PM
2021-12-27 13:43:40.372 DEBUG 12572 --- [    Test worker] jdk.event.security                       : X509Certificate: Alg:SHA256withRSA, Serial:8210cfb0d240e3594463e0bb63828b00, Subject:CN=ISRG Root X1, O=Internet Security Research Group, C=US, Issuer:CN=ISRG Root X1, O=Internet Security Research Group, C=US, Key type:RSA, Length:4096, Cert Id:1521974916, Valid from:04/06/15, 4:34 PM, Valid until:04/06/35, 4:34 PM
2021-12-27 13:43:40.378 DEBUG 12572 --- [    Test worker] jdk.event.security                       : X509Certificate: Alg:SHA1withRSA, Serial:1, Subject:CN=GeoTrust Universal CA 2, O=GeoTrust Inc., C=US, Issuer:CN=GeoTrust Universal CA 2, O=GeoTrust Inc., C=US, Key type:RSA, Length:4096, Cert Id:-1956088749, Valid from:04/03/04, 10:30 AM, Valid until:04/03/29, 10:30 AM
2021-12-27 13:43:40.381 DEBUG 12572 --- [    Test worker] jdk.event.security                       : X509Certificate: Alg:SHA1withRSA, Serial:83be056904246b1a1756ac95991c74a, Subject:CN=DigiCert Global Root CA, OU=www.digicert.com, O=DigiCert Inc, C=US, Issuer:CN=DigiCert Global Root CA, OU=www.digicert.com, O=DigiCert Inc, C=US, Key type:RSA, Length:2048, Cert Id:1341898239, Valid from:10/11/06, 5:30 AM, Valid until:10/11/31, 5:30 AM
2021-12-27 13:43:40.383 DEBUG 12572 --- [    Test worker] jdk.event.security                       : X509Certificate: Alg:SHA256withRSA, Serial:1, Subject:CN=T-TeleSec GlobalRoot Class 2, OU=T-Systems Trust Center, O=T-Systems Enterprise Services GmbH, C=DE, Issuer:CN=T-TeleSec GlobalRoot Class 2, OU=T-Systems Trust Center, O=T-Systems Enterprise Services GmbH, C=DE, Key type:RSA, Length:2048, Cert Id:-1238464039, Valid from:01/10/08, 4:10 PM, Valid until:02/10/33, 5:29 AM
2021-12-27 13:43:40.386 DEBUG 12572 --- [    Test worker] jdk.event.security                       : X509Certificate: Alg:SHA1withRSA, Serial:0, Subject:OU=Starfield Class 2 Certification Authority, O="Starfield Technologies, Inc.", C=US, Issuer:OU=Starfield Class 2 Certification Authority, O="Starfield Technologies, Inc.", C=US, Key type:RSA, Length:2048, Cert Id:1825617644, Valid from:29/06/04, 11:09 PM, Valid until:29/06/34, 11:09 PM
2021-12-27 13:43:40.389 DEBUG 12572 --- [    Test worker] jdk.event.security                       : X509Certificate: Alg:SHA256withRSA, Serial:98968d, Subject:CN=Staat der Nederlanden EV Root CA, O=Staat der Nederlanden, C=NL, Issuer:CN=Staat der Nederlanden EV Root CA, O=Staat der Nederlanden, C=NL, Key type:RSA, Length:4096, Cert Id:1444801426, Valid from:08/12/10, 4:49 PM, Valid until:08/12/22, 4:40 PM
2021-12-27 13:43:40.392 DEBUG 12572 --- [    Test worker] jdk.event.security                       : X509Certificate: Alg:SHA256withRSA, Serial:7b2c9bd316803299, Subject:CN=SSL.com Root Certification Authority RSA, O=SSL Corporation, L=Houston, ST=Texas, C=US, Issuer:CN=SSL.com Root Certification Authority RSA, O=SSL Corporation, L=Houston, ST=Texas, C=US, Key type:RSA, Length:4096, Cert Id:156725711, Valid from:12/02/16, 11:09 PM, Valid until:12/02/41, 11:09 PM
2021-12-27 13:43:40.395 DEBUG 12572 --- [    Test worker] jdk.event.security                       : X509Certificate: Alg:SHA256withRSA, Serial:0, Subject:CN=Hellenic Academic and Research Institutions RootCA 2015, O=Hellenic Academic and Research Institutions Cert. Authority, L=Athens, C=GR, Issuer:CN=Hellenic Academic and Research Institutions RootCA 2015, O=Hellenic Academic and Research Institutions Cert. Authority, L=Athens, C=GR, Key type:RSA, Length:4096, Cert Id:-802976731, Valid from:07/07/15, 3:41 PM, Valid until:30/06/40, 3:41 PM
2021-12-27 13:43:40.397 DEBUG 12572 --- [    Test worker] jdk.event.security                       : X509Certificate: Alg:SHA256withRSA, Serial:0, Subject:CN=Starfield Services Root Certificate Authority - G2, O="Starfield Technologies, Inc.", L=Scottsdale, ST=Arizona, C=US, Issuer:CN=Starfield Services Root Certificate Authority - G2, O="Starfield Technologies, Inc.", L=Scottsdale, ST=Arizona, C=US, Key type:RSA, Length:2048, Cert Id:1964785574, Valid from:01/09/09, 5:30 AM, Valid until:01/01/38, 5:29 AM
2021-12-27 13:43:40.400 DEBUG 12572 --- [    Test worker] jdk.event.security                       : X509Certificate: Alg:SHA256withRSA, Serial:570a119742c4e3cc, Subject:CN=Actalis Authentication Root CA, O=Actalis S.p.A./03358520967, L=Milan, C=IT, Issuer:CN=Actalis Authentication Root CA, O=Actalis S.p.A./03358520967, L=Milan, C=IT, Key type:RSA, Length:4096, Cert Id:1729119956, Valid from:22/09/11, 4:52 PM, Valid until:22/09/30, 4:52 PM
2021-12-27 13:43:40.402 DEBUG 12572 --- [    Test worker] jdk.event.security                       : X509Certificate: Alg:SHA256withRSA, Serial:1, Subject:CN=TUBITAK Kamu SM SSL Kok Sertifikasi - Surum 1, OU=Kamu Sertifikasyon Merkezi - Kamu SM, O=Turkiye Bilimsel ve Teknolojik Arastirma Kurumu - TUBITAK, L=Gebze - Kocaeli, C=TR, Issuer:CN=TUBITAK Kamu SM SSL Kok Sertifikasi - Surum 1, OU=Kamu Sertifikasyon Merkezi - Kamu SM, O=Turkiye Bilimsel ve Teknolojik Arastirma Kurumu - TUBITAK, L=Gebze - Kocaeli, C=TR, Key type:RSA, Length:2048, Cert Id:1093603654, Valid from:25/11/13, 1:55 PM, Valid until:25/10/43, 1:55 PM
2021-12-27 13:43:40.404 DEBUG 12572 --- [    Test worker] jdk.event.security                       : X509Certificate: Alg:SHA384withRSA, Serial:45e6bb038333c3856548e6ff4551, Subject:CN=GlobalSign, O=GlobalSign, OU=GlobalSign Root CA - R6, Issuer:CN=GlobalSign, O=GlobalSign, OU=GlobalSign Root CA - R6, Key type:RSA, Length:4096, Cert Id:-506627753, Valid from:10/12/14, 5:30 AM, Valid until:10/12/34, 5:30 AM
2021-12-27 13:43:40.407 DEBUG 12572 --- [    Test worker] jdk.event.security                       : X509Certificate: Alg:SHA384withECDSA, Serial:7497258ac73f7a54, Subject:CN=AffirmTrust Premium ECC, O=AffirmTrust, C=US, Issuer:CN=AffirmTrust Premium ECC, O=AffirmTrust, C=US, Key type:EC, Length:384, Cert Id:-2080363786, Valid from:29/01/10, 7:50 PM, Valid until:31/12/40, 7:50 PM
2021-12-27 13:43:40.410 DEBUG 12572 --- [    Test worker] jdk.event.security                       : X509Certificate: Alg:SHA256withRSA, Serial:4000000000121585308a2, Subject:CN=GlobalSign, O=GlobalSign, OU=GlobalSign Root CA - R3, Issuer:CN=GlobalSign, O=GlobalSign, OU=GlobalSign Root CA - R3, Key type:RSA, Length:2048, Cert Id:733875591, Valid from:18/03/09, 3:30 PM, Valid until:18/03/29, 3:30 PM
2021-12-27 13:43:40.412 DEBUG 12572 --- [    Test worker] jdk.event.security                       : X509Certificate: Alg:SHA1withRSA, Serial:400000000010f8626e60d, Subject:CN=GlobalSign, O=GlobalSign, OU=GlobalSign Root CA - R2, Issuer:CN=GlobalSign, O=GlobalSign, OU=GlobalSign Root CA - R2, Key type:RSA, Length:2048, Cert Id:7087067, Valid from:15/12/06, 1:30 PM, Valid until:15/12/21, 1:30 PM
2021-12-27 13:43:40.415 DEBUG 12572 --- [    Test worker] jdk.event.security                       : X509Certificate: Alg:SHA256withECDSA, Serial:75e6dfcbc1685ba8, Subject:CN=SSL.com Root Certification Authority ECC, O=SSL Corporation, L=Houston, ST=Texas, C=US, Issuer:CN=SSL.com Root Certification Authority ECC, O=SSL Corporation, L=Houston, ST=Texas, C=US, Key type:EC, Length:384, Cert Id:-1368293613, Valid from:12/02/16, 11:44 PM, Valid until:12/02/41, 11:44 PM
2021-12-27 13:43:40.418 DEBUG 12572 --- [    Test worker] jdk.event.security                       : X509Certificate: Alg:SHA384withRSA, Serial:6d8c1446b1a60aee, Subject:CN=AffirmTrust Premium, O=AffirmTrust, C=US, Issuer:CN=AffirmTrust Premium, O=AffirmTrust, C=US, Key type:RSA, Length:4096, Cert Id:-2130283955, Valid from:29/01/10, 7:40 PM, Valid until:31/12/40, 7:40 PM
2021-12-27 13:43:40.421 DEBUG 12572 --- [    Test worker] jdk.event.security                       : X509Certificate: Alg:SHA256withRSA, Serial:4a538c28, Subject:CN=Entrust Root Certification Authority - G2, OU="(c) 2009 Entrust, Inc. - for authorized use only", OU=See www.entrust.net/legal-terms, O="Entrust, Inc.", C=US, Issuer:CN=Entrust Root Certification Authority - G2, OU="(c) 2009 Entrust, Inc. - for authorized use only", OU=See www.entrust.net/legal-terms, O="Entrust, Inc.", C=US, Key type:RSA, Length:2048, Cert Id:1936920337, Valid from:07/07/09, 10:55 PM, Valid until:07/12/30, 11:25 PM
2021-12-27 13:43:40.424 DEBUG 12572 --- [    Test worker] jdk.event.security                       : X509Certificate: Alg:SHA256withRSA, Serial:7d0997fef047ea7a, Subject:CN=GDCA TrustAUTH R5 ROOT, O="GUANG DONG CERTIFICATE AUTHORITY CO.,LTD.", C=CN, Issuer:CN=GDCA TrustAUTH R5 ROOT, O="GUANG DONG CERTIFICATE AUTHORITY CO.,LTD.", C=CN, Key type:RSA, Length:4096, Cert Id:494136981, Valid from:26/11/14, 10:43 AM, Valid until:31/12/40, 9:29 PM
2021-12-27 13:43:40.427 DEBUG 12572 --- [    Test worker] jdk.event.security                       : X509Certificate: Alg:SHA256withRSA, Serial:25a1dfca33cb5902, Subject:CN=TrustCor RootCert CA-2, OU=TrustCor Certificate Authority, O=TrustCor Systems S. de R.L., L=Panama City, ST=Panama, C=PA, Issuer:CN=TrustCor RootCert CA-2, OU=TrustCor Certificate Authority, O=TrustCor Systems S. de R.L., L=Panama City, ST=Panama, C=PA, Key type:RSA, Length:4096, Cert Id:1646661199, Valid from:04/02/16, 6:02 PM, Valid until:31/12/34, 10:56 PM
2021-12-27 13:43:40.430 DEBUG 12572 --- [    Test worker] jdk.event.security                       : X509Certificate: Alg:SHA256withRSA, Serial:da9bec71f303b019, Subject:CN=TrustCor RootCert CA-1, OU=TrustCor Certificate Authority, O=TrustCor Systems S. de R.L., L=Panama City, ST=Panama, C=PA, Issuer:CN=TrustCor RootCert CA-1, OU=TrustCor Certificate Authority, O=TrustCor Systems S. de R.L., L=Panama City, ST=Panama, C=PA, Key type:RSA, Length:2048, Cert Id:1332877130, Valid from:04/02/16, 6:02 PM, Valid until:31/12/29, 10:53 PM
2021-12-27 13:43:40.433 DEBUG 12572 --- [    Test worker] jdk.event.security                       : X509Certificate: Alg:SHA256withRSA, Serial:56b629cd34bc78f6, Subject:CN=SSL.com EV Root Certification Authority RSA R2, O=SSL Corporation, L=Houston, ST=Texas, C=US, Issuer:CN=SSL.com EV Root Certification Authority RSA R2, O=SSL Corporation, L=Houston, ST=Texas, C=US, Key type:RSA, Length:4096, Cert Id:1381862403, Valid from:31/05/17, 11:44 PM, Valid until:30/05/42, 11:44 PM
2021-12-27 13:43:40.435 DEBUG 12572 --- [    Test worker] jdk.event.security                       : X509Certificate: Alg:SHA384withECDSA, Serial:3cf607a968700eda8b84, Subject:CN=emSign ECC Root CA - G3, O=eMudhra Technologies Limited, OU=emSign PKI, C=IN, Issuer:CN=emSign ECC Root CA - G3, O=eMudhra Technologies Limited, OU=emSign PKI, C=IN, Key type:EC, Length:384, Cert Id:-462931589, Valid from:19/02/18, 12:00 AM, Valid until:19/02/43, 12:00 AM
2021-12-27 13:43:40.439 DEBUG 12572 --- [    Test worker] jdk.event.security                       : X509Certificate: Alg:SHA256withRSA, Serial:5c33cb622c5fb332, Subject:C=DE, O=Atos, CN=Atos TrustedRoot 2011, Issuer:C=DE, O=Atos, CN=Atos TrustedRoot 2011, Key type:RSA, Length:2048, Cert Id:-28528624, Valid from:07/07/11, 8:28 PM, Valid until:01/01/31, 5:29 AM
2021-12-27 13:43:40.442 DEBUG 12572 --- [    Test worker] jdk.event.security                       : X509Certificate: Alg:SHA1withRSA, Serial:-11d4c2142bde21eb579d53fb0c223bff, Subject:CN=EC-ACC, OU=Jerarquia Entitats de Certificacio Catalanes, OU=Vegeu https://www.catcert.net/verarrel (c)03, OU=Serveis Publics de Certificacio, O=Agencia Catalana de Certificacio (NIF Q-0801176-I), C=ES, Issuer:CN=EC-ACC, OU=Jerarquia Entitats de Certificacio Catalanes, OU=Vegeu https://www.catcert.net/verarrel (c)03, OU=Serveis Publics de Certificacio, O=Agencia Catalana de Certificacio (NIF Q-0801176-I), C=ES, Key type:RSA, Length:2048, Cert Id:1077306647, Valid from:08/01/03, 4:30 AM, Valid until:08/01/31, 4:29 AM
2021-12-27 13:43:40.445 DEBUG 12572 --- [    Test worker] jdk.event.security                       : X509Certificate: Alg:SHA256withRSA, Serial:cae91b89f155030da3e6416dc4e3a6e1, Subject:CN=Certigna Root CA, OU=0002 48146308100036, O=Dhimyotis, C=FR, Issuer:CN=Certigna Root CA, OU=0002 48146308100036, O=Dhimyotis, C=FR, Key type:RSA, Length:4096, Cert Id:356684591, Valid from:01/10/13, 2:02 PM, Valid until:01/10/33, 2:02 PM
2021-12-27 13:43:40.447 DEBUG 12572 --- [    Test worker] jdk.event.security                       : X509Certificate: Alg:SHA1withRSA, Serial:4f1bd42f54bb2f4b, Subject:CN=SwissSign Silver CA - G2, O=SwissSign AG, C=CH, Issuer:CN=SwissSign Silver CA - G2, O=SwissSign AG, C=CH, Key type:RSA, Length:4096, Cert Id:126726124, Valid from:25/10/06, 2:02 PM, Valid until:25/10/36, 2:02 PM
2021-12-27 13:43:40.449 DEBUG 12572 --- [    Test worker] jdk.event.security                       : X509Certificate: Alg:SHA384withECDSA, Serial:1f47afaa62007050544c019e9b63992a, Subject:CN=COMODO ECC Certification Authority, O=COMODO CA Limited, L=Salford, ST=Greater Manchester, C=GB, Issuer:CN=COMODO ECC Certification Authority, O=COMODO CA Limited, L=Salford, ST=Greater Manchester, C=GB, Key type:EC, Length:384, Cert Id:1146488932, Valid from:06/03/08, 5:30 AM, Valid until:19/01/38, 5:29 AM
2021-12-27 13:43:40.452 DEBUG 12572 --- [    Test worker] jdk.event.security                       : X509Certificate: Alg:SHA256withRSA, Serial:92b888dbb08ac163, Subject:CN=CA Disig Root R2, O=Disig a.s., L=Bratislava, C=SK, Issuer:CN=CA Disig Root R2, O=Disig a.s., L=Bratislava, C=SK, Key type:RSA, Length:4096, Cert Id:747175721, Valid from:19/07/12, 2:45 PM, Valid until:19/07/42, 2:45 PM
2021-12-27 13:43:40.457 DEBUG 12572 --- [    Test worker] jdk.event.security                       : X509Certificate: Alg:SHA1withRSA, Serial:23456, Subject:CN=GeoTrust Global CA, O=GeoTrust Inc., C=US, Issuer:CN=GeoTrust Global CA, O=GeoTrust Inc., C=US, Key type:RSA, Length:2048, Cert Id:-2028617374, Valid from:21/05/02, 9:30 AM, Valid until:21/05/22, 9:30 AM
2021-12-27 13:43:40.460 DEBUG 12572 --- [    Test worker] jdk.event.security                       : X509Certificate: Alg:SHA256withRSA, Serial:0, Subject:CN=Starfield Root Certificate Authority - G2, O="Starfield Technologies, Inc.", L=Scottsdale, ST=Arizona, C=US, Issuer:CN=Starfield Root Certificate Authority - G2, O="Starfield Technologies, Inc.", L=Scottsdale, ST=Arizona, C=US, Key type:RSA, Length:2048, Cert Id:-1026641587, Valid from:01/09/09, 5:30 AM, Valid until:01/01/38, 5:29 AM
2021-12-27 13:43:40.461 DEBUG 12572 --- [    Test worker] jdk.event.security                       : X509Certificate: Alg:SHA384withECDSA, Serial:605949e0262ebb55f90a778a71f94ad86c, Subject:CN=GlobalSign, O=GlobalSign, OU=GlobalSign ECC Root CA - R5, Issuer:CN=GlobalSign, O=GlobalSign, OU=GlobalSign ECC Root CA - R5, Key type:EC, Length:384, Cert Id:1997048439, Valid from:13/11/12, 5:30 AM, Valid until:19/01/38, 8:44 AM
2021-12-27 13:43:40.463 DEBUG 12572 --- [    Test worker] jdk.event.security                       : X509Certificate: Alg:SHA256withECDSA, Serial:2a38a41c960a04de42b228a50be8349802, Subject:CN=GlobalSign, O=GlobalSign, OU=GlobalSign ECC Root CA - R4, Issuer:CN=GlobalSign, O=GlobalSign, OU=GlobalSign ECC Root CA - R4, Key type:EC, Length:256, Cert Id:-1923273545, Valid from:13/11/12, 5:30 AM, Valid until:19/01/38, 8:44 AM
2021-12-27 13:43:40.465 DEBUG 12572 --- [    Test worker] jdk.event.security                       : X509Certificate: Alg:SHA256withECDSA, Serial:0, Subject:CN=Hellenic Academic and Research Institutions ECC RootCA 2015, O=Hellenic Academic and Research Institutions Cert. Authority, L=Athens, C=GR, Issuer:CN=Hellenic Academic and Research Institutions ECC RootCA 2015, O=Hellenic Academic and Research Institutions Cert. Authority, L=Athens, C=GR, Key type:EC, Length:384, Cert Id:513613456, Valid from:07/07/15, 4:07 PM, Valid until:30/06/40, 4:07 PM
2021-12-27 13:43:40.467 DEBUG 12572 --- [    Test worker] jdk.event.security                       : X509Certificate: Alg:SHA256withRSA, Serial:84822c5f1c62d040, Subject:CN=TrustCor ECA-1, OU=TrustCor Certificate Authority, O=TrustCor Systems S. de R.L., L=Panama City, ST=Panama, C=PA, Issuer:CN=TrustCor ECA-1, OU=TrustCor Certificate Authority, O=TrustCor Systems S. de R.L., L=Panama City, ST=Panama, C=PA, Key type:RSA, Length:2048, Cert Id:1382581529, Valid from:04/02/16, 6:02 PM, Valid until:31/12/29, 10:58 PM
2021-12-27 13:43:40.468 DEBUG 12572 --- [    Test worker] jdk.event.security                       : X509Certificate: Alg:SHA256withRSA, Serial:a0142800000014523cf467c00000002, Subject:CN=IdenTrust Public Sector Root CA 1, O=IdenTrust, C=US, Issuer:CN=IdenTrust Public Sector Root CA 1, O=IdenTrust, C=US, Key type:RSA, Length:4096, Cert Id:2123370772, Valid from:16/01/14, 11:23 PM, Valid until:16/01/34, 11:23 PM
2021-12-27 13:43:40.470 DEBUG 12572 --- [    Test worker] jdk.event.security                       : X509Certificate: Alg:SHA1withRSA, Serial:a3da427ea4b1aeda, Subject:CN=Chambers of Commerce Root - 2008, O=AC Camerfirma S.A., SERIALNUMBER=A82743287, L=Madrid (see current address at www.camerfirma.com/address), C=EU, Issuer:CN=Chambers of Commerce Root - 2008, O=AC Camerfirma S.A., SERIALNUMBER=A82743287, L=Madrid (see current address at www.camerfirma.com/address), C=EU, Key type:RSA, Length:4096, Cert Id:-28263924, Valid from:01/08/08, 5:59 PM, Valid until:31/07/38, 5:59 PM
2021-12-27 13:43:40.472 DEBUG 12572 --- [    Test worker] jdk.event.security                       : X509Certificate: Alg:SHA256withRSA, Serial:2, Subject:CN=Buypass Class 2 Root CA, O=Buypass AS-983163327, C=NO, Issuer:CN=Buypass Class 2 Root CA, O=Buypass AS-983163327, C=NO, Key type:RSA, Length:4096, Cert Id:969960563, Valid from:26/10/10, 2:08 PM, Valid until:26/10/40, 2:08 PM
2021-12-27 13:43:40.474 DEBUG 12572 --- [    Test worker] jdk.event.security                       : X509Certificate: Alg:SHA1withRSA, Serial:c9cdd3e9d57d23ce, Subject:CN=Global Chambersign Root - 2008, O=AC Camerfirma S.A., SERIALNUMBER=A82743287, L=Madrid (see current address at www.camerfirma.com/address), C=EU, Issuer:CN=Global Chambersign Root - 2008, O=AC Camerfirma S.A., SERIALNUMBER=A82743287, L=Madrid (see current address at www.camerfirma.com/address), C=EU, Key type:RSA, Length:4096, Cert Id:1271252776, Valid from:01/08/08, 6:01 PM, Valid until:31/07/38, 6:01 PM
2021-12-27 13:43:40.476 DEBUG 12572 --- [    Test worker] jdk.event.security                       : X509Certificate: Alg:SHA256withRSA, Serial:a7ea6df4b449eda6a24859ee6b815d3167fbbb1, Subject:CN=LuxTrust Global Root 2, O=LuxTrust S.A., C=LU, Issuer:CN=LuxTrust Global Root 2, O=LuxTrust S.A., C=LU, Key type:RSA, Length:4096, Cert Id:-1239330694, Valid from:05/03/15, 6:51 PM, Valid until:05/03/35, 6:51 PM
2021-12-27 13:43:40.479 DEBUG 12572 --- [    Test worker] jdk.event.security                       : X509Certificate: Alg:SHA1withRSA, Serial:50946cec18ead59c4dd597ef758fa0ad, Subject:CN=XRamp Global Certification Authority, O=XRamp Security Services Inc, OU=www.xrampsecurity.com, C=US, Issuer:CN=XRamp Global Certification Authority, O=XRamp Security Services Inc, OU=www.xrampsecurity.com, C=US, Key type:RSA, Length:2048, Cert Id:-952474086, Valid from:01/11/04, 10:44 PM, Valid until:01/01/35, 11:07 AM
2021-12-27 13:43:40.481 DEBUG 12572 --- [    Test worker] jdk.event.security                       : X509Certificate: Alg:SHA1withRSA, Serial:15c8bd65475cafb897005ee406d2bc9d, Subject:OU=ePKI Root Certification Authority, O="Chunghwa Telecom Co., Ltd.", C=TW, Issuer:OU=ePKI Root Certification Authority, O="Chunghwa Telecom Co., Ltd.", C=TW, Key type:RSA, Length:4096, Cert Id:-662636137, Valid from:20/12/04, 8:01 AM, Valid until:20/12/34, 8:01 AM
2021-12-27 13:43:40.483 DEBUG 12572 --- [    Test worker] jdk.event.security                       : X509Certificate: Alg:SHA1withRSA, Serial:fedce3010fc948ff, Subject:CN=Certigna, O=Dhimyotis, C=FR, Issuer:CN=Certigna, O=Dhimyotis, C=FR, Key type:RSA, Length:2048, Cert Id:-788091456, Valid from:29/06/07, 8:43 PM, Valid until:29/06/27, 8:43 PM
2021-12-27 13:43:40.485 DEBUG 12572 --- [    Test worker] jdk.event.security                       : X509Certificate: Alg:SHA256withRSA, Serial:184accd6, Subject:CN=CFCA EV ROOT, O=China Financial Certification Authority, C=CN, Issuer:CN=CFCA EV ROOT, O=China Financial Certification Authority, C=CN, Key type:RSA, Length:4096, Cert Id:551407782, Valid from:08/08/12, 8:37 AM, Valid until:31/12/29, 8:37 AM
2021-12-27 13:43:40.488 DEBUG 12572 --- [    Test worker] jdk.event.security                       : X509Certificate: Alg:SHA256withRSA, Serial:aecf00bac4cf32f843b2, Subject:CN=emSign Root CA - C1, O=eMudhra Inc, OU=emSign PKI, C=US, Issuer:CN=emSign Root CA - C1, O=eMudhra Inc, OU=emSign PKI, C=US, Key type:RSA, Length:2048, Cert Id:-1268863356, Valid from:19/02/18, 12:00 AM, Valid until:19/02/43, 12:00 AM
2021-12-27 13:43:40.489 DEBUG 12572 --- [    Test worker] jdk.event.security                       : X509Certificate: Alg:SHA256withRSA, Serial:445734245b81899b35f2ceb82b3b5ba726f07528, Subject:CN=QuoVadis Root CA 2 G3, O=QuoVadis Limited, C=BM, Issuer:CN=QuoVadis Root CA 2 G3, O=QuoVadis Limited, C=BM, Key type:RSA, Length:4096, Cert Id:696763521, Valid from:13/01/12, 12:29 AM, Valid until:13/01/42, 12:29 AM
2021-12-27 13:43:40.490 DEBUG 12572 --- [    Test worker] jdk.event.security                       : X509Certificate: Alg:SHA256withRSA, Serial:33af1e6a711a9a0bb2864b11d09fae5, Subject:CN=DigiCert Global Root G2, OU=www.digicert.com, O=DigiCert Inc, C=US, Issuer:CN=DigiCert Global Root G2, OU=www.digicert.com, O=DigiCert Inc, C=US, Key type:RSA, Length:2048, Cert Id:1136084297, Valid from:01/08/13, 5:30 PM, Valid until:15/01/38, 5:30 PM
2021-12-27 13:43:40.492 DEBUG 12572 --- [    Test worker] jdk.event.security                       : X509Certificate: Alg:SHA1withRSA, Serial:444c0, Subject:CN=Certum Trusted Network CA, OU=Certum Certification Authority, O=Unizeto Technologies S.A., C=PL, Issuer:CN=Certum Trusted Network CA, OU=Certum Certification Authority, O=Unizeto Technologies S.A., C=PL, Key type:RSA, Length:2048, Cert Id:2014002193, Valid from:22/10/08, 5:37 PM, Valid until:31/12/29, 5:37 PM
2021-12-27 13:43:40.493 DEBUG 12572 --- [    Test worker] jdk.event.security                       : X509Certificate: Alg:SHA1withRSA, Serial:1d, Subject:CN=Sonera Class2 CA, O=Sonera, C=FI, Issuer:CN=Sonera Class2 CA, O=Sonera, C=FI, Key type:RSA, Length:2048, Cert Id:-572101437, Valid from:06/04/01, 12:59 PM, Valid until:06/04/21, 12:59 PM
2021-12-27 13:43:40.497 DEBUG 12572 --- [    Test worker] jdk.event.security                       : X509Certificate: Alg:SHA384withECDSA, Serial:55556bcf25ea43535c3a40fd5ab4572, Subject:CN=DigiCert Global Root G3, OU=www.digicert.com, O=DigiCert Inc, C=US, Issuer:CN=DigiCert Global Root G3, OU=www.digicert.com, O=DigiCert Inc, C=US, Key type:EC, Length:384, Cert Id:-795968543, Valid from:01/08/13, 5:30 PM, Valid until:15/01/38, 5:30 PM
2021-12-27 13:43:40.499 DEBUG 12572 --- [    Test worker] jdk.event.security                       : X509Certificate: Alg:SHA256withRSA, Serial:0, Subject:OU=Security Communication RootCA2, O="SECOM Trust Systems CO.,LTD.", C=JP, Issuer:OU=Security Communication RootCA2, O="SECOM Trust Systems CO.,LTD.", C=JP, Key type:RSA, Length:2048, Cert Id:1521072570, Valid from:29/05/09, 10:30 AM, Valid until:29/05/29, 10:30 AM
2021-12-27 13:43:40.500 DEBUG 12572 --- [    Test worker] jdk.event.security                       : X509Certificate: Alg:SHA1withRSA, Serial:1, Subject:CN=AAA Certificate Services, O=Comodo CA Limited, L=Salford, ST=Greater Manchester, C=GB, Issuer:CN=AAA Certificate Services, O=Comodo CA Limited, L=Salford, ST=Greater Manchester, C=GB, Key type:RSA, Length:2048, Cert Id:-1197580894, Valid from:01/01/04, 5:30 AM, Valid until:01/01/29, 5:29 AM
2021-12-27 13:43:40.503 DEBUG 12572 --- [    Test worker] jdk.event.security                       : X509Certificate: Alg:SHA1withRSA, Serial:0, Subject:CN=Chambers of Commerce Root, OU=http://www.chambersign.org, O=AC Camerfirma SA CIF A82743287, C=EU, Issuer:CN=Chambers of Commerce Root, OU=http://www.chambersign.org, O=AC Camerfirma SA CIF A82743287, C=EU, Key type:RSA, Length:2048, Cert Id:1827306452, Valid from:30/09/03, 9:43 PM, Valid until:30/09/37, 9:43 PM
2021-12-27 13:43:40.507 DEBUG 12572 --- [    Test worker] jdk.event.security                       : X509Certificate: Alg:SHA1withRSA, Serial:3ab6508b, Subject:CN=QuoVadis Root Certification Authority, OU=Root Certification Authority, O=QuoVadis Limited, C=BM, Issuer:CN=QuoVadis Root Certification Authority, OU=Root Certification Authority, O=QuoVadis Limited, C=BM, Key type:RSA, Length:2048, Cert Id:-1882405602, Valid from:20/03/01, 12:03 AM, Valid until:18/03/21, 12:03 AM
2021-12-27 13:43:40.508 DEBUG 12572 --- [    Test worker] jdk.event.security                       : X509Certificate: Alg:SHA384withECDSA, Serial:66c9fd7c1bb104c2943e5717b7b2cc81ac10e, Subject:CN=Amazon Root CA 4, O=Amazon, C=US, Issuer:CN=Amazon Root CA 4, O=Amazon, C=US, Key type:EC, Length:384, Cert Id:-1654272513, Valid from:26/05/15, 5:30 AM, Valid until:26/05/40, 5:30 AM
2021-12-27 13:43:40.510 DEBUG 12572 --- [    Test worker] jdk.event.security                       : X509Certificate: Alg:SHA384withECDSA, Serial:212a560caeda0cab4045bf2ba22d3aea, Subject:CN=OISTE WISeKey Global Root GC CA, OU=OISTE Foundation Endorsed, O=WISeKey, C=CH, Issuer:CN=OISTE WISeKey Global Root GC CA, OU=OISTE Foundation Endorsed, O=WISeKey, C=CH, Key type:EC, Length:384, Cert Id:-1513165457, Valid from:09/05/17, 3:18 PM, Valid until:09/05/42, 3:28 PM
2021-12-27 13:43:40.513 DEBUG 12572 --- [    Test worker] jdk.event.security                       : X509Certificate: Alg:SHA1withRSA, Serial:9b7e0649a33e62b9d5ee90487129ef57, Subject:CN=VeriSign Class 3 Public Primary Certification Authority - G3, OU="(c) 1999 VeriSign, Inc. - For authorized use only", OU=VeriSign Trust Network, O="VeriSign, Inc.", C=US, Issuer:CN=VeriSign Class 3 Public Primary Certification Authority - G3, OU="(c) 1999 VeriSign, Inc. - For authorized use only", OU=VeriSign Trust Network, O="VeriSign, Inc.", C=US, Key type:RSA, Length:2048, Cert Id:2057300190, Valid from:01/10/99, 5:30 AM, Valid until:17/07/36, 5:29 AM
2021-12-27 13:43:40.515 DEBUG 12572 --- [    Test worker] jdk.event.security                       : X509Certificate: Alg:SHA384withRSA, Serial:1fd6d30fca3ca51a81bbc640e35032d, Subject:CN=USERTrust RSA Certification Authority, O=The USERTRUST Network, L=Jersey City, ST=New Jersey, C=US, Issuer:CN=USERTrust RSA Certification Authority, O=The USERTRUST Network, L=Jersey City, ST=New Jersey, C=US, Key type:RSA, Length:4096, Cert Id:-347365895, Valid from:01/02/10, 5:30 AM, Valid until:19/01/38, 5:29 AM
2021-12-27 13:43:40.517 DEBUG 12572 --- [    Test worker] jdk.event.security                       : X509Certificate: Alg:SHA1withRSA, Serial:57cb336fc25c16e6471617e3903168e0, Subject:CN=Network Solutions Certificate Authority, O=Network Solutions L.L.C., C=US, Issuer:CN=Network Solutions Certificate Authority, O=Network Solutions L.L.C., C=US, Key type:RSA, Length:2048, Cert Id:1751576863, Valid from:01/12/06, 5:30 AM, Valid until:01/01/30, 5:29 AM
2021-12-27 13:43:40.520 DEBUG 12572 --- [    Test worker] jdk.event.security                       : X509Certificate: Alg:SHA256withRSA, Serial:1, Subject:CN=T-TeleSec GlobalRoot Class 3, OU=T-Systems Trust Center, O=T-Systems Enterprise Services GmbH, C=DE, Issuer:CN=T-TeleSec GlobalRoot Class 3, OU=T-Systems Trust Center, O=T-Systems Enterprise Services GmbH, C=DE, Key type:RSA, Length:2048, Cert Id:1894096264, Valid from:01/10/08, 3:59 PM, Valid until:02/10/33, 5:29 AM
2021-12-27 13:43:40.522 DEBUG 12572 --- [    Test worker] jdk.event.security                       : X509Certificate: Alg:SHA1withRSA, Serial:413d72c7f46b1f81437df1d22854df9a, Subject:CN=OISTE WISeKey Global Root GA CA, OU=OISTE Foundation Endorsed, OU=Copyright (c) 2005, O=WISeKey, C=CH, Issuer:CN=OISTE WISeKey Global Root GA CA, OU=OISTE Foundation Endorsed, OU=Copyright (c) 2005, O=WISeKey, C=CH, Key type:RSA, Length:2048, Cert Id:-1985989675, Valid from:11/12/05, 9:33 PM, Valid until:11/12/37, 9:39 PM
2021-12-27 13:43:40.524 DEBUG 12572 --- [    Test worker] jdk.event.security                       : X509Certificate: Alg:SHA256withRSA, Serial:401ac46421b31321030ebbe4121ac51d, Subject:CN=VeriSign Universal Root Certification Authority, OU="(c) 2008 VeriSign, Inc. - For authorized use only", OU=VeriSign Trust Network, O="VeriSign, Inc.", C=US, Issuer:CN=VeriSign Universal Root Certification Authority, OU="(c) 2008 VeriSign, Inc. - For authorized use only", OU=VeriSign Trust Network, O="VeriSign, Inc.", C=US, Key type:RSA, Length:2048, Cert Id:-1976681486, Valid from:02/04/08, 5:30 AM, Valid until:02/12/37, 5:29 AM
2021-12-27 13:43:40.526 DEBUG 12572 --- [    Test worker] jdk.event.security                       : X509Certificate: Alg:SHA256withRSA, Serial:600197b746a7eab4b49ad64b2ff790fb, Subject:CN=thawte Primary Root CA - G3, OU="(c) 2008 thawte, Inc. - For authorized use only", OU=Certification Services Division, O="thawte, Inc.", C=US, Issuer:CN=thawte Primary Root CA - G3, OU="(c) 2008 thawte, Inc. - For authorized use only", OU=Certification Services Division, O="thawte, Inc.", C=US, Key type:RSA, Length:2048, Cert Id:1032730720, Valid from:02/04/08, 5:30 AM, Valid until:02/12/37, 5:29 AM
2021-12-27 13:43:40.528 DEBUG 12572 --- [    Test worker] jdk.event.security                       : X509Certificate: Alg:SHA256withRSA, Serial:983f4, Subject:CN=D-TRUST Root Class 3 CA 2 EV 2009, O=D-Trust GmbH, C=DE, Issuer:CN=D-TRUST Root Class 3 CA 2 EV 2009, O=D-Trust GmbH, C=DE, Key type:RSA, Length:2048, Cert Id:971313728, Valid from:05/11/09, 2:20 PM, Valid until:05/11/29, 2:20 PM
2021-12-27 13:43:40.530 DEBUG 12572 --- [    Test worker] jdk.event.security                       : X509Certificate: Alg:SHA384withECDSA, Serial:35fc265cd9844fc93d263d579baed756, Subject:CN=thawte Primary Root CA - G2, OU="(c) 2007 thawte, Inc. - For authorized use only", O="thawte, Inc.", C=US, Issuer:CN=thawte Primary Root CA - G2, OU="(c) 2007 thawte, Inc. - For authorized use only", O="thawte, Inc.", C=US, Key type:EC, Length:384, Cert Id:2068083090, Valid from:05/11/07, 5:30 AM, Valid until:19/01/38, 5:29 AM
2021-12-27 13:43:40.533 DEBUG 12572 --- [    Test worker] jdk.event.security                       : X509Certificate: Alg:SHA1withRSA, Serial:bb401c43f55e4fb0, Subject:CN=SwissSign Gold CA - G2, O=SwissSign AG, C=CH, Issuer:CN=SwissSign Gold CA - G2, O=SwissSign AG, C=CH, Key type:RSA, Length:4096, Cert Id:1516221943, Valid from:25/10/06, 2:00 PM, Valid until:25/10/36, 2:00 PM
2021-12-27 13:43:40.535 DEBUG 12572 --- [    Test worker] jdk.event.security                       : X509Certificate: Alg:SHA1withRSA, Serial:20000b9, Subject:CN=Baltimore CyberTrust Root, OU=CyberTrust, O=Baltimore, C=IE, Issuer:CN=Baltimore CyberTrust Root, OU=CyberTrust, O=Baltimore, C=IE, Key type:RSA, Length:2048, Cert Id:1425294543, Valid from:13/05/00, 12:16 AM, Valid until:13/05/25, 5:29 AM
2021-12-27 13:43:40.537 DEBUG 12572 --- [    Test worker] jdk.event.security                       : X509Certificate: Alg:SHA1withRSA, Serial:1, Subject:CN=GeoTrust Universal CA, O=GeoTrust Inc., C=US, Issuer:CN=GeoTrust Universal CA, O=GeoTrust Inc., C=US, Key type:RSA, Length:4096, Cert Id:313566089, Valid from:04/03/04, 10:30 AM, Valid until:04/03/29, 10:30 AM
2021-12-27 13:43:40.538 DEBUG 12572 --- [    Test worker] jdk.event.security                       : X509Certificate: Alg:SHA256withRSA, Serial:66c9fcf99bf8c0a39e2f0788a43e696365bca, Subject:CN=Amazon Root CA 1, O=Amazon, C=US, Issuer:CN=Amazon Root CA 1, O=Amazon, C=US, Key type:RSA, Length:2048, Cert Id:-1472444962, Valid from:26/05/15, 5:30 AM, Valid until:17/01/38, 5:30 AM
2021-12-27 13:43:40.541 DEBUG 12572 --- [    Test worker] jdk.event.security                       : X509Certificate: Alg:SHA1withRSA, Serial:200605167002, Subject:OU=certSIGN ROOT CA, O=certSIGN, C=RO, Issuer:OU=certSIGN ROOT CA, O=certSIGN, C=RO, Key type:RSA, Length:2048, Cert Id:-289960676, Valid from:04/07/06, 10:50 PM, Valid until:04/07/31, 10:50 PM
2021-12-27 13:43:40.542 DEBUG 12572 --- [    Test worker] jdk.event.security                       : X509Certificate: Alg:SHA1withRSA, Serial:344ed55720d5edec49f42fce37db2b6d, Subject:CN=thawte Primary Root CA, OU="(c) 2006 thawte, Inc. - For authorized use only", OU=Certification Services Division, O="thawte, Inc.", C=US, Issuer:CN=thawte Primary Root CA, OU="(c) 2006 thawte, Inc. - For authorized use only", OU=Certification Services Division, O="thawte, Inc.", C=US, Key type:RSA, Length:2048, Cert Id:643000026, Valid from:17/11/06, 5:30 AM, Valid until:17/07/36, 5:29 AM
2021-12-27 13:43:40.544 DEBUG 12572 --- [    Test worker] jdk.event.security                       : X509Certificate: Alg:SHA384withRSA, Serial:66c9fd29635869f0a0fe58678f85b26bb8a37, Subject:CN=Amazon Root CA 2, O=Amazon, C=US, Issuer:CN=Amazon Root CA 2, O=Amazon, C=US, Key type:RSA, Length:4096, Cert Id:-1766132388, Valid from:26/05/15, 5:30 AM, Valid until:26/05/40, 5:30 AM
2021-12-27 13:43:40.546 DEBUG 12572 --- [    Test worker] jdk.event.security                       : X509Certificate: Alg:SHA256withRSA, Serial:983f3, Subject:CN=D-TRUST Root Class 3 CA 2 2009, O=D-Trust GmbH, C=DE, Issuer:CN=D-TRUST Root Class 3 CA 2 2009, O=D-Trust GmbH, C=DE, Key type:RSA, Length:2048, Cert Id:1430153102, Valid from:05/11/09, 2:05 PM, Valid until:05/11/29, 2:05 PM
2021-12-27 13:43:40.548 DEBUG 12572 --- [    Test worker] jdk.event.security                       : X509Certificate: Alg:SHA256withECDSA, Serial:66c9fd5749736663f3b0b9ad9e89e7603f24a, Subject:CN=Amazon Root CA 3, O=Amazon, C=US, Issuer:CN=Amazon Root CA 3, O=Amazon, C=US, Key type:EC, Length:256, Cert Id:-1562287523, Valid from:26/05/15, 5:30 AM, Valid until:26/05/40, 5:30 AM
2021-12-27 13:43:40.549 DEBUG 12572 --- [    Test worker] jdk.event.security                       : X509Certificate: Alg:SHA256withRSA, Serial:cbe, Subject:CN=TWCA Global Root CA, OU=Root CA, O=TAIWAN-CA, C=TW, Issuer:CN=TWCA Global Root CA, OU=Root CA, O=TAIWAN-CA, C=TW, Key type:RSA, Length:4096, Cert Id:861175838, Valid from:27/06/12, 11:58 AM, Valid until:31/12/30, 9:29 PM
2021-12-27 13:43:40.551 DEBUG 12572 --- [    Test worker] jdk.event.security                       : X509Certificate: Alg:SHA384withECDSA, Serial:a68b79290000000050d091f9, Subject:CN=Entrust Root Certification Authority - EC1, OU="(c) 2012 Entrust, Inc. - for authorized use only", OU=See www.entrust.net/legal-terms, O="Entrust, Inc.", C=US, Issuer:CN=Entrust Root Certification Authority - EC1, OU="(c) 2012 Entrust, Inc. - for authorized use only", OU=See www.entrust.net/legal-terms, O="Entrust, Inc.", C=US, Key type:EC, Length:384, Cert Id:924514073, Valid from:18/12/12, 8:55 PM, Valid until:18/12/37, 9:25 PM
2021-12-27 13:43:40.553 DEBUG 12572 --- [    Test worker] jdk.event.security                       : X509Certificate: Alg:SHA384withRSA, Serial:4caaf9cadb636fe01ff74ed85b03869d, Subject:CN=COMODO RSA Certification Authority, O=COMODO CA Limited, L=Salford, ST=Greater Manchester, C=GB, Issuer:CN=COMODO RSA Certification Authority, O=COMODO CA Limited, L=Salford, ST=Greater Manchester, C=GB, Key type:RSA, Length:4096, Cert Id:1769425049, Valid from:19/01/10, 5:30 AM, Valid until:19/01/38, 5:29 AM
2021-12-27 13:43:40.555 DEBUG 12572 --- [    Test worker] jdk.event.security                       : X509Certificate: Alg:SHA1withRSA, Serial:4eb200670c035d4f, Subject:CN=SwissSign Platinum CA - G2, O=SwissSign AG, C=CH, Issuer:CN=SwissSign Platinum CA - G2, O=SwissSign AG, C=CH, Key type:RSA, Length:4096, Cert Id:771312514, Valid from:25/10/06, 2:06 PM, Valid until:25/10/36, 2:06 PM
2021-12-27 13:43:40.556 DEBUG 12572 --- [    Test worker] jdk.event.security                       : X509Certificate: Alg:SHA384withECDSA, Serial:7b71b68256b8127c9ca8, Subject:CN=emSign ECC Root CA - C3, O=eMudhra Inc, OU=emSign PKI, C=US, Issuer:CN=emSign ECC Root CA - C3, O=eMudhra Inc, OU=emSign PKI, C=US, Key type:EC, Length:384, Cert Id:-948456756, Valid from:19/02/18, 12:00 AM, Valid until:19/02/43, 12:00 AM
2021-12-27 13:43:40.557 DEBUG 12572 --- [    Test worker] jdk.event.security                       : X509Certificate: Alg:SHA384withRSA, Serial:59b1b579e8e2132e23907bda777755c, Subject:CN=DigiCert Trusted Root G4, OU=www.digicert.com, O=DigiCert Inc, C=US, Issuer:CN=DigiCert Trusted Root G4, OU=www.digicert.com, O=DigiCert Inc, C=US, Key type:RSA, Length:4096, Cert Id:1057369358, Valid from:01/08/13, 5:30 PM, Valid until:15/01/38, 5:30 PM
2021-12-27 13:43:40.559 DEBUG 12572 --- [    Test worker] jdk.event.security                       : X509Certificate: Alg:SHA256withRSA, Serial:a0142800000014523c844b500000002, Subject:CN=IdenTrust Commercial Root CA 1, O=IdenTrust, C=US, Issuer:CN=IdenTrust Commercial Root CA 1, O=IdenTrust, C=US, Key type:RSA, Length:4096, Cert Id:1232565210, Valid from:16/01/14, 11:42 PM, Valid until:16/01/34, 11:42 PM
2021-12-27 13:43:40.560 DEBUG 12572 --- [    Test worker] jdk.event.security                       : X509Certificate: Alg:SHA1withRSA, Serial:44afb080d6a327ba893039862ef8406b, Subject:CN=DST Root CA X3, O=Digital Signature Trust Co., Issuer:CN=DST Root CA X3, O=Digital Signature Trust Co., Key type:RSA, Length:2048, Cert Id:1007302312, Valid from:01/10/00, 2:42 AM, Valid until:30/09/21, 7:31 PM
2021-12-27 13:43:40.563 DEBUG 12572 --- [    Test worker] jdk.event.security                       : X509Certificate: Alg:SHA1withRSA, Serial:456b5054, Subject:CN=Entrust Root Certification Authority, OU="(c) 2006 Entrust, Inc.", OU=www.entrust.net/CPS is incorporated by reference, O="Entrust, Inc.", C=US, Issuer:CN=Entrust Root Certification Authority, OU="(c) 2006 Entrust, Inc.", OU=www.entrust.net/CPS is incorporated by reference, O="Entrust, Inc.", C=US, Key type:RSA, Length:2048, Cert Id:-1261404096, Valid from:28/11/06, 1:53 AM, Valid until:28/11/26, 2:23 AM
2021-12-27 13:43:40.566 DEBUG 12572 --- [    Test worker] jdk.event.security                       : X509Certificate: Alg:SHA384withECDSA, Serial:6e47a9c88b94b6e8bb3b2ad8a2b2c199, Subject:CN=GTS Root R4, O=Google Trust Services LLC, C=US, Issuer:CN=GTS Root R4, O=Google Trust Services LLC, C=US, Key type:EC, Length:384, Cert Id:-1824562466, Valid from:22/06/16, 5:30 AM, Valid until:22/06/36, 5:30 AM
2021-12-27 13:43:40.569 DEBUG 12572 --- [    Test worker] jdk.event.security                       : X509Certificate: Alg:SHA384withECDSA, Serial:6e47a9c76ca9732440890f0355dd8d1d, Subject:CN=GTS Root R3, O=Google Trust Services LLC, C=US, Issuer:CN=GTS Root R3, O=Google Trust Services LLC, C=US, Key type:EC, Length:384, Cert Id:-1415630551, Valid from:22/06/16, 5:30 AM, Valid until:22/06/36, 5:30 AM
2021-12-27 13:43:40.570 DEBUG 12572 --- [    Test worker] jdk.event.security                       : X509Certificate: Alg:SHA384withRSA, Serial:6e47a9c65ab3e720c5309a3f6852f26f, Subject:CN=GTS Root R2, O=Google Trust Services LLC, C=US, Issuer:CN=GTS Root R2, O=Google Trust Services LLC, C=US, Key type:RSA, Length:4096, Cert Id:-1151551794, Valid from:22/06/16, 5:30 AM, Valid until:22/06/36, 5:30 AM
2021-12-27 13:43:40.571 DEBUG 12572 --- [    Test worker] jdk.event.security                       : X509Certificate: Alg:SHA384withRSA, Serial:6e47a9c54b470c0dec33d089b91cf4e1, Subject:CN=GTS Root R1, O=Google Trust Services LLC, C=US, Issuer:CN=GTS Root R1, O=Google Trust Services LLC, C=US, Key type:RSA, Length:4096, Cert Id:-1684052905, Valid from:22/06/16, 5:30 AM, Valid until:22/06/36, 5:30 AM
2021-12-27 13:43:40.573 DEBUG 12572 --- [    Test worker] jdk.event.security                       : X509Certificate: Alg:SHA1withRSA, Serial:18dad19e267de8bb4a2158cdcc6b3b4a, Subject:CN=VeriSign Class 3 Public Primary Certification Authority - G5, OU="(c) 2006 VeriSign, Inc. - For authorized use only", OU=VeriSign Trust Network, O="VeriSign, Inc.", C=US, Issuer:CN=VeriSign Class 3 Public Primary Certification Authority - G5, OU="(c) 2006 VeriSign, Inc. - For authorized use only", OU=VeriSign Trust Network, O="VeriSign, Inc.", C=US, Key type:RSA, Length:2048, Cert Id:303010488, Valid from:08/11/06, 5:30 AM, Valid until:17/07/36, 5:29 AM
2021-12-27 13:43:40.574 DEBUG 12572 --- [    Test worker] jdk.event.security                       : X509Certificate: Alg:SHA384withECDSA, Serial:2f80fe238c0e220f486712289187acb3, Subject:CN=VeriSign Class 3 Public Primary Certification Authority - G4, OU="(c) 2007 VeriSign, Inc. - For authorized use only", OU=VeriSign Trust Network, O="VeriSign, Inc.", C=US, Issuer:CN=VeriSign Class 3 Public Primary Certification Authority - G4, OU="(c) 2007 VeriSign, Inc. - For authorized use only", OU=VeriSign Trust Network, O="VeriSign, Inc.", C=US, Key type:EC, Length:384, Cert Id:-131493977, Valid from:05/11/07, 5:30 AM, Valid until:19/01/38, 5:29 AM
2021-12-27 13:43:40.575 DEBUG 12572 --- [    Test worker] jdk.event.security                       : X509Certificate: Alg:SHA1withRSA, Serial:ce7e0e517d846fe8fe560fc1bf03039, Subject:CN=DigiCert Assured ID Root CA, OU=www.digicert.com, O=DigiCert Inc, C=US, Issuer:CN=DigiCert Assured ID Root CA, OU=www.digicert.com, O=DigiCert Inc, C=US, Key type:RSA, Length:2048, Cert Id:-860404528, Valid from:10/11/06, 5:30 AM, Valid until:10/11/31, 5:30 AM
2021-12-27 13:43:40.577 DEBUG 12572 --- [    Test worker] jdk.event.security                       : X509Certificate: Alg:SHA256withRSA, Serial:7777062726a9b17c, Subject:CN=AffirmTrust Commercial, O=AffirmTrust, C=US, Issuer:CN=AffirmTrust Commercial, O=AffirmTrust, C=US, Key type:RSA, Length:2048, Cert Id:630485644, Valid from:29/01/10, 7:36 PM, Valid until:31/12/30, 7:36 PM
2021-12-27 13:43:40.580 DEBUG 12572 --- [    Test worker] jdk.event.security                       : X509Certificate: Alg:SHA256withRSA, Serial:6a683e9c519bcb53, Subject:CN=E-Tugra Certification Authority, OU=E-Tugra Sertifikasyon Merkezi, O=E-Tu?ra EBG Bili?im Teknolojileri ve Hizmetleri A.?., L=Ankara, C=TR, Issuer:CN=E-Tugra Certification Authority, OU=E-Tugra Sertifikasyon Merkezi, O=E-Tu?ra EBG Bili?im Teknolojileri ve Hizmetleri A.?., L=Ankara, C=TR, Key type:RSA, Length:4096, Cert Id:-673382379, Valid from:05/03/13, 5:39 PM, Valid until:03/03/23, 5:39 PM
2021-12-27 13:43:40.582 DEBUG 12572 --- [    Test worker] jdk.event.security                       : X509Certificate: Alg:SHA384withECDSA, Serial:ba15afa1ddfa0b54944afcd24a06cec, Subject:CN=DigiCert Assured ID Root G3, OU=www.digicert.com, O=DigiCert Inc, C=US, Issuer:CN=DigiCert Assured ID Root G3, OU=www.digicert.com, O=DigiCert Inc, C=US, Key type:EC, Length:384, Cert Id:-645537245, Valid from:01/08/13, 5:30 PM, Valid until:15/01/38, 5:30 PM
2021-12-27 13:43:40.585 DEBUG 12572 --- [    Test worker] jdk.event.security                       : X509Certificate: Alg:SHA1withRSA, Serial:7c4f04391cd4992d, Subject:CN=AffirmTrust Networking, O=AffirmTrust, C=US, Issuer:CN=AffirmTrust Networking, O=AffirmTrust, C=US, Key type:RSA, Length:2048, Cert Id:651670175, Valid from:29/01/10, 7:38 PM, Valid until:31/12/30, 7:38 PM
2021-12-27 13:43:40.588 DEBUG 12572 --- [    Test worker] jdk.event.security                       : X509Certificate: Alg:SHA1withRSA, Serial:5480f9a073ed3f004cca89d8e371e64a, Subject:EMAILADDRESS=pki@sk.ee, CN=EE Certification Centre Root CA, O=AS Sertifitseerimiskeskus, C=EE, Issuer:EMAILADDRESS=pki@sk.ee, CN=EE Certification Centre Root CA, O=AS Sertifitseerimiskeskus, C=EE, Key type:RSA, Length:2048, Cert Id:1016946801, Valid from:30/10/10, 3:40 PM, Valid until:18/12/30, 5:29 AM
2021-12-27 13:43:40.589 DEBUG 12572 --- [    Test worker] jdk.event.security                       : X509Certificate: Alg:SHA1withRSA, Serial:3863def8, Subject:CN=Entrust.net Certification Authority (2048), OU=(c) 1999 Entrust.net Limited, OU=www.entrust.net/CPS_2048 incorp. by ref. (limits liab.), O=Entrust.net, Issuer:CN=Entrust.net Certification Authority (2048), OU=(c) 1999 Entrust.net Limited, OU=www.entrust.net/CPS_2048 incorp. by ref. (limits liab.), O=Entrust.net, Key type:RSA, Length:2048, Cert Id:-328536082, Valid from:24/12/99, 11:20 PM, Valid until:24/07/29, 7:45 PM
2021-12-27 13:43:40.591 DEBUG 12572 --- [    Test worker] jdk.event.security                       : X509Certificate: Alg:SHA1withRSA, Serial:4e812d8a8265e00b02ee3e350246e53d, Subject:CN=COMODO Certification Authority, O=COMODO CA Limited, L=Salford, ST=Greater Manchester, C=GB, Issuer:CN=COMODO Certification Authority, O=COMODO CA Limited, L=Salford, ST=Greater Manchester, C=GB, Key type:RSA, Length:2048, Cert Id:904304908, Valid from:01/12/06, 5:30 AM, Valid until:01/01/30, 5:29 AM
2021-12-27 13:43:40.594 DEBUG 12572 --- [    Test worker] jdk.event.security                       : X509Certificate: Alg:SHA384withECDSA, Serial:5c8b99c55a94c5d27156decd8980cc26, Subject:CN=USERTrust ECC Certification Authority, O=The USERTRUST Network, L=Jersey City, ST=New Jersey, C=US, Issuer:CN=USERTrust ECC Certification Authority, O=The USERTRUST Network, L=Jersey City, ST=New Jersey, C=US, Key type:EC, Length:384, Cert Id:-965679910, Valid from:01/02/10, 5:30 AM, Valid until:19/01/38, 5:29 AM
2021-12-27 13:43:40.600 DEBUG 12572 --- [    Test worker] jdk.event.security                       : X509Certificate: Alg:SHA1withRSA, Serial:5c6, Subject:CN=QuoVadis Root CA 3, O=QuoVadis Limited, C=BM, Issuer:CN=QuoVadis Root CA 3, O=QuoVadis Limited, C=BM, Key type:RSA, Length:4096, Cert Id:1470392860, Valid from:25/11/06, 12:41 AM, Valid until:25/11/31, 12:36 AM
2021-12-27 13:43:40.601 DEBUG 12572 --- [    Test worker] jdk.event.security                       : X509Certificate: Alg:SHA1withRSA, Serial:509, Subject:CN=QuoVadis Root CA 2, O=QuoVadis Limited, C=BM, Issuer:CN=QuoVadis Root CA 2, O=QuoVadis Limited, C=BM, Key type:RSA, Length:4096, Cert Id:338250116, Valid from:24/11/06, 11:57 PM, Valid until:24/11/31, 11:53 PM
2021-12-27 13:43:40.603 DEBUG 12572 --- [    Test worker] jdk.event.security                       : X509Certificate: Alg:SHA1withRSA, Serial:1, Subject:CN=TWCA Root Certification Authority, OU=Root CA, O=TAIWAN-CA, C=TW, Issuer:CN=TWCA Root Certification Authority, OU=Root CA, O=TAIWAN-CA, C=TW, Key type:RSA, Length:2048, Cert Id:-1642094263, Valid from:28/08/08, 12:54 PM, Valid until:31/12/30, 9:29 PM
2021-12-27 13:43:40.604 DEBUG 12572 --- [    Test worker] jdk.event.security                       : X509Certificate: Alg:SHA256withRSA, Serial:5ddfb1da5aa3ed5dbe5a6520650390ef, Subject:CN=UCA Global G2 Root, O=UniTrust, C=CN, Issuer:CN=UCA Global G2 Root, O=UniTrust, C=CN, Key type:RSA, Length:4096, Cert Id:1844967193, Valid from:11/03/16, 5:30 AM, Valid until:31/12/40, 5:30 AM
2021-12-27 13:43:40.606 DEBUG 12572 --- [    Test worker] jdk.event.security                       : X509Certificate: Alg:SHA256withRSA, Serial:b0b75a16485fbfe1cbf58bd719e67d, Subject:CN=Izenpe.com, O=IZENPE S.A., C=ES, Issuer:CN=Izenpe.com, O=IZENPE S.A., C=ES, Key type:RSA, Length:4096, Cert Id:-1845580984, Valid from:13/12/07, 6:38 PM, Valid until:13/12/37, 1:57 PM
2021-12-27 13:43:40.607 DEBUG 12572 --- [    Test worker] jdk.event.security                       : X509Certificate: Alg:SHA256withRSA, Serial:4fd22b8ff564c8339e4f345866237060, Subject:CN=UCA Extended Validation Root, O=UniTrust, C=CN, Issuer:CN=UCA Extended Validation Root, O=UniTrust, C=CN, Key type:RSA, Length:4096, Cert Id:649181271, Valid from:13/03/15, 5:30 AM, Valid until:31/12/38, 5:30 AM
2021-12-27 13:43:40.608 DEBUG 12572 --- [    Test worker] jdk.event.security                       : X509Certificate: Alg:SHA256withRSA, Serial:c27e43044e473f19, Subject:EMAILADDRESS=info@e-szigno.hu, CN=Microsec e-Szigno Root CA 2009, O=Microsec Ltd., L=Budapest, C=HU, Issuer:EMAILADDRESS=info@e-szigno.hu, CN=Microsec e-Szigno Root CA 2009, O=Microsec Ltd., L=Budapest, C=HU, Key type:RSA, Length:2048, Cert Id:-1903950012, Valid from:16/06/09, 5:00 PM, Valid until:30/12/29, 5:00 PM
2021-12-27 13:43:40.610 DEBUG 12572 --- [    Test worker] jdk.event.security                       : X509Certificate: Alg:SHA256withRSA, Serial:98a239, Subject:CN=Staat der Nederlanden Root CA - G3, O=Staat der Nederlanden, C=NL, Issuer:CN=Staat der Nederlanden Root CA - G3, O=Staat der Nederlanden, C=NL, Key type:RSA, Length:4096, Cert Id:-1733470677, Valid from:14/11/13, 4:58 PM, Valid until:14/11/28, 4:30 AM
2021-12-27 13:43:40.612 DEBUG 12572 --- [    Test worker] jdk.event.security                       : X509Certificate: Alg:SHA256withRSA, Serial:d9b5437fafa9390f000000005565ad58, Subject:CN=Entrust Root Certification Authority - G4, OU="(c) 2015 Entrust, Inc. - for authorized use only", OU=See www.entrust.net/legal-terms, O="Entrust, Inc.", C=US, Issuer:CN=Entrust Root Certification Authority - G4, OU="(c) 2015 Entrust, Inc. - for authorized use only", OU=See www.entrust.net/legal-terms, O="Entrust, Inc.", C=US, Key type:RSA, Length:4096, Cert Id:1368037548, Valid from:27/05/15, 4:41 PM, Valid until:27/12/37, 5:11 PM
2021-12-27 13:43:40.614 DEBUG 12572 --- [    Test worker] jdk.event.security                       : X509Certificate: Alg:SHA1withRSA, Serial:400000000010f85aa2d48, Subject:CN=Cybertrust Global Root, O="Cybertrust, Inc", Issuer:CN=Cybertrust Global Root, O="Cybertrust, Inc", Key type:RSA, Length:2048, Cert Id:2057719675, Valid from:15/12/06, 1:30 PM, Valid until:15/12/21, 1:30 PM
2021-12-27 13:43:40.615 DEBUG 12572 --- [    Test worker] jdk.event.security                       : X509Certificate: Alg:SHA1withRSA, Serial:40000000001154b5ac394, Subject:CN=GlobalSign Root CA, OU=Root CA, O=GlobalSign nv-sa, C=BE, Issuer:CN=GlobalSign Root CA, OU=Root CA, O=GlobalSign nv-sa, C=BE, Key type:RSA, Length:2048, Cert Id:536948034, Valid from:01/09/98, 5:30 PM, Valid until:28/01/28, 5:30 PM
2021-12-27 13:43:40.617 DEBUG 12572 --- [    Test worker] jdk.event.security                       : X509Certificate: Alg:SHA256withRSA, Serial:5d938d306736c8061d1ac754846907, Subject:OU=AC RAIZ FNMT-RCM, O=FNMT-RCM, C=ES, Issuer:OU=AC RAIZ FNMT-RCM, O=FNMT-RCM, C=ES, Key type:RSA, Length:4096, Cert Id:1555523573, Valid from:29/10/08, 9:29 PM, Valid until:01/01/30, 5:30 AM
2021-12-27 13:43:40.619 DEBUG 12572 --- [    Test worker] jdk.event.security                       : X509Certificate: Alg:SHA256withRSA, Serial:bb8, Subject:CN=LuxTrust Global Root, O=LuxTrust s.a., C=LU, Issuer:CN=LuxTrust Global Root, O=LuxTrust s.a., C=LU, Key type:RSA, Length:2048, Cert Id:1714819687, Valid from:17/03/11, 3:21 PM, Valid until:17/03/21, 3:21 PM
2021-12-27 13:43:40.620 DEBUG 12572 --- [    Test worker] jdk.event.security                       : X509Certificate: Alg:SHA1withRSA, Serial:0, Subject:OU=Security Communication RootCA1, O=SECOM Trust.net, C=JP, Issuer:OU=Security Communication RootCA1, O=SECOM Trust.net, C=JP, Key type:RSA, Length:2048, Cert Id:1802358121, Valid from:30/09/03, 9:50 AM, Valid until:30/09/23, 9:50 AM
2021-12-27 13:43:40.621 DEBUG 12572 --- [    Test worker] jdk.event.security                       : X509Certificate: Alg:SHA256withRSA, Serial:49412ce40010, Subject:CN=NetLock Arany (Class Gold) F?tanúsítvány, OU=Tanúsítványkiadók (Certification Services), O=NetLock Kft., L=Budapest, C=HU, Issuer:CN=NetLock Arany (Class Gold) F?tanúsítvány, OU=Tanúsítványkiadók (Certification Services), O=NetLock Kft., L=Budapest, C=HU, Key type:RSA, Length:2048, Cert Id:58541246, Valid from:11/12/08, 8:38 PM, Valid until:06/12/28, 8:38 PM
2021-12-27 13:43:40.623 DEBUG 12572 --- [    Test worker] jdk.event.security                       : X509Certificate: Alg:SHA256withRSA, Serial:0, Subject:CN=Go Daddy Root Certificate Authority - G2, O="GoDaddy.com, Inc.", L=Scottsdale, ST=Arizona, C=US, Issuer:CN=Go Daddy Root Certificate Authority - G2, O="GoDaddy.com, Inc.", L=Scottsdale, ST=Arizona, C=US, Key type:RSA, Length:2048, Cert Id:439600313, Valid from:01/09/09, 5:30 AM, Valid until:01/01/38, 5:29 AM
2021-12-27 13:43:40.625 DEBUG 12572 --- [    Test worker] jdk.event.security                       : X509Certificate: Alg:SHA512withRSA, Serial:21d6d04a4f250fc93237fcaa5e128de9, Subject:CN=Certum Trusted Network CA 2, OU=Certum Certification Authority, O=Unizeto Technologies S.A., C=PL, Issuer:CN=Certum Trusted Network CA 2, OU=Certum Certification Authority, O=Unizeto Technologies S.A., C=PL, Key type:RSA, Length:4096, Cert Id:1983350452, Valid from:06/10/11, 2:09 PM, Valid until:06/10/46, 2:09 PM
2021-12-27 13:43:40.627 DEBUG 12572 --- [    Test worker] jdk.event.security                       : X509Certificate: Alg:SHA256withRSA, Serial:76b1205274f0858746b3f8231af6c2c0, Subject:CN=OISTE WISeKey Global Root GB CA, OU=OISTE Foundation Endorsed, O=WISeKey, C=CH, Issuer:CN=OISTE WISeKey Global Root GB CA, OU=OISTE Foundation Endorsed, O=WISeKey, C=CH, Key type:RSA, Length:2048, Cert Id:-613481516, Valid from:01/12/14, 8:30 PM, Valid until:01/12/39, 8:40 PM
2021-12-27 13:43:40.629 DEBUG 12572 --- [    Test worker] jdk.event.security                       : X509Certificate: Alg:SHA1withRSA, Serial:5ec3b7a6437fa4e0, Subject:C=ES, O=ACCV, OU=PKIACCV, CN=ACCVRAIZ1, Issuer:C=ES, O=ACCV, OU=PKIACCV, CN=ACCVRAIZ1, Key type:RSA, Length:4096, Cert Id:-592111236, Valid from:05/05/11, 3:07 PM, Valid until:31/12/30, 3:07 PM
2021-12-27 13:43:40.630 DEBUG 12572 --- [    Test worker] jdk.event.security                       : X509Certificate: Alg:SHA256withRSA, Serial:1, Subject:CN=Certinomis - Root CA, OU=0002 433998903, O=Certinomis, C=FR, Issuer:CN=Certinomis - Root CA, OU=0002 433998903, O=Certinomis, C=FR, Key type:RSA, Length:4096, Cert Id:-1335658159, Valid from:21/10/13, 2:47 PM, Valid until:21/10/33, 2:47 PM
2021-12-27 13:43:40.632 DEBUG 12572 --- [    Test worker] jdk.event.security                       : X509Certificate: Alg:SHA256withRSA, Serial:8165f8a4ca5ec00c99340dfc4c6ae23b81c5aa4, Subject:CN=Hongkong Post Root CA 3, O=Hongkong Post, L=Hong Kong, ST=Hong Kong, C=HK, Issuer:CN=Hongkong Post Root CA 3, O=Hongkong Post, L=Hong Kong, ST=Hong Kong, C=HK, Key type:RSA, Length:4096, Cert Id:-901951080, Valid from:03/06/17, 7:59 AM, Valid until:03/06/42, 7:59 AM
2021-12-27 13:43:40.633 DEBUG 12572 --- [    Test worker] jdk.event.security                       : X509Certificate: Alg:SHA1withRSA, Serial:10020, Subject:CN=Certum CA, O=Unizeto Sp. z o.o., C=PL, Issuer:CN=Certum CA, O=Unizeto Sp. z o.o., C=PL, Key type:RSA, Length:2048, Cert Id:-744451266, Valid from:11/06/02, 4:16 PM, Valid until:11/06/27, 4:16 PM
2021-12-27 13:43:40.635 DEBUG 12572 --- [    Test worker] jdk.event.security                       : X509Certificate: Alg:SHA1withRSA, Serial:3e8, Subject:CN=Hongkong Post Root CA 1, O=Hongkong Post, C=HK, Issuer:CN=Hongkong Post Root CA 1, O=Hongkong Post, C=HK, Key type:RSA, Length:2048, Cert Id:-1426826250, Valid from:15/05/03, 10:43 AM, Valid until:15/05/23, 10:22 AM
2021-12-27 13:43:40.961 DEBUG 12572 --- [    Test worker] c.s.c.config.KafkaProducerConfig         : Kafka_Producer_Configuration
2021-12-27 13:43:45.015 DEBUG 12572 --- [    Test worker] c.s.c.config.KafkaConsumerConfig         : KafkaConsumerConfig
2021-12-27 13:43:48.274 DEBUG 12572 --- [    Test worker] _.s.web.servlet.HandlerMapping.Mappings  : 
	c.s.c.c.WebConfigurerTestController:
	{GET [/test/test-cors]}: testCorsOnOtherPath()
	{GET [/api/test-cors]}: testCorsOnApiPath()
2021-12-27 13:43:48.291 DEBUG 12572 --- [    Test worker] _.s.web.servlet.HandlerMapping.Mappings  : 
	c.s.c.r.e.ExceptionTranslatorTestController:
	{GET [/api/exception-translator-test/missing-servlet-request-part]}: missingServletRequestPartException(String)
	{GET [/api/exception-translator-test/internal-server-error]}: internalServerError()
	{GET [/api/exception-translator-test/response-status]}: exceptionWithResponseStatus()
	{GET [/api/exception-translator-test/missing-servlet-request-parameter]}: missingServletRequestParameterException(String)
	{GET [/api/exception-translator-test/access-denied]}: accessdenied()
	{GET [/api/exception-translator-test/concurrency-failure]}: concurrencyFailure()
	{POST [/api/exception-translator-test/method-argument]}: methodArgument(TestDTO)
	{GET [/api/exception-translator-test/unauthorized]}: unauthorized()
2021-12-27 13:43:48.303 DEBUG 12572 --- [    Test worker] _.s.web.servlet.HandlerMapping.Mappings  : 
	c.s.c.r.DataIngectionResource:
	{POST [/ingection/batcharray/{collectionName}]}: batcharray(String,String)
	{POST [/ingection/batchcollection/{collectionName}]}: batchcollection(String,String)
2021-12-27 13:43:48.307 DEBUG 12572 --- [    Test worker] _.s.web.servlet.HandlerMapping.Mappings  : 
	c.s.c.r.DataInjectionResource:
	{POST [/injection/data]}: parseArray(String)
	{POST [/injection/batch]}: parseBatch(String)
2021-12-27 13:43:48.308 DEBUG 12572 --- [    Test worker] _.s.web.servlet.HandlerMapping.Mappings  : 
	c.s.c.r.KafkaResource:
	{POST [/kafka/add/{addtoQueue}]}: sendData(String)
2021-12-27 13:43:48.323 DEBUG 12572 --- [    Test worker] _.s.web.servlet.HandlerMapping.Mappings  : 
	c.s.c.r.SolrCollectionResource:
	{DELETE [/searchservice/table/delete]}: delete(SolrDeleteCollectionDTO)
	{POST [/searchservice/table/create]}: create(SolrCreateCollectionDTO)
	{PUT [/searchservice/table/rename]}: rename(SolrRenameCollectionDTO)
	{GET [/searchservice/table/collections]}: collections()
	{GET [/searchservice/table/capacity-plans]}: capacityPlans()
	{GET [/searchservice/table/isCollectionExists/{collectionName}]}: isCollectionExits(String)
2021-12-27 13:43:48.338 DEBUG 12572 --- [    Test worker] _.s.web.servlet.HandlerMapping.Mappings  : 
	c.s.c.r.SolrCoreResource:
	{GET [/solr-core/status/{name}]}: status(String)
	{DELETE [/solr-core/delete]}: delete(SolrSingleCoreDTO)
	{POST [/solr-core/create]}: create(SolrSingleCoreDTO)
	{PUT [/solr-core/swap]}: swap(SolrDoubleCoreDTO)
	{PUT [/solr-core/rename]}: rename(SolrDoubleCoreDTO)
	{POST [/solr-core/reload]}: reload(SolrSingleCoreDTO)
2021-12-27 13:43:48.353 DEBUG 12572 --- [    Test worker] _.s.web.servlet.HandlerMapping.Mappings  : 
	c.s.c.r.SolrDocParserResource:
	{POST [/ingest/upload], consumes [multipart/form-data]}: fileUpload(MultipartFile)
2021-12-27 13:43:48.365 DEBUG 12572 --- [    Test worker] _.s.web.servlet.HandlerMapping.Mappings  : 
	c.s.c.r.SolrInputDocumentResource:
	{POST [/documents/{collectionName}]}: documents(String,String)
	{POST [/document/{collectionName}]}: document(String,String)
2021-12-27 13:43:48.373 DEBUG 12572 --- [    Test worker] _.s.web.servlet.HandlerMapping.Mappings  : 
	c.s.c.r.SolrSchemaResource:
	{GET [/schema/get/{tableName}/{name}]}: get(String,String)
	{PUT [/schema/update/{tableName}/{name}]}: update(String,String,SolrSchemaDTO)
	{DELETE [/schema/delete/{tableName}/{name}]}: delete(String,String)
	{POST [/schema/create]}: create(SolrSchemaDTO)
2021-12-27 13:43:48.378 DEBUG 12572 --- [    Test worker] _.s.web.servlet.HandlerMapping.Mappings  : 
	c.s.c.r.TestingController:
	{GET [/addDocument]}: addDocument()
2021-12-27 13:43:48.422 DEBUG 12572 --- [    Test worker] _.s.web.servlet.HandlerMapping.Mappings  : 
	c.s.c.r.ThrottlerResource:
	{GET [/throttle/health]}: checkHealth()
	{GET [/throttle/testMRS]}: demoMRSThrottler(String)
	{GET [/throttle/collections]}: throttleCollectionResource()
	{GET [/throttle/test]}: demoRateLimiterThrottler()
2021-12-27 13:43:48.431 DEBUG 12572 --- [    Test worker] _.s.web.servlet.HandlerMapping.Mappings  : 
	c.s.c.r.UserJWTController:
	{POST [/api/authenticate]}: authorize(LoginVM)
2021-12-27 13:43:48.454 DEBUG 12572 --- [    Test worker] _.s.web.servlet.HandlerMapping.Mappings  : 
	o.s.b.a.w.s.e.BasicErrorController:
	{ [/error]}: error(HttpServletRequest)
	{ [/error], produces [text/html]}: errorHtml(HttpServletRequest,HttpServletResponse)
2021-12-27 13:43:48.558 DEBUG 12572 --- [    Test worker] _.s.web.servlet.HandlerMapping.Mappings  : 
	o.s.w.a.OpenApiWebMvcResource:
	{GET [/v3/api-docs], produces [application/json]}: openapiJson(HttpServletRequest,String)
	{GET [/v3/api-docs.yaml], produces [application/vnd.oai.openapi]}: openapiYaml(HttpServletRequest,String)
2021-12-27 13:43:48.576 DEBUG 12572 --- [    Test worker] _.s.web.servlet.HandlerMapping.Mappings  : 
	o.s.w.u.SwaggerWelcomeWebMvc:
	{GET [/v3/api-docs/swagger-config], produces [application/json]}: openapiJson(HttpServletRequest)
	{GET [/swagger-ui.html]}: redirectToUi(HttpServletRequest)
2021-12-27 13:43:49.058 DEBUG 12572 --- [    Test worker] _.s.web.servlet.HandlerMapping.Mappings  : 'beanNameHandlerMapping' {}
2021-12-27 13:43:56.261 DEBUG 12572 --- [    Test worker] _.s.web.servlet.HandlerMapping.Mappings  : 'resourceHandlerMapping' {/webjars/**=ResourceHttpRequestHandler [Classpath [META-INF/resources/webjars/]], /**=ResourceHttpRequestHandler [Classpath [META-INF/resources/], Classpath [resources/], Classpath [static/], Classpath [public/], ServletContext [/]], /swagger-ui*/**=ResourceHttpRequestHandler [Classpath [META-INF/resources/webjars/]]}
2021-12-27 13:44:06.826 DEBUG 12572 --- [    Test worker] i.n.u.i.logging.InternalLoggerFactory    : Using SLF4J as the default logging framework
2021-12-27 13:44:06.834 DEBUG 12572 --- [    Test worker] io.netty.util.ResourceLeakDetector       : -Dio.netty.leakDetection.level: simple
2021-12-27 13:44:06.838 DEBUG 12572 --- [    Test worker] io.netty.util.ResourceLeakDetector       : -Dio.netty.leakDetection.targetRecords: 4
2021-12-27 13:44:08.562  INFO 12572 --- [    Test worker] c.s.c.c.timezone.HibernateTimeZoneIT     : Started HibernateTimeZoneIT in 56.536 seconds (JVM running for 71.194)
]]></system-out>
  <system-err><![CDATA[]]></system-err>
</testsuite>
