<?xml version="1.0" encoding="UTF-8"?>
<testsuite name="com.solr.clientwrapper.rest.errors.ExceptionTranslatorIT" tests="9" skipped="0" failures="0" errors="0" timestamp="2021-12-27T08:14:26" hostname="DESKTOP-VAOA8DC" time="0.76">
  <properties/>
  <testcase name="testMissingServletRequestPartException()" classname="com.solr.clientwrapper.rest.errors.ExceptionTranslatorIT" time="0.42"/>
  <testcase name="testMissingServletRequestParameterException()" classname="com.solr.clientwrapper.rest.errors.ExceptionTranslatorIT" time="0.016"/>
  <testcase name="testAccessDenied()" classname="com.solr.clientwrapper.rest.errors.ExceptionTranslatorIT" time="0.016"/>
  <testcase name="testInternalServerError()" classname="com.solr.clientwrapper.rest.errors.ExceptionTranslatorIT" time="0.025"/>
  <testcase name="testMethodNotSupported()" classname="com.solr.clientwrapper.rest.errors.ExceptionTranslatorIT" time="0.016"/>
  <testcase name="testExceptionWithResponseStatus()" classname="com.solr.clientwrapper.rest.errors.ExceptionTranslatorIT" time="0.018"/>
  <testcase name="testMethodArgumentNotValid()" classname="com.solr.clientwrapper.rest.errors.ExceptionTranslatorIT" time="0.206"/>
  <testcase name="testUnauthorized()" classname="com.solr.clientwrapper.rest.errors.ExceptionTranslatorIT" time="0.015"/>
  <testcase name="testConcurrencyFailure()" classname="com.solr.clientwrapper.rest.errors.ExceptionTranslatorIT" time="0.016"/>
  <system-out><![CDATA[
        ??? ???   ??? ????????? ????????   ??????? ????????? ????????? ????????
        ??? ???   ??? ????????? ????????? ???????? ????????? ????????? ?????????
        ??? ?????????    ???    ????????? ???????     ???    ???????   ?????????
  ???   ??? ?????????    ???    ????????   ???????    ???    ???????   ????????
  ????????? ???   ??? ????????? ???       ????????    ???    ????????? ???  ????
   ???????  ???   ??? ????????? ???       ???????     ???    ????????? ???   ???

:: JHipster ?  :: Running Spring Boot 2.5.4 ::
:: https://www.jhipster.tech ::

2021-12-27 13:44:09.804  INFO 12572 --- [    Test worker] c.s.c.rest.errors.ExceptionTranslatorIT  : Starting ExceptionTranslatorIT using Java 11.0.12 on DESKTOP-VAOA8DC with PID 12572 (started by user in D:\search-as-service)
2021-12-27 13:44:09.806 DEBUG 12572 --- [    Test worker] c.s.c.rest.errors.ExceptionTranslatorIT  : Running with Spring Boot v2.5.4, Spring v5.3.13
2021-12-27 13:44:09.821  INFO 12572 --- [    Test worker] c.s.c.rest.errors.ExceptionTranslatorIT  : No active profile set, falling back to default profiles: default
2021-12-27 13:44:09.829  WARN 12572 --- [    Test worker] o.s.b.c.config.ConfigDataEnvironment     : Property 'spring.profiles' imported from location 'class path resource [config/application.yml]' is invalid and should be replaced with 'spring.config.activate.on-profile' [origin: class path resource [config/application.yml] - 17:12]
2021-12-27 13:44:11.323 DEBUG 12572 --- [    Test worker] i.g.r.utils.RxJava2OnClasspathCondition  : RxJava2 related Aspect extensions are not activated, because RxJava2 is not on the classpath.
2021-12-27 13:44:11.352 DEBUG 12572 --- [    Test worker] i.g.r.utils.ReactorOnClasspathCondition  : Reactor related Aspect extensions are not activated because Reactor is not on the classpath.
2021-12-27 13:44:11.382 DEBUG 12572 --- [    Test worker] i.g.r.utils.RxJava2OnClasspathCondition  : RxJava2 related Aspect extensions are not activated, because RxJava2 is not on the classpath.
2021-12-27 13:44:11.383 DEBUG 12572 --- [    Test worker] i.g.r.utils.ReactorOnClasspathCondition  : Reactor related Aspect extensions are not activated because Reactor is not on the classpath.
2021-12-27 13:44:11.415 DEBUG 12572 --- [    Test worker] i.g.r.utils.RxJava2OnClasspathCondition  : RxJava2 related Aspect extensions are not activated, because RxJava2 is not on the classpath.
2021-12-27 13:44:11.420 DEBUG 12572 --- [    Test worker] i.g.r.utils.ReactorOnClasspathCondition  : Reactor related Aspect extensions are not activated because Reactor is not on the classpath.
2021-12-27 13:44:11.438 DEBUG 12572 --- [    Test worker] i.g.r.utils.RxJava2OnClasspathCondition  : RxJava2 related Aspect extensions are not activated, because RxJava2 is not on the classpath.
2021-12-27 13:44:11.455 DEBUG 12572 --- [    Test worker] i.g.r.utils.ReactorOnClasspathCondition  : Reactor related Aspect extensions are not activated because Reactor is not on the classpath.
2021-12-27 13:44:11.507 DEBUG 12572 --- [    Test worker] i.g.r.utils.RxJava2OnClasspathCondition  : RxJava2 related Aspect extensions are not activated, because RxJava2 is not on the classpath.
2021-12-27 13:44:11.511 DEBUG 12572 --- [    Test worker] i.g.r.utils.ReactorOnClasspathCondition  : Reactor related Aspect extensions are not activated because Reactor is not on the classpath.
2021-12-27 13:44:11.521 DEBUG 12572 --- [    Test worker] i.g.r.utils.RxJava2OnClasspathCondition  : RxJava2 related Aspect extensions are not activated, because RxJava2 is not on the classpath.
2021-12-27 13:44:11.523 DEBUG 12572 --- [    Test worker] i.g.r.utils.ReactorOnClasspathCondition  : Reactor related Aspect extensions are not activated because Reactor is not on the classpath.
2021-12-27 13:44:12.257  WARN 12572 --- [ntainer#0-0-C-1] org.apache.kafka.clients.NetworkClient   : [Consumer clientId=consumer-group_id-1, groupId=group_id] Connection to node -1 (localhost/127.0.0.1:9092) could not be established. Broker may not be available.
2021-12-27 13:44:12.258  WARN 12572 --- [ntainer#0-0-C-1] org.apache.kafka.clients.NetworkClient   : [Consumer clientId=consumer-group_id-1, groupId=group_id] Bootstrap broker localhost:9092 (id: -1 rack: null) disconnected
2021-12-27 13:44:12.848 DEBUG 12572 --- [    Test worker] c.s.c.config.AsyncConfiguration          : Creating Async Task Executor
2021-12-27 13:44:12.974 DEBUG 12572 --- [    Test worker] c.s.c.config.LiquibaseConfiguration      : Configuring Liquibase
Skipping auto-registration
2021-12-27 13:44:13.596  WARN 12572 --- [    Test worker] liquibase.hub                            : Skipping auto-registration
2021-12-27 13:44:14.564  WARN 12572 --- [ntainer#0-0-C-1] org.apache.kafka.clients.NetworkClient   : [Consumer clientId=consumer-group_id-1, groupId=group_id] Connection to node -1 (localhost/127.0.0.1:9092) could not be established. Broker may not be available.
2021-12-27 13:44:14.565  WARN 12572 --- [ntainer#0-0-C-1] org.apache.kafka.clients.NetworkClient   : [Consumer clientId=consumer-group_id-1, groupId=group_id] Bootstrap broker localhost:9092 (id: -1 rack: null) disconnected
2021-12-27 13:44:14.850 DEBUG 12572 --- [    Test worker] c.s.c.security.jwt.TokenProvider         : Using a Base64-encoded JWT secret key
2021-12-27 13:44:17.085 DEBUG 12572 --- [    Test worker] c.s.c.config.KafkaProducerConfig         : Kafka_Producer_Configuration
2021-12-27 13:44:17.174  WARN 12572 --- [ntainer#0-0-C-1] org.apache.kafka.clients.NetworkClient   : [Consumer clientId=consumer-group_id-1, groupId=group_id] Connection to node -1 (localhost/127.0.0.1:9092) could not be established. Broker may not be available.
2021-12-27 13:44:17.175  WARN 12572 --- [ntainer#0-0-C-1] org.apache.kafka.clients.NetworkClient   : [Consumer clientId=consumer-group_id-1, groupId=group_id] Bootstrap broker localhost:9092 (id: -1 rack: null) disconnected
2021-12-27 13:44:18.844 DEBUG 12572 --- [    Test worker] c.s.c.config.KafkaConsumerConfig         : KafkaConsumerConfig
2021-12-27 13:44:19.690  WARN 12572 --- [ntainer#0-0-C-1] org.apache.kafka.clients.NetworkClient   : [Consumer clientId=consumer-group_id-1, groupId=group_id] Connection to node -1 (localhost/127.0.0.1:9092) could not be established. Broker may not be available.
2021-12-27 13:44:19.691  WARN 12572 --- [ntainer#0-0-C-1] org.apache.kafka.clients.NetworkClient   : [Consumer clientId=consumer-group_id-1, groupId=group_id] Bootstrap broker localhost:9092 (id: -1 rack: null) disconnected
2021-12-27 13:44:21.066 DEBUG 12572 --- [    Test worker] _.s.web.servlet.HandlerMapping.Mappings  : 
	c.s.c.c.WebConfigurerTestController:
	{GET [/test/test-cors]}: testCorsOnOtherPath()
	{GET [/api/test-cors]}: testCorsOnApiPath()
2021-12-27 13:44:21.078 DEBUG 12572 --- [    Test worker] _.s.web.servlet.HandlerMapping.Mappings  : 
	c.s.c.r.e.ExceptionTranslatorTestController:
	{GET [/api/exception-translator-test/missing-servlet-request-part]}: missingServletRequestPartException(String)
	{GET [/api/exception-translator-test/internal-server-error]}: internalServerError()
	{GET [/api/exception-translator-test/response-status]}: exceptionWithResponseStatus()
	{GET [/api/exception-translator-test/missing-servlet-request-parameter]}: missingServletRequestParameterException(String)
	{GET [/api/exception-translator-test/access-denied]}: accessdenied()
	{GET [/api/exception-translator-test/concurrency-failure]}: concurrencyFailure()
	{POST [/api/exception-translator-test/method-argument]}: methodArgument(TestDTO)
	{GET [/api/exception-translator-test/unauthorized]}: unauthorized()
2021-12-27 13:44:21.086 DEBUG 12572 --- [    Test worker] _.s.web.servlet.HandlerMapping.Mappings  : 
	c.s.c.r.DataIngectionResource:
	{POST [/ingection/batcharray/{collectionName}]}: batcharray(String,String)
	{POST [/ingection/batchcollection/{collectionName}]}: batchcollection(String,String)
2021-12-27 13:44:21.089 DEBUG 12572 --- [    Test worker] _.s.web.servlet.HandlerMapping.Mappings  : 
	c.s.c.r.DataInjectionResource:
	{POST [/injection/data]}: parseArray(String)
	{POST [/injection/batch]}: parseBatch(String)
2021-12-27 13:44:21.094 DEBUG 12572 --- [    Test worker] _.s.web.servlet.HandlerMapping.Mappings  : 
	c.s.c.r.KafkaResource:
	{POST [/kafka/add/{addtoQueue}]}: sendData(String)
2021-12-27 13:44:21.098 DEBUG 12572 --- [    Test worker] _.s.web.servlet.HandlerMapping.Mappings  : 
	c.s.c.r.SolrCollectionResource:
	{DELETE [/searchservice/table/delete]}: delete(SolrDeleteCollectionDTO)
	{POST [/searchservice/table/create]}: create(SolrCreateCollectionDTO)
	{PUT [/searchservice/table/rename]}: rename(SolrRenameCollectionDTO)
	{GET [/searchservice/table/collections]}: collections()
	{GET [/searchservice/table/capacity-plans]}: capacityPlans()
	{GET [/searchservice/table/isCollectionExists/{collectionName}]}: isCollectionExits(String)
2021-12-27 13:44:21.106 DEBUG 12572 --- [    Test worker] _.s.web.servlet.HandlerMapping.Mappings  : 
	c.s.c.r.SolrCoreResource:
	{GET [/solr-core/status/{name}]}: status(String)
	{DELETE [/solr-core/delete]}: delete(SolrSingleCoreDTO)
	{POST [/solr-core/create]}: create(SolrSingleCoreDTO)
	{PUT [/solr-core/swap]}: swap(SolrDoubleCoreDTO)
	{PUT [/solr-core/rename]}: rename(SolrDoubleCoreDTO)
	{POST [/solr-core/reload]}: reload(SolrSingleCoreDTO)
2021-12-27 13:44:21.109 DEBUG 12572 --- [    Test worker] _.s.web.servlet.HandlerMapping.Mappings  : 
	c.s.c.r.SolrDocParserResource:
	{POST [/ingest/upload], consumes [multipart/form-data]}: fileUpload(MultipartFile)
2021-12-27 13:44:21.112 DEBUG 12572 --- [    Test worker] _.s.web.servlet.HandlerMapping.Mappings  : 
	c.s.c.r.SolrInputDocumentResource:
	{POST [/documents/{collectionName}]}: documents(String,String)
	{POST [/document/{collectionName}]}: document(String,String)
2021-12-27 13:44:21.116 DEBUG 12572 --- [    Test worker] _.s.web.servlet.HandlerMapping.Mappings  : 
	c.s.c.r.SolrSchemaResource:
	{GET [/schema/get/{tableName}/{name}]}: get(String,String)
	{PUT [/schema/update/{tableName}/{name}]}: update(String,String,SolrSchemaDTO)
	{DELETE [/schema/delete/{tableName}/{name}]}: delete(String,String)
	{POST [/schema/create]}: create(SolrSchemaDTO)
2021-12-27 13:44:21.138 DEBUG 12572 --- [    Test worker] _.s.web.servlet.HandlerMapping.Mappings  : 
	c.s.c.r.TestingController:
	{GET [/addDocument]}: addDocument()
2021-12-27 13:44:21.141 DEBUG 12572 --- [    Test worker] _.s.web.servlet.HandlerMapping.Mappings  : 
	c.s.c.r.ThrottlerResource:
	{GET [/throttle/health]}: checkHealth()
	{GET [/throttle/testMRS]}: demoMRSThrottler(String)
	{GET [/throttle/collections]}: throttleCollectionResource()
	{GET [/throttle/test]}: demoRateLimiterThrottler()
2021-12-27 13:44:21.143 DEBUG 12572 --- [    Test worker] _.s.web.servlet.HandlerMapping.Mappings  : 
	c.s.c.r.UserJWTController:
	{POST [/api/authenticate]}: authorize(LoginVM)
2021-12-27 13:44:21.147 DEBUG 12572 --- [    Test worker] _.s.web.servlet.HandlerMapping.Mappings  : 
	o.s.b.a.w.s.e.BasicErrorController:
	{ [/error]}: error(HttpServletRequest)
	{ [/error], produces [text/html]}: errorHtml(HttpServletRequest,HttpServletResponse)
2021-12-27 13:44:21.159 DEBUG 12572 --- [    Test worker] _.s.web.servlet.HandlerMapping.Mappings  : 
	o.s.w.a.OpenApiWebMvcResource:
	{GET [/v3/api-docs], produces [application/json]}: openapiJson(HttpServletRequest,String)
	{GET [/v3/api-docs.yaml], produces [application/vnd.oai.openapi]}: openapiYaml(HttpServletRequest,String)
2021-12-27 13:44:21.173 DEBUG 12572 --- [    Test worker] _.s.web.servlet.HandlerMapping.Mappings  : 
	o.s.w.u.SwaggerWelcomeWebMvc:
	{GET [/v3/api-docs/swagger-config], produces [application/json]}: openapiJson(HttpServletRequest)
	{GET [/swagger-ui.html]}: redirectToUi(HttpServletRequest)
2021-12-27 13:44:21.521 DEBUG 12572 --- [    Test worker] _.s.web.servlet.HandlerMapping.Mappings  : 'beanNameHandlerMapping' {}
2021-12-27 13:44:22.216  WARN 12572 --- [ntainer#0-0-C-1] org.apache.kafka.clients.NetworkClient   : [Consumer clientId=consumer-group_id-1, groupId=group_id] Connection to node -1 (localhost/127.0.0.1:9092) could not be established. Broker may not be available.
2021-12-27 13:44:22.229  WARN 12572 --- [ntainer#0-0-C-1] org.apache.kafka.clients.NetworkClient   : [Consumer clientId=consumer-group_id-1, groupId=group_id] Bootstrap broker localhost:9092 (id: -1 rack: null) disconnected
2021-12-27 13:44:24.082 DEBUG 12572 --- [    Test worker] _.s.web.servlet.HandlerMapping.Mappings  : 'resourceHandlerMapping' {/webjars/**=ResourceHttpRequestHandler [Classpath [META-INF/resources/webjars/]], /**=ResourceHttpRequestHandler [Classpath [META-INF/resources/], Classpath [resources/], Classpath [static/], Classpath [public/], ServletContext [/]], /swagger-ui*/**=ResourceHttpRequestHandler [Classpath [META-INF/resources/webjars/]]}
2021-12-27 13:44:25.271  WARN 12572 --- [ntainer#0-0-C-1] org.apache.kafka.clients.NetworkClient   : [Consumer clientId=consumer-group_id-1, groupId=group_id] Connection to node -1 (localhost/127.0.0.1:9092) could not be established. Broker may not be available.
2021-12-27 13:44:25.272  WARN 12572 --- [ntainer#0-0-C-1] org.apache.kafka.clients.NetworkClient   : [Consumer clientId=consumer-group_id-1, groupId=group_id] Bootstrap broker localhost:9092 (id: -1 rack: null) disconnected
2021-12-27 13:44:26.882  INFO 12572 --- [    Test worker] c.s.c.rest.errors.ExceptionTranslatorIT  : Started ExceptionTranslatorIT in 17.264 seconds (JVM running for 89.515)
2021-12-27 13:44:27.043  WARN 12572 --- [    Test worker] o.z.problem.spring.common.AdviceTraits   : Bad Request: Required request part 'part' is not present
2021-12-27 13:44:27.321  WARN 12572 --- [    Test worker] o.z.problem.spring.common.AdviceTraits   : Bad Request: Required request parameter 'param' for method parameter type String is not present
2021-12-27 13:44:27.336  WARN 12572 --- [    Test worker] o.z.problem.spring.common.AdviceTraits   : Forbidden: test access denied!
2021-12-27 13:44:27.358 ERROR 12572 --- [    Test worker] o.z.problem.spring.common.AdviceTraits   : Internal Server Error

java.lang.RuntimeException: null
	at com.solr.clientwrapper.rest.errors.ExceptionTranslatorTestController.internalServerError(ExceptionTranslatorTestController.java:46)
	at java.base/jdk.internal.reflect.NativeMethodAccessorImpl.invoke0(Native Method)
	at java.base/jdk.internal.reflect.NativeMethodAccessorImpl.invoke(NativeMethodAccessorImpl.java:62)
	at java.base/jdk.internal.reflect.DelegatingMethodAccessorImpl.invoke(DelegatingMethodAccessorImpl.java:43)
	at java.base/java.lang.reflect.Method.invoke(Method.java:566)
	at org.springframework.web.method.support.InvocableHandlerMethod.doInvoke(InvocableHandlerMethod.java:197)
	at org.springframework.web.method.support.InvocableHandlerMethod.invokeForRequest(InvocableHandlerMethod.java:141)
	at org.springframework.web.servlet.mvc.method.annotation.ServletInvocableHandlerMethod.invokeAndHandle(ServletInvocableHandlerMethod.java:106)
	at org.springframework.web.servlet.mvc.method.annotation.RequestMappingHandlerAdapter.invokeHandlerMethod(RequestMappingHandlerAdapter.java:894)
	at org.springframework.web.servlet.mvc.method.annotation.RequestMappingHandlerAdapter.handleInternal(RequestMappingHandlerAdapter.java:808)
	at org.springframework.web.servlet.mvc.method.AbstractHandlerMethodAdapter.handle(AbstractHandlerMethodAdapter.java:87)
	at org.springframework.web.servlet.DispatcherServlet.doDispatch(DispatcherServlet.java:1063)
	at org.springframework.web.servlet.DispatcherServlet.doService(DispatcherServlet.java:963)
	at org.springframework.web.servlet.FrameworkServlet.processRequest(FrameworkServlet.java:1006)
	at org.springframework.web.servlet.FrameworkServlet.doGet(FrameworkServlet.java:898)
	at javax.servlet.http.HttpServlet.service(HttpServlet.java:497)
	at org.springframework.web.servlet.FrameworkServlet.service(FrameworkServlet.java:883)
	at org.springframework.test.web.servlet.TestDispatcherServlet.service(TestDispatcherServlet.java:72)
	at javax.servlet.http.HttpServlet.service(HttpServlet.java:584)
	at org.springframework.mock.web.MockFilterChain$ServletFilterProxy.doFilter(MockFilterChain.java:167)
	at org.springframework.mock.web.MockFilterChain.doFilter(MockFilterChain.java:134)
	at org.springframework.web.filter.OncePerRequestFilter.doFilter(OncePerRequestFilter.java:113)
	at org.springframework.mock.web.MockFilterChain.doFilter(MockFilterChain.java:134)
	at org.springframework.web.servlet.resource.ResourceUrlEncodingFilter.doFilter(ResourceUrlEncodingFilter.java:67)
	at org.springframework.mock.web.MockFilterChain.doFilter(MockFilterChain.java:134)
	at org.springframework.security.web.FilterChainProxy$VirtualFilterChain.doFilter(FilterChainProxy.java:327)
	at org.springframework.security.web.access.intercept.FilterSecurityInterceptor.invoke(FilterSecurityInterceptor.java:115)
	at org.springframework.security.web.access.intercept.FilterSecurityInterceptor.doFilter(FilterSecurityInterceptor.java:81)
	at org.springframework.security.web.FilterChainProxy$VirtualFilterChain.doFilter(FilterChainProxy.java:336)
	at org.springframework.security.web.access.ExceptionTranslationFilter.doFilter(ExceptionTranslationFilter.java:119)
	at org.springframework.security.web.access.ExceptionTranslationFilter.doFilter(ExceptionTranslationFilter.java:113)
	at org.springframework.security.web.FilterChainProxy$VirtualFilterChain.doFilter(FilterChainProxy.java:336)
	at org.springframework.security.web.session.SessionManagementFilter.doFilter(SessionManagementFilter.java:126)
	at org.springframework.security.web.session.SessionManagementFilter.doFilter(SessionManagementFilter.java:81)
	at org.springframework.security.web.FilterChainProxy$VirtualFilterChain.doFilter(FilterChainProxy.java:336)
	at org.springframework.security.web.authentication.AnonymousAuthenticationFilter.doFilter(AnonymousAuthenticationFilter.java:105)
	at org.springframework.security.web.FilterChainProxy$VirtualFilterChain.doFilter(FilterChainProxy.java:336)
	at org.springframework.security.web.servletapi.SecurityContextHolderAwareRequestFilter.doFilter(SecurityContextHolderAwareRequestFilter.java:149)
	at org.springframework.security.web.FilterChainProxy$VirtualFilterChain.doFilter(FilterChainProxy.java:336)
	at org.springframework.security.web.savedrequest.RequestCacheAwareFilter.doFilter(RequestCacheAwareFilter.java:63)
	at org.springframework.security.web.FilterChainProxy$VirtualFilterChain.doFilter(FilterChainProxy.java:336)
	at org.springframework.security.web.authentication.www.BasicAuthenticationFilter.doFilterInternal(BasicAuthenticationFilter.java:149)
	at org.springframework.web.filter.OncePerRequestFilter.doFilter(OncePerRequestFilter.java:119)
	at org.springframework.security.web.FilterChainProxy$VirtualFilterChain.doFilter(FilterChainProxy.java:336)
	at com.solr.clientwrapper.security.jwt.JWTFilter.doFilter(JWTFilter.java:37)
	at org.springframework.security.web.FilterChainProxy$VirtualFilterChain.doFilter(FilterChainProxy.java:336)
	at org.springframework.web.filter.CorsFilter.doFilterInternal(CorsFilter.java:91)
	at org.springframework.web.filter.OncePerRequestFilter.doFilter(OncePerRequestFilter.java:119)
	at org.springframework.security.web.FilterChainProxy$VirtualFilterChain.doFilter(FilterChainProxy.java:336)
	at org.springframework.security.web.authentication.logout.LogoutFilter.doFilter(LogoutFilter.java:103)
	at org.springframework.security.web.authentication.logout.LogoutFilter.doFilter(LogoutFilter.java:89)
	at org.springframework.security.web.FilterChainProxy$VirtualFilterChain.doFilter(FilterChainProxy.java:336)
	at org.springframework.security.web.header.HeaderWriterFilter.doHeadersAfter(HeaderWriterFilter.java:90)
	at org.springframework.security.web.header.HeaderWriterFilter.doFilterInternal(HeaderWriterFilter.java:75)
	at org.springframework.web.filter.OncePerRequestFilter.doFilter(OncePerRequestFilter.java:119)
	at org.springframework.security.web.FilterChainProxy$VirtualFilterChain.doFilter(FilterChainProxy.java:336)
	at org.springframework.security.web.context.SecurityContextPersistenceFilter.doFilter(SecurityContextPersistenceFilter.java:110)
	at org.springframework.security.web.context.SecurityContextPersistenceFilter.doFilter(SecurityContextPersistenceFilter.java:80)
	at org.springframework.security.web.FilterChainProxy$VirtualFilterChain.doFilter(FilterChainProxy.java:336)
	at org.springframework.security.web.context.request.async.WebAsyncManagerIntegrationFilter.doFilterInternal(WebAsyncManagerIntegrationFilter.java:55)
	at org.springframework.web.filter.OncePerRequestFilter.doFilter(OncePerRequestFilter.java:119)
	at org.springframework.security.web.FilterChainProxy$VirtualFilterChain.doFilter(FilterChainProxy.java:336)
	at org.springframework.security.web.FilterChainProxy.doFilterInternal(FilterChainProxy.java:211)
	at org.springframework.security.web.FilterChainProxy.doFilter(FilterChainProxy.java:183)
	at org.springframework.web.filter.DelegatingFilterProxy.invokeDelegate(DelegatingFilterProxy.java:358)
	at org.springframework.web.filter.DelegatingFilterProxy.doFilter(DelegatingFilterProxy.java:271)
	at org.springframework.mock.web.MockFilterChain.doFilter(MockFilterChain.java:134)
	at org.springframework.web.filter.RequestContextFilter.doFilterInternal(RequestContextFilter.java:100)
	at org.springframework.web.filter.OncePerRequestFilter.doFilter(OncePerRequestFilter.java:119)
	at org.springframework.mock.web.MockFilterChain.doFilter(MockFilterChain.java:134)
	at org.springframework.web.filter.FormContentFilter.doFilterInternal(FormContentFilter.java:93)
	at org.springframework.web.filter.OncePerRequestFilter.doFilter(OncePerRequestFilter.java:119)
	at org.springframework.mock.web.MockFilterChain.doFilter(MockFilterChain.java:134)
	at org.springframework.boot.actuate.metrics.web.servlet.WebMvcMetricsFilter.doFilterInternal(WebMvcMetricsFilter.java:97)
	at org.springframework.web.filter.OncePerRequestFilter.doFilter(OncePerRequestFilter.java:119)
	at org.springframework.mock.web.MockFilterChain.doFilter(MockFilterChain.java:134)
	at org.springframework.web.filter.CharacterEncodingFilter.doFilterInternal(CharacterEncodingFilter.java:201)
	at org.springframework.web.filter.OncePerRequestFilter.doFilter(OncePerRequestFilter.java:119)
	at org.springframework.mock.web.MockFilterChain.doFilter(MockFilterChain.java:134)
	at org.springframework.test.web.servlet.MockMvc.perform(MockMvc.java:199)
	at com.solr.clientwrapper.rest.errors.ExceptionTranslatorIT.testInternalServerError(ExceptionTranslatorIT.java:111)
	at java.base/jdk.internal.reflect.NativeMethodAccessorImpl.invoke0(Native Method)
	at java.base/jdk.internal.reflect.NativeMethodAccessorImpl.invoke(NativeMethodAccessorImpl.java:62)
	at java.base/jdk.internal.reflect.DelegatingMethodAccessorImpl.invoke(DelegatingMethodAccessorImpl.java:43)
	at java.base/java.lang.reflect.Method.invoke(Method.java:566)
	at org.junit.platform.commons.util.ReflectionUtils.invokeMethod(ReflectionUtils.java:725)
	at org.junit.jupiter.engine.execution.MethodInvocation.proceed(MethodInvocation.java:60)
	at org.junit.jupiter.engine.execution.InvocationInterceptorChain$ValidatingInvocation.proceed(InvocationInterceptorChain.java:131)
	at org.junit.jupiter.engine.extension.TimeoutExtension.intercept(TimeoutExtension.java:149)
	at org.junit.jupiter.engine.extension.TimeoutExtension.interceptTestableMethod(TimeoutExtension.java:140)
	at org.junit.jupiter.engine.extension.TimeoutExtension.interceptTestMethod(TimeoutExtension.java:84)
	at org.junit.jupiter.engine.execution.ExecutableInvoker$ReflectiveInterceptorCall.lambda$ofVoidMethod$0(ExecutableInvoker.java:115)
	at org.junit.jupiter.engine.execution.ExecutableInvoker.lambda$invoke$0(ExecutableInvoker.java:105)
	at org.junit.jupiter.engine.execution.InvocationInterceptorChain$InterceptedInvocation.proceed(InvocationInterceptorChain.java:106)
	at org.junit.jupiter.engine.execution.InvocationInterceptorChain.proceed(InvocationInterceptorChain.java:64)
	at org.junit.jupiter.engine.execution.InvocationInterceptorChain.chainAndInvoke(InvocationInterceptorChain.java:45)
	at org.junit.jupiter.engine.execution.InvocationInterceptorChain.invoke(InvocationInterceptorChain.java:37)
	at org.junit.jupiter.engine.execution.ExecutableInvoker.invoke(ExecutableInvoker.java:104)
	at org.junit.jupiter.engine.execution.ExecutableInvoker.invoke(ExecutableInvoker.java:98)
	at org.junit.jupiter.engine.descriptor.TestMethodTestDescriptor.lambda$invokeTestMethod$7(TestMethodTestDescriptor.java:214)
	at org.junit.platform.engine.support.hierarchical.ThrowableCollector.execute(ThrowableCollector.java:73)
	at org.junit.jupiter.engine.descriptor.TestMethodTestDescriptor.invokeTestMethod(TestMethodTestDescriptor.java:210)
	at org.junit.jupiter.engine.descriptor.TestMethodTestDescriptor.execute(TestMethodTestDescriptor.java:135)
	at org.junit.jupiter.engine.descriptor.TestMethodTestDescriptor.execute(TestMethodTestDescriptor.java:66)
	at org.junit.platform.engine.support.hierarchical.NodeTestTask.lambda$executeRecursively$6(NodeTestTask.java:151)
	at org.junit.platform.engine.support.hierarchical.ThrowableCollector.execute(ThrowableCollector.java:73)
	at org.junit.platform.engine.support.hierarchical.NodeTestTask.lambda$executeRecursively$8(NodeTestTask.java:141)
	at org.junit.platform.engine.support.hierarchical.Node.around(Node.java:137)
	at org.junit.platform.engine.support.hierarchical.NodeTestTask.lambda$executeRecursively$9(NodeTestTask.java:139)
	at org.junit.platform.engine.support.hierarchical.ThrowableCollector.execute(ThrowableCollector.java:73)
	at org.junit.platform.engine.support.hierarchical.NodeTestTask.executeRecursively(NodeTestTask.java:138)
	at org.junit.platform.engine.support.hierarchical.NodeTestTask.execute(NodeTestTask.java:95)
	at java.base/java.util.ArrayList.forEach(ArrayList.java:1541)
	at org.junit.platform.engine.support.hierarchical.SameThreadHierarchicalTestExecutorService.invokeAll(SameThreadHierarchicalTestExecutorService.java:41)
	at org.junit.platform.engine.support.hierarchical.NodeTestTask.lambda$executeRecursively$6(NodeTestTask.java:155)
	at org.junit.platform.engine.support.hierarchical.ThrowableCollector.execute(ThrowableCollector.java:73)
	at org.junit.platform.engine.support.hierarchical.NodeTestTask.lambda$executeRecursively$8(NodeTestTask.java:141)
	at org.junit.platform.engine.support.hierarchical.Node.around(Node.java:137)
	at org.junit.platform.engine.support.hierarchical.NodeTestTask.lambda$executeRecursively$9(NodeTestTask.java:139)
	at org.junit.platform.engine.support.hierarchical.ThrowableCollector.execute(ThrowableCollector.java:73)
	at org.junit.platform.engine.support.hierarchical.NodeTestTask.executeRecursively(NodeTestTask.java:138)
	at org.junit.platform.engine.support.hierarchical.NodeTestTask.execute(NodeTestTask.java:95)
	at java.base/java.util.ArrayList.forEach(ArrayList.java:1541)
	at org.junit.platform.engine.support.hierarchical.SameThreadHierarchicalTestExecutorService.invokeAll(SameThreadHierarchicalTestExecutorService.java:41)
	at org.junit.platform.engine.support.hierarchical.NodeTestTask.lambda$executeRecursively$6(NodeTestTask.java:155)
	at org.junit.platform.engine.support.hierarchical.ThrowableCollector.execute(ThrowableCollector.java:73)
	at org.junit.platform.engine.support.hierarchical.NodeTestTask.lambda$executeRecursively$8(NodeTestTask.java:141)
	at org.junit.platform.engine.support.hierarchical.Node.around(Node.java:137)
	at org.junit.platform.engine.support.hierarchical.NodeTestTask.lambda$executeRecursively$9(NodeTestTask.java:139)
	at org.junit.platform.engine.support.hierarchical.ThrowableCollector.execute(ThrowableCollector.java:73)
	at org.junit.platform.engine.support.hierarchical.NodeTestTask.executeRecursively(NodeTestTask.java:138)
	at org.junit.platform.engine.support.hierarchical.NodeTestTask.execute(NodeTestTask.java:95)
	at org.junit.platform.engine.support.hierarchical.SameThreadHierarchicalTestExecutorService.submit(SameThreadHierarchicalTestExecutorService.java:35)
	at org.junit.platform.engine.support.hierarchical.HierarchicalTestExecutor.execute(HierarchicalTestExecutor.java:57)
	at org.junit.platform.engine.support.hierarchical.HierarchicalTestEngine.execute(HierarchicalTestEngine.java:54)
	at org.junit.platform.launcher.core.EngineExecutionOrchestrator.execute(EngineExecutionOrchestrator.java:108)
	at org.junit.platform.launcher.core.EngineExecutionOrchestrator.execute(EngineExecutionOrchestrator.java:88)
	at org.junit.platform.launcher.core.EngineExecutionOrchestrator.lambda$execute$0(EngineExecutionOrchestrator.java:54)
	at org.junit.platform.launcher.core.EngineExecutionOrchestrator.withInterceptedStreams(EngineExecutionOrchestrator.java:67)
	at org.junit.platform.launcher.core.EngineExecutionOrchestrator.execute(EngineExecutionOrchestrator.java:52)
	at org.junit.platform.launcher.core.DefaultLauncher.execute(DefaultLauncher.java:96)
	at org.junit.platform.launcher.core.DefaultLauncher.execute(DefaultLauncher.java:75)
	at org.gradle.api.internal.tasks.testing.junitplatform.JUnitPlatformTestClassProcessor$CollectAllTestClassesExecutor.processAllTestClasses(JUnitPlatformTestClassProcessor.java:99)
	at org.gradle.api.internal.tasks.testing.junitplatform.JUnitPlatformTestClassProcessor$CollectAllTestClassesExecutor.access$000(JUnitPlatformTestClassProcessor.java:79)
	at org.gradle.api.internal.tasks.testing.junitplatform.JUnitPlatformTestClassProcessor.stop(JUnitPlatformTestClassProcessor.java:75)
	at org.gradle.api.internal.tasks.testing.SuiteTestClassProcessor.stop(SuiteTestClassProcessor.java:61)
	at java.base/jdk.internal.reflect.NativeMethodAccessorImpl.invoke0(Native Method)
	at java.base/jdk.internal.reflect.NativeMethodAccessorImpl.invoke(NativeMethodAccessorImpl.java:62)
	at java.base/jdk.internal.reflect.DelegatingMethodAccessorImpl.invoke(DelegatingMethodAccessorImpl.java:43)
	at java.base/java.lang.reflect.Method.invoke(Method.java:566)
	at org.gradle.internal.dispatch.ReflectionDispatch.dispatch(ReflectionDispatch.java:36)
	at org.gradle.internal.dispatch.ReflectionDispatch.dispatch(ReflectionDispatch.java:24)
	at org.gradle.internal.dispatch.ContextClassLoaderDispatch.dispatch(ContextClassLoaderDispatch.java:33)
	at org.gradle.internal.dispatch.ProxyDispatchAdapter$DispatchingInvocationHandler.invoke(ProxyDispatchAdapter.java:94)
	at com.sun.proxy.$Proxy5.stop(Unknown Source)
	at org.gradle.api.internal.tasks.testing.worker.TestWorker.stop(TestWorker.java:135)
	at java.base/jdk.internal.reflect.NativeMethodAccessorImpl.invoke0(Native Method)
	at java.base/jdk.internal.reflect.NativeMethodAccessorImpl.invoke(NativeMethodAccessorImpl.java:62)
	at java.base/jdk.internal.reflect.DelegatingMethodAccessorImpl.invoke(DelegatingMethodAccessorImpl.java:43)
	at java.base/java.lang.reflect.Method.invoke(Method.java:566)
	at org.gradle.internal.dispatch.ReflectionDispatch.dispatch(ReflectionDispatch.java:36)
	at org.gradle.internal.dispatch.ReflectionDispatch.dispatch(ReflectionDispatch.java:24)
	at org.gradle.internal.remote.internal.hub.MessageHubBackedObjectConnection$DispatchWrapper.dispatch(MessageHubBackedObjectConnection.java:182)
	at org.gradle.internal.remote.internal.hub.MessageHubBackedObjectConnection$DispatchWrapper.dispatch(MessageHubBackedObjectConnection.java:164)
	at org.gradle.internal.remote.internal.hub.MessageHub$Handler.run(MessageHub.java:414)
	at org.gradle.internal.concurrent.ExecutorPolicy$CatchAndRecordFailures.onExecute(ExecutorPolicy.java:64)
	at org.gradle.internal.concurrent.ManagedExecutorImpl$1.run(ManagedExecutorImpl.java:48)
	at java.base/java.util.concurrent.ThreadPoolExecutor.runWorker(ThreadPoolExecutor.java:1128)
	at java.base/java.util.concurrent.ThreadPoolExecutor$Worker.run(ThreadPoolExecutor.java:628)
	at org.gradle.internal.concurrent.ThreadFactoryImpl$ManagedThreadRunnable.run(ThreadFactoryImpl.java:56)
	at java.base/java.lang.Thread.run(Thread.java:829)

2021-12-27 13:44:27.382  WARN 12572 --- [    Test worker] o.z.problem.spring.common.AdviceTraits   : Method Not Allowed: Request method 'POST' not supported
2021-12-27 13:44:27.398  WARN 12572 --- [    Test worker] o.z.problem.spring.common.AdviceTraits   : Bad Request: null
2021-12-27 13:44:27.601  WARN 12572 --- [    Test worker] o.z.problem.spring.common.AdviceTraits   : Bad Request: Validation failed for argument [0] in public void com.solr.clientwrapper.rest.errors.ExceptionTranslatorTestController.methodArgument(com.solr.clientwrapper.rest.errors.ExceptionTranslatorTestController$TestDTO): [Field error in object 'testDTO' on field 'test': rejected value [null]; codes [NotNull.testDTO.test,NotNull.test,NotNull.java.lang.String,NotNull]; arguments [org.springframework.context.support.DefaultMessageSourceResolvable: codes [testDTO.test,test]; arguments []; default message [test]]; default message [must not be null]] 
2021-12-27 13:44:27.624  WARN 12572 --- [    Test worker] o.z.problem.spring.common.AdviceTraits   : Unauthorized: test authentication failed!
2021-12-27 13:44:27.641  WARN 12572 --- [    Test worker] o.z.problem.spring.common.AdviceTraits   : Conflict: test concurrency failure
]]></system-out>
  <system-err><![CDATA[]]></system-err>
</testsuite>
