<?xml version="1.0" encoding="UTF-8"?>
<testsuite name="com.solr.clientwrapper.security.SecurityUtilsUnitTest" tests="5" skipped="0" failures="0" errors="0" timestamp="2021-12-27T08:12:27" hostname="DESKTOP-VAOA8DC" time="0.019">
  <properties/>
  <testcase name="testGetCurrentUserLogin()" classname="com.solr.clientwrapper.security.SecurityUtilsUnitTest" time="0.009"/>
  <testcase name="testIsAuthenticated()" classname="com.solr.clientwrapper.security.SecurityUtilsUnitTest" time="0.002"/>
  <testcase name="testHasCurrentUserThisAuthority()" classname="com.solr.clientwrapper.security.SecurityUtilsUnitTest" time="0.001"/>
  <testcase name="testGetCurrentUserJWT()" classname="com.solr.clientwrapper.security.SecurityUtilsUnitTest" time="0.001"/>
  <testcase name="testAnonymousIsNotAuthenticated()" classname="com.solr.clientwrapper.security.SecurityUtilsUnitTest" time="0.001"/>
  <system-out><![CDATA[]]></system-out>
  <system-err><![CDATA[]]></system-err>
</testsuite>
