<?xml version="1.0" encoding="UTF-8"?>
<testsuite name="com.solr.clientwrapper.solrwrapper.SolrCollectionTest" tests="6" skipped="0" failures="0" errors="0" timestamp="2021-12-27T08:12:46" hostname="DESKTOP-VAOA8DC" time="0.339">
  <properties/>
  <testcase name="testGetSolrCollections()" classname="com.solr.clientwrapper.solrwrapper.SolrCollectionTest" time="0.045"/>
  <testcase name="testRenameSolrCollection()" classname="com.solr.clientwrapper.solrwrapper.SolrCollectionTest" time="0.102"/>
  <testcase name="testIsCollectionExists()" classname="com.solr.clientwrapper.solrwrapper.SolrCollectionTest" time="0.045"/>
  <testcase name="testCreateSolrCollection()" classname="com.solr.clientwrapper.solrwrapper.SolrCollectionTest" time="0.042"/>
  <testcase name="testDeleteSolrCollection()" classname="com.solr.clientwrapper.solrwrapper.SolrCollectionTest" time="0.043"/>
  <testcase name="testCapacityPlans()" classname="com.solr.clientwrapper.solrwrapper.SolrCollectionTest" time="0.048"/>
  <system-out><![CDATA[
        ??? ???   ??? ????????? ????????   ??????? ????????? ????????? ????????
        ??? ???   ??? ????????? ????????? ???????? ????????? ????????? ?????????
        ??? ?????????    ???    ????????? ???????     ???    ???????   ?????????
  ???   ??? ?????????    ???    ????????   ???????    ???    ???????   ????????
  ????????? ???   ??? ????????? ???       ????????    ???    ????????? ???  ????
   ???????  ???   ??? ????????? ???       ???????     ???    ????????? ???   ???

:: JHipster ?  :: Running Spring Boot 2.5.4 ::
:: https://www.jhipster.tech ::

2021-12-27 13:42:37.085  INFO 14824 --- [    Test worker] c.s.c.solrwrapper.SolrCollectionTest     : Starting SolrCollectionTest using Java 11.0.12 on DESKTOP-VAOA8DC with PID 14824 (started by user in D:\search-as-service)
2021-12-27 13:42:37.085 DEBUG 14824 --- [    Test worker] c.s.c.solrwrapper.SolrCollectionTest     : Running with Spring Boot v2.5.4, Spring v5.3.13
2021-12-27 13:42:37.088  INFO 14824 --- [    Test worker] c.s.c.solrwrapper.SolrCollectionTest     : No active profile set, falling back to default profiles: default
2021-12-27 13:42:37.093  WARN 14824 --- [    Test worker] o.s.b.c.config.ConfigDataEnvironment     : Property 'spring.profiles' imported from location 'class path resource [config/application.yml]' is invalid and should be replaced with 'spring.config.activate.on-profile' [origin: class path resource [config/application.yml] - 17:12]
2021-12-27 13:42:37.985 DEBUG 14824 --- [    Test worker] i.g.r.utils.RxJava2OnClasspathCondition  : RxJava2 related Aspect extensions are not activated, because RxJava2 is not on the classpath.
2021-12-27 13:42:37.987 DEBUG 14824 --- [    Test worker] i.g.r.utils.ReactorOnClasspathCondition  : Reactor related Aspect extensions are not activated because Reactor is not on the classpath.
2021-12-27 13:42:37.996 DEBUG 14824 --- [    Test worker] i.g.r.utils.RxJava2OnClasspathCondition  : RxJava2 related Aspect extensions are not activated, because RxJava2 is not on the classpath.
2021-12-27 13:42:37.997 DEBUG 14824 --- [    Test worker] i.g.r.utils.ReactorOnClasspathCondition  : Reactor related Aspect extensions are not activated because Reactor is not on the classpath.
2021-12-27 13:42:38.014 DEBUG 14824 --- [    Test worker] i.g.r.utils.RxJava2OnClasspathCondition  : RxJava2 related Aspect extensions are not activated, because RxJava2 is not on the classpath.
2021-12-27 13:42:38.016 DEBUG 14824 --- [    Test worker] i.g.r.utils.ReactorOnClasspathCondition  : Reactor related Aspect extensions are not activated because Reactor is not on the classpath.
2021-12-27 13:42:38.027 DEBUG 14824 --- [    Test worker] i.g.r.utils.RxJava2OnClasspathCondition  : RxJava2 related Aspect extensions are not activated, because RxJava2 is not on the classpath.
2021-12-27 13:42:38.028 DEBUG 14824 --- [    Test worker] i.g.r.utils.ReactorOnClasspathCondition  : Reactor related Aspect extensions are not activated because Reactor is not on the classpath.
2021-12-27 13:42:38.037 DEBUG 14824 --- [    Test worker] i.g.r.utils.RxJava2OnClasspathCondition  : RxJava2 related Aspect extensions are not activated, because RxJava2 is not on the classpath.
2021-12-27 13:42:38.038 DEBUG 14824 --- [    Test worker] i.g.r.utils.ReactorOnClasspathCondition  : Reactor related Aspect extensions are not activated because Reactor is not on the classpath.
2021-12-27 13:42:38.047 DEBUG 14824 --- [    Test worker] i.g.r.utils.RxJava2OnClasspathCondition  : RxJava2 related Aspect extensions are not activated, because RxJava2 is not on the classpath.
2021-12-27 13:42:38.048 DEBUG 14824 --- [    Test worker] i.g.r.utils.ReactorOnClasspathCondition  : Reactor related Aspect extensions are not activated because Reactor is not on the classpath.
2021-12-27 13:42:38.192  WARN 14824 --- [ntainer#0-0-C-1] org.apache.kafka.clients.NetworkClient   : [Consumer clientId=consumer-group_id-2, groupId=group_id] Connection to node -1 (localhost/127.0.0.1:9092) could not be established. Broker may not be available.
2021-12-27 13:42:38.192  WARN 14824 --- [ntainer#0-0-C-1] org.apache.kafka.clients.NetworkClient   : [Consumer clientId=consumer-group_id-2, groupId=group_id] Bootstrap broker localhost:9092 (id: -1 rack: null) disconnected
2021-12-27 13:42:38.330  WARN 14824 --- [ntainer#0-0-C-1] org.apache.kafka.clients.NetworkClient   : [Consumer clientId=consumer-group_id-1, groupId=group_id] Connection to node -1 (localhost/127.0.0.1:9092) could not be established. Broker may not be available.
2021-12-27 13:42:38.331  WARN 14824 --- [ntainer#0-0-C-1] org.apache.kafka.clients.NetworkClient   : [Consumer clientId=consumer-group_id-1, groupId=group_id] Bootstrap broker localhost:9092 (id: -1 rack: null) disconnected
2021-12-27 13:42:38.633 DEBUG 14824 --- [    Test worker] c.s.c.config.AsyncConfiguration          : Creating Async Task Executor
2021-12-27 13:42:38.697 DEBUG 14824 --- [    Test worker] c.s.c.config.LiquibaseConfiguration      : Configuring Liquibase
Skipping auto-registration
2021-12-27 13:42:38.902  WARN 14824 --- [    Test worker] liquibase.hub                            : Skipping auto-registration
2021-12-27 13:42:38.974  WARN 14824 --- [ntainer#0-0-C-1] org.apache.kafka.clients.NetworkClient   : [Consumer clientId=consumer-group_id-3, groupId=group_id] Connection to node -1 (localhost/127.0.0.1:9092) could not be established. Broker may not be available.
2021-12-27 13:42:38.974  WARN 14824 --- [ntainer#0-0-C-1] org.apache.kafka.clients.NetworkClient   : [Consumer clientId=consumer-group_id-3, groupId=group_id] Bootstrap broker localhost:9092 (id: -1 rack: null) disconnected
2021-12-27 13:42:39.582 DEBUG 14824 --- [    Test worker] c.s.c.security.jwt.TokenProvider         : Using a Base64-encoded JWT secret key
2021-12-27 13:42:40.665 DEBUG 14824 --- [    Test worker] c.s.c.config.KafkaProducerConfig         : Kafka_Producer_Configuration
2021-12-27 13:42:41.107  WARN 14824 --- [ntainer#0-0-C-1] org.apache.kafka.clients.NetworkClient   : [Consumer clientId=consumer-group_id-3, groupId=group_id] Connection to node -1 (localhost/127.0.0.1:9092) could not be established. Broker may not be available.
2021-12-27 13:42:41.108  WARN 14824 --- [ntainer#0-0-C-1] org.apache.kafka.clients.NetworkClient   : [Consumer clientId=consumer-group_id-3, groupId=group_id] Bootstrap broker localhost:9092 (id: -1 rack: null) disconnected
2021-12-27 13:42:41.160  WARN 14824 --- [ntainer#0-0-C-1] org.apache.kafka.clients.NetworkClient   : [Consumer clientId=consumer-group_id-2, groupId=group_id] Connection to node -1 (localhost/127.0.0.1:9092) could not be established. Broker may not be available.
2021-12-27 13:42:41.161  WARN 14824 --- [ntainer#0-0-C-1] org.apache.kafka.clients.NetworkClient   : [Consumer clientId=consumer-group_id-2, groupId=group_id] Bootstrap broker localhost:9092 (id: -1 rack: null) disconnected
2021-12-27 13:42:41.464  WARN 14824 --- [ntainer#0-0-C-1] org.apache.kafka.clients.NetworkClient   : [Consumer clientId=consumer-group_id-1, groupId=group_id] Connection to node -1 (localhost/127.0.0.1:9092) could not be established. Broker may not be available.
2021-12-27 13:42:41.465  WARN 14824 --- [ntainer#0-0-C-1] org.apache.kafka.clients.NetworkClient   : [Consumer clientId=consumer-group_id-1, groupId=group_id] Bootstrap broker localhost:9092 (id: -1 rack: null) disconnected
2021-12-27 13:42:41.808 DEBUG 14824 --- [    Test worker] c.s.c.config.KafkaConsumerConfig         : KafkaConsumerConfig
2021-12-27 13:42:42.349 DEBUG 14824 --- [    Test worker] _.s.web.servlet.HandlerMapping.Mappings  : 
	c.s.c.c.WebConfigurerTestController:
	{GET [/api/test-cors]}: testCorsOnApiPath()
	{GET [/test/test-cors]}: testCorsOnOtherPath()
2021-12-27 13:42:42.350 DEBUG 14824 --- [    Test worker] _.s.web.servlet.HandlerMapping.Mappings  : 
	c.s.c.r.e.ExceptionTranslatorTestController:
	{GET [/api/exception-translator-test/unauthorized]}: unauthorized()
	{GET [/api/exception-translator-test/concurrency-failure]}: concurrencyFailure()
	{POST [/api/exception-translator-test/method-argument]}: methodArgument(TestDTO)
	{GET [/api/exception-translator-test/access-denied]}: accessdenied()
	{GET [/api/exception-translator-test/response-status]}: exceptionWithResponseStatus()
	{GET [/api/exception-translator-test/missing-servlet-request-part]}: missingServletRequestPartException(String)
	{GET [/api/exception-translator-test/internal-server-error]}: internalServerError()
	{GET [/api/exception-translator-test/missing-servlet-request-parameter]}: missingServletRequestParameterException(String)
2021-12-27 13:42:42.352 DEBUG 14824 --- [    Test worker] _.s.web.servlet.HandlerMapping.Mappings  : 
	c.s.c.r.DataIngectionResource:
	{POST [/ingection/batcharray/{collectionName}]}: batcharray(String,String)
	{POST [/ingection/batchcollection/{collectionName}]}: batchcollection(String,String)
2021-12-27 13:42:42.352 DEBUG 14824 --- [    Test worker] _.s.web.servlet.HandlerMapping.Mappings  : 
	c.s.c.r.DataInjectionResource:
	{POST [/injection/batch]}: parseBatch(String)
	{POST [/injection/data]}: parseArray(String)
2021-12-27 13:42:42.353 DEBUG 14824 --- [    Test worker] _.s.web.servlet.HandlerMapping.Mappings  : 
	c.s.c.r.KafkaResource:
	{POST [/kafka/add/{addtoQueue}]}: sendData(String)
2021-12-27 13:42:42.355 DEBUG 14824 --- [    Test worker] _.s.web.servlet.HandlerMapping.Mappings  : 
	c.s.c.r.SolrCollectionResource:
	{GET [/searchservice/table/isCollectionExists/{collectionName}]}: isCollectionExits(String)
	{GET [/searchservice/table/collections]}: collections()
	{GET [/searchservice/table/capacity-plans]}: capacityPlans()
	{PUT [/searchservice/table/rename]}: rename(SolrRenameCollectionDTO)
	{DELETE [/searchservice/table/delete]}: delete(SolrDeleteCollectionDTO)
	{POST [/searchservice/table/create]}: create(SolrCreateCollectionDTO)
2021-12-27 13:42:42.356 DEBUG 14824 --- [    Test worker] _.s.web.servlet.HandlerMapping.Mappings  : 
	c.s.c.r.SolrCoreResource:
	{PUT [/solr-core/rename]}: rename(SolrDoubleCoreDTO)
	{GET [/solr-core/status/{name}]}: status(String)
	{DELETE [/solr-core/delete]}: delete(SolrSingleCoreDTO)
	{POST [/solr-core/create]}: create(SolrSingleCoreDTO)
	{PUT [/solr-core/swap]}: swap(SolrDoubleCoreDTO)
	{POST [/solr-core/reload]}: reload(SolrSingleCoreDTO)
2021-12-27 13:42:42.357 DEBUG 14824 --- [    Test worker] _.s.web.servlet.HandlerMapping.Mappings  : 
	c.s.c.r.SolrDocParserResource:
	{POST [/ingest/upload], consumes [multipart/form-data]}: fileUpload(MultipartFile)
2021-12-27 13:42:42.358 DEBUG 14824 --- [    Test worker] _.s.web.servlet.HandlerMapping.Mappings  : 
	c.s.c.r.SolrInputDocumentResource:
	{POST [/documents/{collectionName}]}: documents(String,String)
	{POST [/document/{collectionName}]}: document(String,String)
2021-12-27 13:42:42.359 DEBUG 14824 --- [    Test worker] _.s.web.servlet.HandlerMapping.Mappings  : 
	c.s.c.r.SolrSchemaResource:
	{GET [/schema/get/{tableName}/{name}]}: get(String,String)
	{PUT [/schema/update/{tableName}/{name}]}: update(String,String,SolrSchemaDTO)
	{DELETE [/schema/delete/{tableName}/{name}]}: delete(String,String)
	{POST [/schema/create]}: create(SolrSchemaDTO)
2021-12-27 13:42:42.360 DEBUG 14824 --- [    Test worker] _.s.web.servlet.HandlerMapping.Mappings  : 
	c.s.c.r.TestingController:
	{GET [/addDocument]}: addDocument()
2021-12-27 13:42:42.361 DEBUG 14824 --- [    Test worker] _.s.web.servlet.HandlerMapping.Mappings  : 
	c.s.c.r.ThrottlerResource:
	{GET [/throttle/testMRS]}: demoMRSThrottler(String)
	{GET [/throttle/health]}: checkHealth()
	{GET [/throttle/test]}: demoRateLimiterThrottler()
	{GET [/throttle/collections]}: throttleCollectionResource()
2021-12-27 13:42:42.361 DEBUG 14824 --- [    Test worker] _.s.web.servlet.HandlerMapping.Mappings  : 
	c.s.c.r.UserJWTController:
	{POST [/api/authenticate]}: authorize(LoginVM)
2021-12-27 13:42:42.364 DEBUG 14824 --- [    Test worker] _.s.web.servlet.HandlerMapping.Mappings  : 
	o.s.b.a.w.s.e.BasicErrorController:
	{ [/error], produces [text/html]}: errorHtml(HttpServletRequest,HttpServletResponse)
	{ [/error]}: error(HttpServletRequest)
2021-12-27 13:42:42.367 DEBUG 14824 --- [    Test worker] _.s.web.servlet.HandlerMapping.Mappings  : 
	o.s.w.a.OpenApiWebMvcResource:
	{GET [/v3/api-docs.yaml], produces [application/vnd.oai.openapi]}: openapiYaml(HttpServletRequest,String)
	{GET [/v3/api-docs], produces [application/json]}: openapiJson(HttpServletRequest,String)
2021-12-27 13:42:42.369 DEBUG 14824 --- [    Test worker] _.s.web.servlet.HandlerMapping.Mappings  : 
	o.s.w.u.SwaggerWelcomeWebMvc:
	{GET [/swagger-ui.html]}: redirectToUi(HttpServletRequest)
	{GET [/v3/api-docs/swagger-config], produces [application/json]}: openapiJson(HttpServletRequest)
2021-12-27 13:42:42.426 DEBUG 14824 --- [    Test worker] _.s.web.servlet.HandlerMapping.Mappings  : 'beanNameHandlerMapping' {}
2021-12-27 13:42:43.246  WARN 14824 --- [ntainer#0-0-C-1] org.apache.kafka.clients.NetworkClient   : [Consumer clientId=consumer-group_id-3, groupId=group_id] Connection to node -1 (localhost/127.0.0.1:9092) could not be established. Broker may not be available.
2021-12-27 13:42:43.247  WARN 14824 --- [ntainer#0-0-C-1] org.apache.kafka.clients.NetworkClient   : [Consumer clientId=consumer-group_id-3, groupId=group_id] Bootstrap broker localhost:9092 (id: -1 rack: null) disconnected
2021-12-27 13:42:44.144  WARN 14824 --- [ntainer#0-0-C-1] org.apache.kafka.clients.NetworkClient   : [Consumer clientId=consumer-group_id-2, groupId=group_id] Connection to node -1 (localhost/127.0.0.1:9092) could not be established. Broker may not be available.
2021-12-27 13:42:44.145  WARN 14824 --- [ntainer#0-0-C-1] org.apache.kafka.clients.NetworkClient   : [Consumer clientId=consumer-group_id-2, groupId=group_id] Bootstrap broker localhost:9092 (id: -1 rack: null) disconnected
2021-12-27 13:42:44.379  WARN 14824 --- [ntainer#0-0-C-1] org.apache.kafka.clients.NetworkClient   : [Consumer clientId=consumer-group_id-1, groupId=group_id] Connection to node -1 (localhost/127.0.0.1:9092) could not be established. Broker may not be available.
2021-12-27 13:42:44.379  WARN 14824 --- [ntainer#0-0-C-1] org.apache.kafka.clients.NetworkClient   : [Consumer clientId=consumer-group_id-1, groupId=group_id] Bootstrap broker localhost:9092 (id: -1 rack: null) disconnected
2021-12-27 13:42:44.504 DEBUG 14824 --- [    Test worker] _.s.web.servlet.HandlerMapping.Mappings  : 'resourceHandlerMapping' {/webjars/**=ResourceHttpRequestHandler [Classpath [META-INF/resources/webjars/]], /**=ResourceHttpRequestHandler [Classpath [META-INF/resources/], Classpath [resources/], Classpath [static/], Classpath [public/], ServletContext [/]], /swagger-ui*/**=ResourceHttpRequestHandler [Classpath [META-INF/resources/webjars/]]}
2021-12-27 13:42:45.445  WARN 14824 --- [ntainer#0-0-C-1] org.apache.kafka.clients.NetworkClient   : [Consumer clientId=consumer-group_id-3, groupId=group_id] Connection to node -1 (localhost/127.0.0.1:9092) could not be established. Broker may not be available.
2021-12-27 13:42:45.446  WARN 14824 --- [ntainer#0-0-C-1] org.apache.kafka.clients.NetworkClient   : [Consumer clientId=consumer-group_id-3, groupId=group_id] Bootstrap broker localhost:9092 (id: -1 rack: null) disconnected
2021-12-27 13:42:46.422  INFO 14824 --- [    Test worker] c.s.c.solrwrapper.SolrCollectionTest     : Started SolrCollectionTest in 9.41 seconds (JVM running for 113.372)
2021-12-27 13:42:46.450 DEBUG 14824 --- [    Test worker] c.s.c.rest.SolrCollectionResource        : Get all collections
2021-12-27 13:42:46.459 DEBUG 14824 --- [    Test worker] c.s.c.u.s.collection.GetSolrCollections  : getCollections
2021-12-27 13:42:46.467 DEBUG 14824 --- [    Test worker] c.s.c.rest.SolrCollectionResource        : Get all collections
2021-12-27 13:42:46.468 DEBUG 14824 --- [    Test worker] c.s.c.u.s.collection.GetSolrCollections  : getCollections
2021-12-27 13:42:46.494 DEBUG 14824 --- [    Test worker] c.s.c.rest.SolrCollectionResource        : Solr Collection create
2021-12-27 13:42:46.505 DEBUG 14824 --- [    Test worker] c.s.c.u.s.c.CreateSolrCollection         : create
2021-12-27 13:42:46.528 DEBUG 14824 --- [    Test worker] c.s.c.rest.SolrCollectionResource        : Solr Collection rename
2021-12-27 13:42:46.539 DEBUG 14824 --- [    Test worker] c.s.c.u.s.c.RenameSolrCollection         : rename
2021-12-27 13:42:46.553 DEBUG 14824 --- [    Test worker] c.s.c.rest.SolrCollectionResource        : Solr Collection delete
2021-12-27 13:42:46.563 DEBUG 14824 --- [    Test worker] c.s.c.u.s.c.DeleteSolrCollection         : delete
2021-12-27 13:42:46.571 DEBUG 14824 --- [    Test worker] c.s.c.rest.SolrCollectionResource        : Solr Collection delete
2021-12-27 13:42:46.572 DEBUG 14824 --- [    Test worker] c.s.c.u.s.c.DeleteSolrCollection         : delete
2021-12-27 13:42:46.596 DEBUG 14824 --- [    Test worker] c.s.c.rest.SolrCollectionResource        : isCollectionExits
2021-12-27 13:42:46.604 DEBUG 14824 --- [    Test worker] c.s.c.u.s.c.GetIsCollectionExists        : isCollectionExists
2021-12-27 13:42:46.618 DEBUG 14824 --- [    Test worker] c.s.c.rest.SolrCollectionResource        : isCollectionExits
2021-12-27 13:42:46.619 DEBUG 14824 --- [    Test worker] c.s.c.u.s.c.GetIsCollectionExists        : isCollectionExists
2021-12-27 13:42:46.647 DEBUG 14824 --- [    Test worker] c.s.c.rest.SolrCollectionResource        : Solr Collection create
2021-12-27 13:42:46.648 DEBUG 14824 --- [    Test worker] c.s.c.u.s.c.CreateSolrCollection         : create
2021-12-27 13:42:46.658 DEBUG 14824 --- [    Test worker] c.s.c.rest.SolrCollectionResource        : Solr Collection create
2021-12-27 13:42:46.658 DEBUG 14824 --- [    Test worker] c.s.c.u.s.c.CreateSolrCollection         : create
2021-12-27 13:42:46.668 DEBUG 14824 --- [    Test worker] c.s.c.rest.SolrCollectionResource        : Solr Collection delete
2021-12-27 13:42:46.669 DEBUG 14824 --- [    Test worker] c.s.c.u.s.c.DeleteSolrCollection         : delete
2021-12-27 13:42:46.689 DEBUG 14824 --- [    Test worker] c.s.c.rest.SolrCollectionResource        : Solr Collection delete
2021-12-27 13:42:46.689 DEBUG 14824 --- [    Test worker] c.s.c.u.s.c.DeleteSolrCollection         : delete
2021-12-27 13:42:46.699 DEBUG 14824 --- [    Test worker] c.s.c.rest.SolrCollectionResource        : Solr Collection create
2021-12-27 13:42:46.699 DEBUG 14824 --- [    Test worker] c.s.c.u.s.c.CreateSolrCollection         : create
2021-12-27 13:42:46.711 DEBUG 14824 --- [    Test worker] c.s.c.rest.SolrCollectionResource        : Solr Collection delete
2021-12-27 13:42:46.712 DEBUG 14824 --- [    Test worker] c.s.c.u.s.c.DeleteSolrCollection         : delete
2021-12-27 13:42:46.732 DEBUG 14824 --- [    Test worker] c.s.c.rest.SolrCollectionResource        : Get capacity plans
2021-12-27 13:42:46.758 DEBUG 14824 --- [    Test worker] c.s.c.u.s.collection.GetCapacityPlans    : capacityPlans
]]></system-out>
  <system-err><![CDATA[]]></system-err>
</testsuite>
