<?xml version="1.0" encoding="UTF-8"?>
<testsuite name="com.solr.clientwrapper.config.WebConfigurerTest" tests="6" skipped="0" failures="0" errors="0" timestamp="2021-12-27T08:11:08" hostname="DESKTOP-VAOA8DC" time="5.347">
  <properties/>
  <testcase name="shouldStartUpDevServletContext()" classname="com.solr.clientwrapper.config.WebConfigurerTest" time="2.557"/>
  <testcase name="shouldCorsFilterOnOtherPath()" classname="com.solr.clientwrapper.config.WebConfigurerTest" time="2.667"/>
  <testcase name="shouldCorsFilterOnApiPath()" classname="com.solr.clientwrapper.config.WebConfigurerTest" time="0.038"/>
  <testcase name="shouldCorsFilterDeactivatedForNullAllowedOrigins()" classname="com.solr.clientwrapper.config.WebConfigurerTest" time="0.041"/>
  <testcase name="shouldStartUpProdServletContext()" classname="com.solr.clientwrapper.config.WebConfigurerTest" time="0.006"/>
  <testcase name="shouldCorsFilterDeactivatedForEmptyAllowedOrigins()" classname="com.solr.clientwrapper.config.WebConfigurerTest" time="0.032"/>
  <system-out><![CDATA[2021-12-27 13:41:11.086  INFO   --- [    Test worker] c.s.clientwrapper.config.WebConfigurer   : Web application configuration, using profiles: dev
2021-12-27 13:41:11.089  INFO   --- [    Test worker] c.s.clientwrapper.config.WebConfigurer   : Web application fully configured
2021-12-27 13:41:11.308 DEBUG   --- [    Test worker] c.s.clientwrapper.config.WebConfigurer   : Registering CORS filter
2021-12-27 13:41:11.778 DEBUG   --- [    Test worker] org.jboss.logging                        : Logging Provider: org.jboss.logging.Log4j2LoggerProvider
2021-12-27 13:41:12.534 DEBUG   --- [    Test worker] _.s.web.servlet.HandlerMapping.Mappings  : 
	c.s.c.c.WebConfigurerTestController:
	{GET [/api/test-cors]}: testCorsOnApiPath()
	{GET [/test/test-cors]}: testCorsOnOtherPath()
2021-12-27 13:41:13.822 DEBUG   --- [    Test worker] c.s.clientwrapper.config.WebConfigurer   : Registering CORS filter
2021-12-27 13:41:13.834 DEBUG   --- [    Test worker] _.s.web.servlet.HandlerMapping.Mappings  : 
	c.s.c.c.WebConfigurerTestController:
	{GET [/api/test-cors]}: testCorsOnApiPath()
	{GET [/test/test-cors]}: testCorsOnOtherPath()
2021-12-27 13:41:13.876 DEBUG   --- [    Test worker] _.s.web.servlet.HandlerMapping.Mappings  : 
	c.s.c.c.WebConfigurerTestController:
	{GET [/api/test-cors]}: testCorsOnApiPath()
	{GET [/test/test-cors]}: testCorsOnOtherPath()
2021-12-27 13:41:13.904  INFO   --- [    Test worker] c.s.clientwrapper.config.WebConfigurer   : Web application configuration, using profiles: prod
2021-12-27 13:41:13.904  INFO   --- [    Test worker] c.s.clientwrapper.config.WebConfigurer   : Web application fully configured
2021-12-27 13:41:13.922 DEBUG   --- [    Test worker] _.s.web.servlet.HandlerMapping.Mappings  : 
	c.s.c.c.WebConfigurerTestController:
	{GET [/api/test-cors]}: testCorsOnApiPath()
	{GET [/test/test-cors]}: testCorsOnOtherPath()
]]></system-out>
  <system-err><![CDATA[]]></system-err>
</testsuite>
