<?xml version="1.0" encoding="UTF-8"?>
<testsuite name="com.solr.clientwrapper.rest.DataIngectionResourceTest" tests="4" skipped="0" failures="0" errors="0" timestamp="2021-12-27T08:12:16" hostname="DESKTOP-VAOA8DC" time="0.208">
  <properties/>
  <testcase name="parseSolrSchemaBatchfalse()" classname="com.solr.clientwrapper.rest.DataIngectionResourceTest" time="0.119"/>
  <testcase name="parseSolrSchemaArray()" classname="com.solr.clientwrapper.rest.DataIngectionResourceTest" time="0.025"/>
  <testcase name="parseSolrSchemaBatch()" classname="com.solr.clientwrapper.rest.DataIngectionResourceTest" time="0.02"/>
  <testcase name="parseSolrSchemaArrayfalse()" classname="com.solr.clientwrapper.rest.DataIngectionResourceTest" time="0.037"/>
  <system-out><![CDATA[
        ??? ???   ??? ????????? ????????   ??????? ????????? ????????? ????????
        ??? ???   ??? ????????? ????????? ???????? ????????? ????????? ?????????
        ??? ?????????    ???    ????????? ???????     ???    ???????   ?????????
  ???   ??? ?????????    ???    ????????   ???????    ???    ???????   ????????
  ????????? ???   ??? ????????? ???       ????????    ???    ????????? ???  ????
   ???????  ???   ??? ????????? ???       ???????     ???    ????????? ???   ???

:: JHipster ?  :: Running Spring Boot 2.5.4 ::
:: https://www.jhipster.tech ::

2021-12-27 13:42:04.907  INFO 14824 --- [    Test worker] c.s.c.rest.DataIngectionResourceTest     : Starting DataIngectionResourceTest using Java 11.0.12 on DESKTOP-VAOA8DC with PID 14824 (started by user in D:\search-as-service)
2021-12-27 13:42:04.908 DEBUG 14824 --- [    Test worker] c.s.c.rest.DataIngectionResourceTest     : Running with Spring Boot v2.5.4, Spring v5.3.13
2021-12-27 13:42:04.912  INFO 14824 --- [    Test worker] c.s.c.rest.DataIngectionResourceTest     : No active profile set, falling back to default profiles: default
2021-12-27 13:42:04.917  WARN 14824 --- [    Test worker] o.s.b.c.config.ConfigDataEnvironment     : Property 'spring.profiles' imported from location 'class path resource [config/application.yml]' is invalid and should be replaced with 'spring.config.activate.on-profile' [origin: class path resource [config/application.yml] - 17:12]
2021-12-27 13:42:05.954 DEBUG 14824 --- [    Test worker] i.g.r.utils.RxJava2OnClasspathCondition  : RxJava2 related Aspect extensions are not activated, because RxJava2 is not on the classpath.
2021-12-27 13:42:05.956 DEBUG 14824 --- [    Test worker] i.g.r.utils.ReactorOnClasspathCondition  : Reactor related Aspect extensions are not activated because Reactor is not on the classpath.
2021-12-27 13:42:05.966 DEBUG 14824 --- [    Test worker] i.g.r.utils.RxJava2OnClasspathCondition  : RxJava2 related Aspect extensions are not activated, because RxJava2 is not on the classpath.
2021-12-27 13:42:05.967 DEBUG 14824 --- [    Test worker] i.g.r.utils.ReactorOnClasspathCondition  : Reactor related Aspect extensions are not activated because Reactor is not on the classpath.
2021-12-27 13:42:05.981 DEBUG 14824 --- [    Test worker] i.g.r.utils.RxJava2OnClasspathCondition  : RxJava2 related Aspect extensions are not activated, because RxJava2 is not on the classpath.
2021-12-27 13:42:05.983 DEBUG 14824 --- [    Test worker] i.g.r.utils.ReactorOnClasspathCondition  : Reactor related Aspect extensions are not activated because Reactor is not on the classpath.
2021-12-27 13:42:05.993 DEBUG 14824 --- [    Test worker] i.g.r.utils.RxJava2OnClasspathCondition  : RxJava2 related Aspect extensions are not activated, because RxJava2 is not on the classpath.
2021-12-27 13:42:05.996 DEBUG 14824 --- [    Test worker] i.g.r.utils.ReactorOnClasspathCondition  : Reactor related Aspect extensions are not activated because Reactor is not on the classpath.
2021-12-27 13:42:06.010 DEBUG 14824 --- [    Test worker] i.g.r.utils.RxJava2OnClasspathCondition  : RxJava2 related Aspect extensions are not activated, because RxJava2 is not on the classpath.
2021-12-27 13:42:06.011 DEBUG 14824 --- [    Test worker] i.g.r.utils.ReactorOnClasspathCondition  : Reactor related Aspect extensions are not activated because Reactor is not on the classpath.
2021-12-27 13:42:06.021 DEBUG 14824 --- [    Test worker] i.g.r.utils.RxJava2OnClasspathCondition  : RxJava2 related Aspect extensions are not activated, because RxJava2 is not on the classpath.
2021-12-27 13:42:06.023 DEBUG 14824 --- [    Test worker] i.g.r.utils.ReactorOnClasspathCondition  : Reactor related Aspect extensions are not activated because Reactor is not on the classpath.
2021-12-27 13:42:06.681 DEBUG 14824 --- [    Test worker] c.s.c.config.AsyncConfiguration          : Creating Async Task Executor
2021-12-27 13:42:06.768 DEBUG 14824 --- [    Test worker] c.s.c.config.LiquibaseConfiguration      : Configuring Liquibase
Skipping auto-registration
2021-12-27 13:42:07.228  WARN 14824 --- [    Test worker] liquibase.hub                            : Skipping auto-registration
2021-12-27 13:42:07.986 DEBUG 14824 --- [    Test worker] c.s.c.security.jwt.TokenProvider         : Using a Base64-encoded JWT secret key
2021-12-27 13:42:09.333 DEBUG 14824 --- [    Test worker] c.s.c.config.KafkaProducerConfig         : Kafka_Producer_Configuration
2021-12-27 13:42:10.502 DEBUG 14824 --- [    Test worker] c.s.c.config.KafkaConsumerConfig         : KafkaConsumerConfig
2021-12-27 13:42:11.217 DEBUG 14824 --- [    Test worker] _.s.web.servlet.HandlerMapping.Mappings  : 
	c.s.c.c.WebConfigurerTestController:
	{GET [/api/test-cors]}: testCorsOnApiPath()
	{GET [/test/test-cors]}: testCorsOnOtherPath()
2021-12-27 13:42:11.220 DEBUG 14824 --- [    Test worker] _.s.web.servlet.HandlerMapping.Mappings  : 
	c.s.c.r.e.ExceptionTranslatorTestController:
	{GET [/api/exception-translator-test/unauthorized]}: unauthorized()
	{GET [/api/exception-translator-test/concurrency-failure]}: concurrencyFailure()
	{POST [/api/exception-translator-test/method-argument]}: methodArgument(TestDTO)
	{GET [/api/exception-translator-test/access-denied]}: accessdenied()
	{GET [/api/exception-translator-test/response-status]}: exceptionWithResponseStatus()
	{GET [/api/exception-translator-test/missing-servlet-request-part]}: missingServletRequestPartException(String)
	{GET [/api/exception-translator-test/internal-server-error]}: internalServerError()
	{GET [/api/exception-translator-test/missing-servlet-request-parameter]}: missingServletRequestParameterException(String)
2021-12-27 13:42:11.225 DEBUG 14824 --- [    Test worker] _.s.web.servlet.HandlerMapping.Mappings  : 
	c.s.c.r.DataIngectionResource:
	{POST [/ingection/batcharray/{collectionName}]}: batcharray(String,String)
	{POST [/ingection/batchcollection/{collectionName}]}: batchcollection(String,String)
2021-12-27 13:42:11.227 DEBUG 14824 --- [    Test worker] _.s.web.servlet.HandlerMapping.Mappings  : 
	c.s.c.r.DataInjectionResource:
	{POST [/injection/batch]}: parseBatch(String)
	{POST [/injection/data]}: parseArray(String)
2021-12-27 13:42:11.229 DEBUG 14824 --- [    Test worker] _.s.web.servlet.HandlerMapping.Mappings  : 
	c.s.c.r.KafkaResource:
	{POST [/kafka/add/{addtoQueue}]}: sendData(String)
2021-12-27 13:42:11.231 DEBUG 14824 --- [    Test worker] _.s.web.servlet.HandlerMapping.Mappings  : 
	c.s.c.r.SolrCollectionResource:
	{GET [/searchservice/table/isCollectionExists/{collectionName}]}: isCollectionExits(String)
	{GET [/searchservice/table/collections]}: collections()
	{GET [/searchservice/table/capacity-plans]}: capacityPlans()
	{PUT [/searchservice/table/rename]}: rename(SolrRenameCollectionDTO)
	{DELETE [/searchservice/table/delete]}: delete(SolrDeleteCollectionDTO)
	{POST [/searchservice/table/create]}: create(SolrCreateCollectionDTO)
2021-12-27 13:42:11.234 DEBUG 14824 --- [    Test worker] _.s.web.servlet.HandlerMapping.Mappings  : 
	c.s.c.r.SolrCoreResource:
	{PUT [/solr-core/rename]}: rename(SolrDoubleCoreDTO)
	{GET [/solr-core/status/{name}]}: status(String)
	{DELETE [/solr-core/delete]}: delete(SolrSingleCoreDTO)
	{POST [/solr-core/create]}: create(SolrSingleCoreDTO)
	{PUT [/solr-core/swap]}: swap(SolrDoubleCoreDTO)
	{POST [/solr-core/reload]}: reload(SolrSingleCoreDTO)
2021-12-27 13:42:11.236 DEBUG 14824 --- [    Test worker] _.s.web.servlet.HandlerMapping.Mappings  : 
	c.s.c.r.SolrDocParserResource:
	{POST [/ingest/upload], consumes [multipart/form-data]}: fileUpload(MultipartFile)
2021-12-27 13:42:11.238 DEBUG 14824 --- [    Test worker] _.s.web.servlet.HandlerMapping.Mappings  : 
	c.s.c.r.SolrInputDocumentResource:
	{POST [/documents/{collectionName}]}: documents(String,String)
	{POST [/document/{collectionName}]}: document(String,String)
2021-12-27 13:42:11.240 DEBUG 14824 --- [    Test worker] _.s.web.servlet.HandlerMapping.Mappings  : 
	c.s.c.r.SolrSchemaResource:
	{GET [/schema/get/{tableName}/{name}]}: get(String,String)
	{PUT [/schema/update/{tableName}/{name}]}: update(String,String,SolrSchemaDTO)
	{DELETE [/schema/delete/{tableName}/{name}]}: delete(String,String)
	{POST [/schema/create]}: create(SolrSchemaDTO)
2021-12-27 13:42:11.243 DEBUG 14824 --- [    Test worker] _.s.web.servlet.HandlerMapping.Mappings  : 
	c.s.c.r.TestingController:
	{GET [/addDocument]}: addDocument()
2021-12-27 13:42:11.246 DEBUG 14824 --- [    Test worker] _.s.web.servlet.HandlerMapping.Mappings  : 
	c.s.c.r.ThrottlerResource:
	{GET [/throttle/testMRS]}: demoMRSThrottler(String)
	{GET [/throttle/health]}: checkHealth()
	{GET [/throttle/test]}: demoRateLimiterThrottler()
	{GET [/throttle/collections]}: throttleCollectionResource()
2021-12-27 13:42:11.247 DEBUG 14824 --- [    Test worker] _.s.web.servlet.HandlerMapping.Mappings  : 
	c.s.c.r.UserJWTController:
	{POST [/api/authenticate]}: authorize(LoginVM)
2021-12-27 13:42:11.251 DEBUG 14824 --- [    Test worker] _.s.web.servlet.HandlerMapping.Mappings  : 
	o.s.b.a.w.s.e.BasicErrorController:
	{ [/error], produces [text/html]}: errorHtml(HttpServletRequest,HttpServletResponse)
	{ [/error]}: error(HttpServletRequest)
2021-12-27 13:42:11.257 DEBUG 14824 --- [    Test worker] _.s.web.servlet.HandlerMapping.Mappings  : 
	o.s.w.a.OpenApiWebMvcResource:
	{GET [/v3/api-docs.yaml], produces [application/vnd.oai.openapi]}: openapiYaml(HttpServletRequest,String)
	{GET [/v3/api-docs], produces [application/json]}: openapiJson(HttpServletRequest,String)
2021-12-27 13:42:11.262 DEBUG 14824 --- [    Test worker] _.s.web.servlet.HandlerMapping.Mappings  : 
	o.s.w.u.SwaggerWelcomeWebMvc:
	{GET [/swagger-ui.html]}: redirectToUi(HttpServletRequest)
	{GET [/v3/api-docs/swagger-config], produces [application/json]}: openapiJson(HttpServletRequest)
2021-12-27 13:42:11.366 DEBUG 14824 --- [    Test worker] _.s.web.servlet.HandlerMapping.Mappings  : 'beanNameHandlerMapping' {}
2021-12-27 13:42:13.531 DEBUG 14824 --- [    Test worker] _.s.web.servlet.HandlerMapping.Mappings  : 'resourceHandlerMapping' {/webjars/**=ResourceHttpRequestHandler [Classpath [META-INF/resources/webjars/]], /**=ResourceHttpRequestHandler [Classpath [META-INF/resources/], Classpath [resources/], Classpath [static/], Classpath [public/], ServletContext [/]], /swagger-ui*/**=ResourceHttpRequestHandler [Classpath [META-INF/resources/webjars/]]}
2021-12-27 13:42:16.372  INFO 14824 --- [    Test worker] c.s.c.rest.DataIngectionResourceTest     : Started DataIngectionResourceTest in 11.582 seconds (JVM running for 83.323)
data2{
"batch":
[
  {
        "books" :[
  {
    "id" : 1,
    "color" : "The Lightning Thief",
    "author" : "Rick Riordan",
    "price" : 123
  },
  {
    "id" : 2,
    "color" : "The Lightning Thief",
    "author" : "Rick Riordan",
    "price" : 123
  }
],
"movie" :[
  {
    "id" : 1,
    "movie" : "The Lightning Thief",
    "actor" : "Rick Riordan",
    "price" : 123
  },
  {
    "id" : 2,
     "movie" : "The Thief",
    "actor" : "Rick",
    "price" : 623
  }
],
"hero" :[
  {
    "id" : 1,
    "movie" : "The Lightning Thief",
    "actor" : "Rick Riordan",
    "price" : 123
  },
  {
    "id" : 2,
     "movie" : "The Thief",
    "actor" : "Rick",
    "price" : 623
  }
]
  }
]
}
2021-12-27 13:42:16.494 DEBUG 14824 --- [    Test worker] c.s.c.d.service.DataIngectionService     : json Object :[[{"color":"The Lightning Thief","author":"Rick Riordan","price":123,"id":1},{"color":"The Lightning Thief","author":"Rick Riordan","price":123,"id":2}],[{"actor":"Rick Riordan","movie":"The Lightning Thief","price":123,"id":1},{"actor":"Rick","movie":"The Thief","price":623,"id":2}],[{"actor":"Rick Riordan","movie":"The Lightning Thief","price":123,"id":1},{"actor":"Rick","movie":"The Thief","price":623,"id":2}]]
data3[[{"color":"The Lightning Thief","author":"Rick Riordan","price":123,"id":1},{"color":"The Lightning Thief","author":"Rick Riordan","price":123,"id":2}],[{"actor":"Rick Riordan","movie":"The Lightning Thief","price":123,"id":1},{"actor":"Rick","movie":"The Thief","price":623,"id":2}],[{"actor":"Rick Riordan","movie":"The Lightning Thief","price":123,"id":1},{"actor":"Rick","movie":"The Thief","price":623,"id":2}]]
data
{
"books" :[
  {
    "id" : 1,
    "color" : "The Lightning Thief",
    "author" : "Rick Riordan",
    "price" : 123
  }
]
}
2021-12-27 13:42:16.546 DEBUG 14824 --- [    Test worker] c.s.c.d.service.DataIngectionService     : json Object :-{"books":[{"color":"The Lightning Thief","author":"Rick Riordan","price":123,"id":1}]}
2021-12-27 13:42:16.547 DEBUG 14824 --- [    Test worker] c.s.c.d.service.DataIngectionService     : input array :-[{"color":"The Lightning Thief","author":"Rick Riordan","price":123,"id":1}]
data1[{"color":"The Lightning Thief","author":"Rick Riordan","price":123,"id":1}]
data11
{
"books" :[
  {
    "id" : 1,
    "color" : "The Lightning Thief",
    "author" : "Rick Riordan",
    "price" : 123
  }
]
}
2021-12-27 13:42:16.572 DEBUG 14824 --- [    Test worker] c.s.c.d.service.DataIngectionService     : json Object :[[{"color":"The Lightning Thief","author":"Rick Riordan","price":123,"id":1},{"color":"The Lightning Thief","author":"Rick Riordan","price":123,"id":2}],[{"actor":"Rick Riordan","movie":"The Lightning Thief","price":123,"id":1},{"actor":"Rick","movie":"The Thief","price":623,"id":2}],[{"actor":"Rick Riordan","movie":"The Lightning Thief","price":123,"id":1},{"actor":"Rick","movie":"The Thief","price":623,"id":2}]]
data11[[{"color":"The Lightning Thief","author":"Rick Riordan","price":123,"id":1},{"color":"The Lightning Thief","author":"Rick Riordan","price":123,"id":2}],[{"actor":"Rick Riordan","movie":"The Lightning Thief","price":123,"id":1},{"actor":"Rick","movie":"The Thief","price":623,"id":2}],[{"actor":"Rick Riordan","movie":"The Lightning Thief","price":123,"id":1},{"actor":"Rick","movie":"The Thief","price":623,"id":2}]]
data2
{
"books" :[
  {
    "id" : 1,
    "color" : "The Lightning Thief",
    "author" : "Rick Riordan",
    "price" : 123
  }
]
}
2021-12-27 13:42:16.593 DEBUG 14824 --- [    Test worker] c.s.c.d.service.DataIngectionService     : json Object :-{"books":[{"color":"The Lightning Thief","author":"Rick Riordan","price":123,"id":1}]}
2021-12-27 13:42:16.594 DEBUG 14824 --- [    Test worker] c.s.c.d.service.DataIngectionService     : input array :-[{"color":"The Lightning Thief","author":"Rick Riordan","price":123,"id":1}]
data3[{"color":"The Lightning Thief","author":"Rick Riordan","price":123,"id":1}]
]]></system-out>
  <system-err><![CDATA[]]></system-err>
</testsuite>
