<?xml version="1.0" encoding="UTF-8"?>
<testsuite name="com.solr.clientwrapper.mapper.UserMapperTest" tests="8" skipped="0" failures="0" errors="0" timestamp="2021-12-27T08:12:04" hostname="DESKTOP-VAOA8DC" time="0.234">
  <properties/>
  <testcase name="userDTOToUserMapWithAuthoritiesStringShouldReturnUserWithAuthorities()" classname="com.solr.clientwrapper.mapper.UserMapperTest" time="0.166"/>
  <testcase name="userDTOToUserMapWithNullAuthoritiesStringShouldReturnUserWithEmptyAuthorities()" classname="com.solr.clientwrapper.mapper.UserMapperTest" time="0.012"/>
  <testcase name="usersToUserDTOsShouldMapOnlyNonNullUsers()" classname="com.solr.clientwrapper.mapper.UserMapperTest" time="0.019"/>
  <testcase name="testUserFromId()" classname="com.solr.clientwrapper.mapper.UserMapperTest" time="0.004"/>
  <testcase name="userDTOToUserMapWithNullUserShouldReturnNull()" classname="com.solr.clientwrapper.mapper.UserMapperTest" time="0.001"/>
  <testcase name="userDTOsToUsersShouldMapOnlyNonNullUsers()" classname="com.solr.clientwrapper.mapper.UserMapperTest" time="0.008"/>
  <testcase name="userDTOsToUsersMapWithNullAuthoritiesStringShouldReturnUserWithEmptyAuthorities()" classname="com.solr.clientwrapper.mapper.UserMapperTest" time="0.011"/>
  <testcase name="userDTOsToUsersWithAuthoritiesStringShouldMapToUsersWithAuthoritiesDomain()" classname="com.solr.clientwrapper.mapper.UserMapperTest" time="0.008"/>
  <system-out><![CDATA[]]></system-out>
  <system-err><![CDATA[]]></system-err>
</testsuite>
