<?xml version="1.0" encoding="UTF-8"?>
<testsuite name="com.solr.clientwrapper.solrwrapper.SolrCoreTest" tests="6" skipped="0" failures="0" errors="0" timestamp="2021-12-27T08:12:55" hostname="DESKTOP-VAOA8DC" time="0.563">
  <properties/>
  <testcase name="testDeleteSolrCore()" classname="com.solr.clientwrapper.solrwrapper.SolrCoreTest" time="0.109"/>
  <testcase name="testSwapSolrCore()" classname="com.solr.clientwrapper.solrwrapper.SolrCoreTest" time="0.087"/>
  <testcase name="testRenameSolrCore()" classname="com.solr.clientwrapper.solrwrapper.SolrCoreTest" time="0.07"/>
  <testcase name="testReloadSolrCore()" classname="com.solr.clientwrapper.solrwrapper.SolrCoreTest" time="0.104"/>
  <testcase name="testSolrCoreStatus()" classname="com.solr.clientwrapper.solrwrapper.SolrCoreTest" time="0.103"/>
  <testcase name="testCreateSolrCore()" classname="com.solr.clientwrapper.solrwrapper.SolrCoreTest" time="0.076"/>
  <system-out><![CDATA[
        ??? ???   ??? ????????? ????????   ??????? ????????? ????????? ????????
        ??? ???   ??? ????????? ????????? ???????? ????????? ????????? ?????????
        ??? ?????????    ???    ????????? ???????     ???    ???????   ?????????
  ???   ??? ?????????    ???    ????????   ???????    ???    ???????   ????????
  ????????? ???   ??? ????????? ???       ????????    ???    ????????? ???  ????
   ???????  ???   ??? ????????? ???       ???????     ???    ????????? ???   ???

:: JHipster ?  :: Running Spring Boot 2.5.4 ::
:: https://www.jhipster.tech ::

2021-12-27 13:42:46.862  INFO 14824 --- [    Test worker] c.s.c.solrwrapper.SolrCoreTest           : Starting SolrCoreTest using Java 11.0.12 on DESKTOP-VAOA8DC with PID 14824 (started by user in D:\search-as-service)
2021-12-27 13:42:46.863 DEBUG 14824 --- [    Test worker] c.s.c.solrwrapper.SolrCoreTest           : Running with Spring Boot v2.5.4, Spring v5.3.13
2021-12-27 13:42:46.865  INFO 14824 --- [    Test worker] c.s.c.solrwrapper.SolrCoreTest           : No active profile set, falling back to default profiles: default
2021-12-27 13:42:46.876  WARN 14824 --- [    Test worker] o.s.b.c.config.ConfigDataEnvironment     : Property 'spring.profiles' imported from location 'class path resource [config/application.yml]' is invalid and should be replaced with 'spring.config.activate.on-profile' [origin: class path resource [config/application.yml] - 17:12]
2021-12-27 13:42:47.256  WARN 14824 --- [ntainer#0-0-C-1] org.apache.kafka.clients.NetworkClient   : [Consumer clientId=consumer-group_id-2, groupId=group_id] Connection to node -1 (localhost/127.0.0.1:9092) could not be established. Broker may not be available.
2021-12-27 13:42:47.256  WARN 14824 --- [ntainer#0-0-C-1] org.apache.kafka.clients.NetworkClient   : [Consumer clientId=consumer-group_id-2, groupId=group_id] Bootstrap broker localhost:9092 (id: -1 rack: null) disconnected
2021-12-27 13:42:47.367  WARN 14824 --- [ntainer#0-0-C-1] org.apache.kafka.clients.NetworkClient   : [Consumer clientId=consumer-group_id-1, groupId=group_id] Connection to node -1 (localhost/127.0.0.1:9092) could not be established. Broker may not be available.
2021-12-27 13:42:47.368  WARN 14824 --- [ntainer#0-0-C-1] org.apache.kafka.clients.NetworkClient   : [Consumer clientId=consumer-group_id-1, groupId=group_id] Bootstrap broker localhost:9092 (id: -1 rack: null) disconnected
2021-12-27 13:42:47.678 DEBUG 14824 --- [    Test worker] i.g.r.utils.RxJava2OnClasspathCondition  : RxJava2 related Aspect extensions are not activated, because RxJava2 is not on the classpath.
2021-12-27 13:42:47.679 DEBUG 14824 --- [    Test worker] i.g.r.utils.ReactorOnClasspathCondition  : Reactor related Aspect extensions are not activated because Reactor is not on the classpath.
2021-12-27 13:42:47.684 DEBUG 14824 --- [    Test worker] i.g.r.utils.RxJava2OnClasspathCondition  : RxJava2 related Aspect extensions are not activated, because RxJava2 is not on the classpath.
2021-12-27 13:42:47.685 DEBUG 14824 --- [    Test worker] i.g.r.utils.ReactorOnClasspathCondition  : Reactor related Aspect extensions are not activated because Reactor is not on the classpath.
2021-12-27 13:42:47.695 DEBUG 14824 --- [    Test worker] i.g.r.utils.RxJava2OnClasspathCondition  : RxJava2 related Aspect extensions are not activated, because RxJava2 is not on the classpath.
2021-12-27 13:42:47.696 DEBUG 14824 --- [    Test worker] i.g.r.utils.ReactorOnClasspathCondition  : Reactor related Aspect extensions are not activated because Reactor is not on the classpath.
2021-12-27 13:42:47.702 DEBUG 14824 --- [    Test worker] i.g.r.utils.RxJava2OnClasspathCondition  : RxJava2 related Aspect extensions are not activated, because RxJava2 is not on the classpath.
2021-12-27 13:42:47.702 DEBUG 14824 --- [    Test worker] i.g.r.utils.ReactorOnClasspathCondition  : Reactor related Aspect extensions are not activated because Reactor is not on the classpath.
2021-12-27 13:42:47.707 DEBUG 14824 --- [    Test worker] i.g.r.utils.RxJava2OnClasspathCondition  : RxJava2 related Aspect extensions are not activated, because RxJava2 is not on the classpath.
2021-12-27 13:42:47.708 DEBUG 14824 --- [    Test worker] i.g.r.utils.ReactorOnClasspathCondition  : Reactor related Aspect extensions are not activated because Reactor is not on the classpath.
2021-12-27 13:42:47.715 DEBUG 14824 --- [    Test worker] i.g.r.utils.RxJava2OnClasspathCondition  : RxJava2 related Aspect extensions are not activated, because RxJava2 is not on the classpath.
2021-12-27 13:42:47.716 DEBUG 14824 --- [    Test worker] i.g.r.utils.ReactorOnClasspathCondition  : Reactor related Aspect extensions are not activated because Reactor is not on the classpath.
2021-12-27 13:42:47.951  WARN 14824 --- [ntainer#0-0-C-1] org.apache.kafka.clients.NetworkClient   : [Consumer clientId=consumer-group_id-3, groupId=group_id] Connection to node -1 (localhost/127.0.0.1:9092) could not be established. Broker may not be available.
2021-12-27 13:42:47.951  WARN 14824 --- [ntainer#0-0-C-1] org.apache.kafka.clients.NetworkClient   : [Consumer clientId=consumer-group_id-3, groupId=group_id] Bootstrap broker localhost:9092 (id: -1 rack: null) disconnected
2021-12-27 13:42:48.191 DEBUG 14824 --- [    Test worker] c.s.c.config.AsyncConfiguration          : Creating Async Task Executor
2021-12-27 13:42:48.239 DEBUG 14824 --- [    Test worker] c.s.c.config.LiquibaseConfiguration      : Configuring Liquibase
Skipping auto-registration
2021-12-27 13:42:48.413  WARN 14824 --- [    Test worker] liquibase.hub                            : Skipping auto-registration
2021-12-27 13:42:48.446  WARN 14824 --- [ntainer#0-0-C-1] org.apache.kafka.clients.NetworkClient   : [Consumer clientId=consumer-group_id-4, groupId=group_id] Connection to node -1 (localhost/127.0.0.1:9092) could not be established. Broker may not be available.
2021-12-27 13:42:48.446  WARN 14824 --- [ntainer#0-0-C-1] org.apache.kafka.clients.NetworkClient   : [Consumer clientId=consumer-group_id-4, groupId=group_id] Bootstrap broker localhost:9092 (id: -1 rack: null) disconnected
2021-12-27 13:42:48.969 DEBUG 14824 --- [    Test worker] c.s.c.security.jwt.TokenProvider         : Using a Base64-encoded JWT secret key
2021-12-27 13:42:49.754 DEBUG 14824 --- [    Test worker] c.s.c.config.KafkaProducerConfig         : Kafka_Producer_Configuration
2021-12-27 13:42:50.165  WARN 14824 --- [ntainer#0-0-C-1] org.apache.kafka.clients.NetworkClient   : [Consumer clientId=consumer-group_id-2, groupId=group_id] Connection to node -1 (localhost/127.0.0.1:9092) could not be established. Broker may not be available.
2021-12-27 13:42:50.165  WARN 14824 --- [ntainer#0-0-C-1] org.apache.kafka.clients.NetworkClient   : [Consumer clientId=consumer-group_id-2, groupId=group_id] Bootstrap broker localhost:9092 (id: -1 rack: null) disconnected
2021-12-27 13:42:50.264  WARN 14824 --- [ntainer#0-0-C-1] org.apache.kafka.clients.NetworkClient   : [Consumer clientId=consumer-group_id-1, groupId=group_id] Connection to node -1 (localhost/127.0.0.1:9092) could not be established. Broker may not be available.
2021-12-27 13:42:50.264  WARN 14824 --- [ntainer#0-0-C-1] org.apache.kafka.clients.NetworkClient   : [Consumer clientId=consumer-group_id-1, groupId=group_id] Bootstrap broker localhost:9092 (id: -1 rack: null) disconnected
2021-12-27 13:42:50.493 DEBUG 14824 --- [    Test worker] c.s.c.config.KafkaConsumerConfig         : KafkaConsumerConfig
2021-12-27 13:42:50.584  WARN 14824 --- [ntainer#0-0-C-1] org.apache.kafka.clients.NetworkClient   : [Consumer clientId=consumer-group_id-4, groupId=group_id] Connection to node -1 (localhost/127.0.0.1:9092) could not be established. Broker may not be available.
2021-12-27 13:42:50.585  WARN 14824 --- [ntainer#0-0-C-1] org.apache.kafka.clients.NetworkClient   : [Consumer clientId=consumer-group_id-4, groupId=group_id] Bootstrap broker localhost:9092 (id: -1 rack: null) disconnected
2021-12-27 13:42:50.912  WARN 14824 --- [ntainer#0-0-C-1] org.apache.kafka.clients.NetworkClient   : [Consumer clientId=consumer-group_id-3, groupId=group_id] Connection to node -1 (localhost/127.0.0.1:9092) could not be established. Broker may not be available.
2021-12-27 13:42:50.912  WARN 14824 --- [ntainer#0-0-C-1] org.apache.kafka.clients.NetworkClient   : [Consumer clientId=consumer-group_id-3, groupId=group_id] Bootstrap broker localhost:9092 (id: -1 rack: null) disconnected
2021-12-27 13:42:50.977 DEBUG 14824 --- [    Test worker] _.s.web.servlet.HandlerMapping.Mappings  : 
	c.s.c.c.WebConfigurerTestController:
	{GET [/api/test-cors]}: testCorsOnApiPath()
	{GET [/test/test-cors]}: testCorsOnOtherPath()
2021-12-27 13:42:50.978 DEBUG 14824 --- [    Test worker] _.s.web.servlet.HandlerMapping.Mappings  : 
	c.s.c.r.e.ExceptionTranslatorTestController:
	{GET [/api/exception-translator-test/unauthorized]}: unauthorized()
	{GET [/api/exception-translator-test/concurrency-failure]}: concurrencyFailure()
	{POST [/api/exception-translator-test/method-argument]}: methodArgument(TestDTO)
	{GET [/api/exception-translator-test/access-denied]}: accessdenied()
	{GET [/api/exception-translator-test/response-status]}: exceptionWithResponseStatus()
	{GET [/api/exception-translator-test/missing-servlet-request-part]}: missingServletRequestPartException(String)
	{GET [/api/exception-translator-test/internal-server-error]}: internalServerError()
	{GET [/api/exception-translator-test/missing-servlet-request-parameter]}: missingServletRequestParameterException(String)
2021-12-27 13:42:50.981 DEBUG 14824 --- [    Test worker] _.s.web.servlet.HandlerMapping.Mappings  : 
	c.s.c.r.DataIngectionResource:
	{POST [/ingection/batcharray/{collectionName}]}: batcharray(String,String)
	{POST [/ingection/batchcollection/{collectionName}]}: batchcollection(String,String)
2021-12-27 13:42:50.981 DEBUG 14824 --- [    Test worker] _.s.web.servlet.HandlerMapping.Mappings  : 
	c.s.c.r.DataInjectionResource:
	{POST [/injection/batch]}: parseBatch(String)
	{POST [/injection/data]}: parseArray(String)
2021-12-27 13:42:50.982 DEBUG 14824 --- [    Test worker] _.s.web.servlet.HandlerMapping.Mappings  : 
	c.s.c.r.KafkaResource:
	{POST [/kafka/add/{addtoQueue}]}: sendData(String)
2021-12-27 13:42:50.985 DEBUG 14824 --- [    Test worker] _.s.web.servlet.HandlerMapping.Mappings  : 
	c.s.c.r.SolrCollectionResource:
	{GET [/searchservice/table/isCollectionExists/{collectionName}]}: isCollectionExits(String)
	{GET [/searchservice/table/collections]}: collections()
	{GET [/searchservice/table/capacity-plans]}: capacityPlans()
	{PUT [/searchservice/table/rename]}: rename(SolrRenameCollectionDTO)
	{DELETE [/searchservice/table/delete]}: delete(SolrDeleteCollectionDTO)
	{POST [/searchservice/table/create]}: create(SolrCreateCollectionDTO)
2021-12-27 13:42:50.987 DEBUG 14824 --- [    Test worker] _.s.web.servlet.HandlerMapping.Mappings  : 
	c.s.c.r.SolrCoreResource:
	{PUT [/solr-core/rename]}: rename(SolrDoubleCoreDTO)
	{GET [/solr-core/status/{name}]}: status(String)
	{DELETE [/solr-core/delete]}: delete(SolrSingleCoreDTO)
	{POST [/solr-core/create]}: create(SolrSingleCoreDTO)
	{PUT [/solr-core/swap]}: swap(SolrDoubleCoreDTO)
	{POST [/solr-core/reload]}: reload(SolrSingleCoreDTO)
2021-12-27 13:42:50.988 DEBUG 14824 --- [    Test worker] _.s.web.servlet.HandlerMapping.Mappings  : 
	c.s.c.r.SolrDocParserResource:
	{POST [/ingest/upload], consumes [multipart/form-data]}: fileUpload(MultipartFile)
2021-12-27 13:42:50.988 DEBUG 14824 --- [    Test worker] _.s.web.servlet.HandlerMapping.Mappings  : 
	c.s.c.r.SolrInputDocumentResource:
	{POST [/documents/{collectionName}]}: documents(String,String)
	{POST [/document/{collectionName}]}: document(String,String)
2021-12-27 13:42:50.990 DEBUG 14824 --- [    Test worker] _.s.web.servlet.HandlerMapping.Mappings  : 
	c.s.c.r.SolrSchemaResource:
	{GET [/schema/get/{tableName}/{name}]}: get(String,String)
	{PUT [/schema/update/{tableName}/{name}]}: update(String,String,SolrSchemaDTO)
	{DELETE [/schema/delete/{tableName}/{name}]}: delete(String,String)
	{POST [/schema/create]}: create(SolrSchemaDTO)
2021-12-27 13:42:50.991 DEBUG 14824 --- [    Test worker] _.s.web.servlet.HandlerMapping.Mappings  : 
	c.s.c.r.TestingController:
	{GET [/addDocument]}: addDocument()
2021-12-27 13:42:50.991 DEBUG 14824 --- [    Test worker] _.s.web.servlet.HandlerMapping.Mappings  : 
	c.s.c.r.ThrottlerResource:
	{GET [/throttle/testMRS]}: demoMRSThrottler(String)
	{GET [/throttle/health]}: checkHealth()
	{GET [/throttle/test]}: demoRateLimiterThrottler()
	{GET [/throttle/collections]}: throttleCollectionResource()
2021-12-27 13:42:50.992 DEBUG 14824 --- [    Test worker] _.s.web.servlet.HandlerMapping.Mappings  : 
	c.s.c.r.UserJWTController:
	{POST [/api/authenticate]}: authorize(LoginVM)
2021-12-27 13:42:50.993 DEBUG 14824 --- [    Test worker] _.s.web.servlet.HandlerMapping.Mappings  : 
	o.s.b.a.w.s.e.BasicErrorController:
	{ [/error], produces [text/html]}: errorHtml(HttpServletRequest,HttpServletResponse)
	{ [/error]}: error(HttpServletRequest)
2021-12-27 13:42:50.996 DEBUG 14824 --- [    Test worker] _.s.web.servlet.HandlerMapping.Mappings  : 
	o.s.w.a.OpenApiWebMvcResource:
	{GET [/v3/api-docs.yaml], produces [application/vnd.oai.openapi]}: openapiYaml(HttpServletRequest,String)
	{GET [/v3/api-docs], produces [application/json]}: openapiJson(HttpServletRequest,String)
2021-12-27 13:42:50.998 DEBUG 14824 --- [    Test worker] _.s.web.servlet.HandlerMapping.Mappings  : 
	o.s.w.u.SwaggerWelcomeWebMvc:
	{GET [/swagger-ui.html]}: redirectToUi(HttpServletRequest)
	{GET [/v3/api-docs/swagger-config], produces [application/json]}: openapiJson(HttpServletRequest)
2021-12-27 13:42:51.108 DEBUG 14824 --- [    Test worker] _.s.web.servlet.HandlerMapping.Mappings  : 'beanNameHandlerMapping' {}
2021-12-27 13:42:52.780  WARN 14824 --- [ntainer#0-0-C-1] org.apache.kafka.clients.NetworkClient   : [Consumer clientId=consumer-group_id-4, groupId=group_id] Connection to node -1 (localhost/127.0.0.1:9092) could not be established. Broker may not be available.
2021-12-27 13:42:52.781  WARN 14824 --- [ntainer#0-0-C-1] org.apache.kafka.clients.NetworkClient   : [Consumer clientId=consumer-group_id-4, groupId=group_id] Bootstrap broker localhost:9092 (id: -1 rack: null) disconnected
2021-12-27 13:42:53.196  WARN 14824 --- [ntainer#0-0-C-1] org.apache.kafka.clients.NetworkClient   : [Consumer clientId=consumer-group_id-2, groupId=group_id] Connection to node -1 (localhost/127.0.0.1:9092) could not be established. Broker may not be available.
2021-12-27 13:42:53.196  WARN 14824 --- [ntainer#0-0-C-1] org.apache.kafka.clients.NetworkClient   : [Consumer clientId=consumer-group_id-2, groupId=group_id] Bootstrap broker localhost:9092 (id: -1 rack: null) disconnected
2021-12-27 13:42:53.244  WARN 14824 --- [ntainer#0-0-C-1] org.apache.kafka.clients.NetworkClient   : [Consumer clientId=consumer-group_id-1, groupId=group_id] Connection to node -1 (localhost/127.0.0.1:9092) could not be established. Broker may not be available.
2021-12-27 13:42:53.244  WARN 14824 --- [ntainer#0-0-C-1] org.apache.kafka.clients.NetworkClient   : [Consumer clientId=consumer-group_id-1, groupId=group_id] Bootstrap broker localhost:9092 (id: -1 rack: null) disconnected
2021-12-27 13:42:53.254 DEBUG 14824 --- [    Test worker] _.s.web.servlet.HandlerMapping.Mappings  : 'resourceHandlerMapping' {/webjars/**=ResourceHttpRequestHandler [Classpath [META-INF/resources/webjars/]], /**=ResourceHttpRequestHandler [Classpath [META-INF/resources/], Classpath [resources/], Classpath [static/], Classpath [public/], ServletContext [/]], /swagger-ui*/**=ResourceHttpRequestHandler [Classpath [META-INF/resources/webjars/]]}
2021-12-27 13:42:53.891  WARN 14824 --- [ntainer#0-0-C-1] org.apache.kafka.clients.NetworkClient   : [Consumer clientId=consumer-group_id-3, groupId=group_id] Connection to node -1 (localhost/127.0.0.1:9092) could not be established. Broker may not be available.
2021-12-27 13:42:53.892  WARN 14824 --- [ntainer#0-0-C-1] org.apache.kafka.clients.NetworkClient   : [Consumer clientId=consumer-group_id-3, groupId=group_id] Bootstrap broker localhost:9092 (id: -1 rack: null) disconnected
2021-12-27 13:42:55.051  WARN 14824 --- [ntainer#0-0-C-1] org.apache.kafka.clients.NetworkClient   : [Consumer clientId=consumer-group_id-4, groupId=group_id] Connection to node -1 (localhost/127.0.0.1:9092) could not be established. Broker may not be available.
2021-12-27 13:42:55.052  WARN 14824 --- [ntainer#0-0-C-1] org.apache.kafka.clients.NetworkClient   : [Consumer clientId=consumer-group_id-4, groupId=group_id] Bootstrap broker localhost:9092 (id: -1 rack: null) disconnected
2021-12-27 13:42:55.182  INFO 14824 --- [    Test worker] c.s.c.solrwrapper.SolrCoreTest           : Started SolrCoreTest in 8.386 seconds (JVM running for 122.133)
2021-12-27 13:42:55.275 DEBUG 14824 --- [    Test worker] c.s.clientwrapper.rest.SolrCoreResource  : Solr Core delete
2021-12-27 13:42:55.284 DEBUG 14824 --- [    Test worker] c.s.c.usecase.solr.core.DeleteSolrCore   : delete
2021-12-27 13:42:55.297 DEBUG 14824 --- [    Test worker] c.s.clientwrapper.rest.SolrCoreResource  : Solr Core create
2021-12-27 13:42:55.304 DEBUG 14824 --- [    Test worker] c.s.c.usecase.solr.core.CreateSolrCore   : create
2021-12-27 13:42:55.313 DEBUG 14824 --- [    Test worker] c.s.clientwrapper.rest.SolrCoreResource  : Solr Core delete
2021-12-27 13:42:55.313 DEBUG 14824 --- [    Test worker] c.s.c.usecase.solr.core.DeleteSolrCore   : delete
2021-12-27 13:42:55.336 DEBUG 14824 --- [    Test worker] c.s.clientwrapper.rest.SolrCoreResource  : Solr Core create
2021-12-27 13:42:55.337 DEBUG 14824 --- [    Test worker] c.s.c.usecase.solr.core.CreateSolrCore   : create
2021-12-27 13:42:55.350 DEBUG 14824 --- [    Test worker] c.s.clientwrapper.rest.SolrCoreResource  : Solr Core swap
2021-12-27 13:42:55.360 DEBUG 14824 --- [    Test worker] c.s.c.usecase.solr.core.SwapSolrCore     : swap
2021-12-27 13:42:55.370 DEBUG 14824 --- [    Test worker] c.s.clientwrapper.rest.SolrCoreResource  : Solr Core create
2021-12-27 13:42:55.371 DEBUG 14824 --- [    Test worker] c.s.c.usecase.solr.core.CreateSolrCore   : create
2021-12-27 13:42:55.383 DEBUG 14824 --- [    Test worker] c.s.clientwrapper.rest.SolrCoreResource  : Solr Core swap
2021-12-27 13:42:55.383 DEBUG 14824 --- [    Test worker] c.s.c.usecase.solr.core.SwapSolrCore     : swap
2021-12-27 13:42:55.392 DEBUG 14824 --- [    Test worker] c.s.clientwrapper.rest.SolrCoreResource  : Solr Core delete
2021-12-27 13:42:55.393 DEBUG 14824 --- [    Test worker] c.s.c.usecase.solr.core.DeleteSolrCore   : delete
2021-12-27 13:42:55.403 DEBUG 14824 --- [    Test worker] c.s.clientwrapper.rest.SolrCoreResource  : Solr Core delete
2021-12-27 13:42:55.403 DEBUG 14824 --- [    Test worker] c.s.c.usecase.solr.core.DeleteSolrCore   : delete
2021-12-27 13:42:55.423 DEBUG 14824 --- [    Test worker] c.s.clientwrapper.rest.SolrCoreResource  : Solr Core create
2021-12-27 13:42:55.424 DEBUG 14824 --- [    Test worker] c.s.c.usecase.solr.core.CreateSolrCore   : create
2021-12-27 13:42:55.438 DEBUG 14824 --- [    Test worker] c.s.clientwrapper.rest.SolrCoreResource  : Solr Core rename
2021-12-27 13:42:55.447 DEBUG 14824 --- [    Test worker] c.s.c.usecase.solr.core.RenameSolrCore   : rename
2021-12-27 13:42:55.460 DEBUG 14824 --- [    Test worker] c.s.clientwrapper.rest.SolrCoreResource  : Solr Core delete
2021-12-27 13:42:55.461 DEBUG 14824 --- [    Test worker] c.s.c.usecase.solr.core.DeleteSolrCore   : delete
2021-12-27 13:42:55.471 DEBUG 14824 --- [    Test worker] c.s.clientwrapper.rest.SolrCoreResource  : Solr Core delete
2021-12-27 13:42:55.471 DEBUG 14824 --- [    Test worker] c.s.c.usecase.solr.core.DeleteSolrCore   : delete
2021-12-27 13:42:55.507 DEBUG 14824 --- [    Test worker] c.s.clientwrapper.rest.SolrCoreResource  : Solr Core reload
2021-12-27 13:42:55.518 DEBUG 14824 --- [    Test worker] c.s.c.usecase.solr.core.ReloadSolrCore   : reload
2021-12-27 13:42:55.544 DEBUG 14824 --- [    Test worker] c.s.clientwrapper.rest.SolrCoreResource  : Solr Core create
2021-12-27 13:42:55.545 DEBUG 14824 --- [    Test worker] c.s.c.usecase.solr.core.CreateSolrCore   : create
2021-12-27 13:42:55.561 DEBUG 14824 --- [    Test worker] c.s.clientwrapper.rest.SolrCoreResource  : Solr Core reload
2021-12-27 13:42:55.562 DEBUG 14824 --- [    Test worker] c.s.c.usecase.solr.core.ReloadSolrCore   : reload
2021-12-27 13:42:55.575 DEBUG 14824 --- [    Test worker] c.s.clientwrapper.rest.SolrCoreResource  : Solr Core delete
2021-12-27 13:42:55.576 DEBUG 14824 --- [    Test worker] c.s.c.usecase.solr.core.DeleteSolrCore   : delete
2021-12-27 13:42:55.614 DEBUG 14824 --- [    Test worker] c.s.clientwrapper.rest.SolrCoreResource  : Solr Core status
2021-12-27 13:42:55.626 DEBUG 14824 --- [    Test worker] c.s.c.usecase.solr.core.StatusSolrCore   : status
2021-12-27 13:42:55.651 DEBUG 14824 --- [    Test worker] c.s.clientwrapper.rest.SolrCoreResource  : Solr Core create
2021-12-27 13:42:55.652 DEBUG 14824 --- [    Test worker] c.s.c.usecase.solr.core.CreateSolrCore   : create
2021-12-27 13:42:55.665 DEBUG 14824 --- [    Test worker] c.s.clientwrapper.rest.SolrCoreResource  : Solr Core status
2021-12-27 13:42:55.666 DEBUG 14824 --- [    Test worker] c.s.c.usecase.solr.core.StatusSolrCore   : status
2021-12-27 13:42:55.682 DEBUG 14824 --- [    Test worker] c.s.clientwrapper.rest.SolrCoreResource  : Solr Core delete
2021-12-27 13:42:55.683 DEBUG 14824 --- [    Test worker] c.s.c.usecase.solr.core.DeleteSolrCore   : delete
2021-12-27 13:42:55.727 DEBUG 14824 --- [    Test worker] c.s.clientwrapper.rest.SolrCoreResource  : Solr Core create
2021-12-27 13:42:55.728 DEBUG 14824 --- [    Test worker] c.s.c.usecase.solr.core.CreateSolrCore   : create
2021-12-27 13:42:55.750 DEBUG 14824 --- [    Test worker] c.s.clientwrapper.rest.SolrCoreResource  : Solr Core create
2021-12-27 13:42:55.751 DEBUG 14824 --- [    Test worker] c.s.c.usecase.solr.core.CreateSolrCore   : create
2021-12-27 13:42:55.760 DEBUG 14824 --- [    Test worker] c.s.clientwrapper.rest.SolrCoreResource  : Solr Core delete
2021-12-27 13:42:55.761 DEBUG 14824 --- [    Test worker] c.s.c.usecase.solr.core.DeleteSolrCore   : delete
]]></system-out>
  <system-err><![CDATA[]]></system-err>
</testsuite>
