<?xml version="1.0" encoding="UTF-8"?>
<testsuite name="com.solr.clientwrapper.rest.SolrSchemaResourceTest" tests="4" skipped="0" failures="0" errors="0" timestamp="2021-12-27T08:12:27" hostname="DESKTOP-VAOA8DC" time="0.626">
  <properties/>
  <testcase name="testCreateSchema()" classname="com.solr.clientwrapper.rest.SolrSchemaResourceTest" time="0.423"/>
  <testcase name="testUpdateSchema()" classname="com.solr.clientwrapper.rest.SolrSchemaResourceTest" time="0.064"/>
  <testcase name="testDeleteSchema()" classname="com.solr.clientwrapper.rest.SolrSchemaResourceTest" time="0.054"/>
  <testcase name="testGetSchema()" classname="com.solr.clientwrapper.rest.SolrSchemaResourceTest" time="0.077"/>
  <system-out><![CDATA[
        ??? ???   ??? ????????? ????????   ??????? ????????? ????????? ????????
        ??? ???   ??? ????????? ????????? ???????? ????????? ????????? ?????????
        ??? ?????????    ???    ????????? ???????     ???    ???????   ?????????
  ???   ??? ?????????    ???    ????????   ???????    ???    ???????   ????????
  ????????? ???   ??? ????????? ???       ????????    ???    ????????? ???  ????
   ???????  ???   ??? ????????? ???       ???????     ???    ????????? ???   ???

:: JHipster ?  :: Running Spring Boot 2.5.4 ::
:: https://www.jhipster.tech ::

2021-12-27 13:42:16.759  INFO 14824 --- [    Test worker] c.s.c.rest.SolrSchemaResourceTest        : Starting SolrSchemaResourceTest using Java 11.0.12 on DESKTOP-VAOA8DC with PID 14824 (started by user in D:\search-as-service)
2021-12-27 13:42:16.760 DEBUG 14824 --- [    Test worker] c.s.c.rest.SolrSchemaResourceTest        : Running with Spring Boot v2.5.4, Spring v5.3.13
2021-12-27 13:42:16.762  INFO 14824 --- [    Test worker] c.s.c.rest.SolrSchemaResourceTest        : No active profile set, falling back to default profiles: default
2021-12-27 13:42:16.768  WARN 14824 --- [    Test worker] o.s.b.c.config.ConfigDataEnvironment     : Property 'spring.profiles' imported from location 'class path resource [config/application.yml]' is invalid and should be replaced with 'spring.config.activate.on-profile' [origin: class path resource [config/application.yml] - 17:12]
2021-12-27 13:42:18.082 DEBUG 14824 --- [    Test worker] i.g.r.utils.RxJava2OnClasspathCondition  : RxJava2 related Aspect extensions are not activated, because RxJava2 is not on the classpath.
2021-12-27 13:42:18.085 DEBUG 14824 --- [    Test worker] i.g.r.utils.ReactorOnClasspathCondition  : Reactor related Aspect extensions are not activated because Reactor is not on the classpath.
2021-12-27 13:42:18.093 DEBUG 14824 --- [    Test worker] i.g.r.utils.RxJava2OnClasspathCondition  : RxJava2 related Aspect extensions are not activated, because RxJava2 is not on the classpath.
2021-12-27 13:42:18.095 DEBUG 14824 --- [    Test worker] i.g.r.utils.ReactorOnClasspathCondition  : Reactor related Aspect extensions are not activated because Reactor is not on the classpath.
2021-12-27 13:42:18.112 DEBUG 14824 --- [    Test worker] i.g.r.utils.RxJava2OnClasspathCondition  : RxJava2 related Aspect extensions are not activated, because RxJava2 is not on the classpath.
2021-12-27 13:42:18.114 DEBUG 14824 --- [    Test worker] i.g.r.utils.ReactorOnClasspathCondition  : Reactor related Aspect extensions are not activated because Reactor is not on the classpath.
2021-12-27 13:42:18.126 DEBUG 14824 --- [    Test worker] i.g.r.utils.RxJava2OnClasspathCondition  : RxJava2 related Aspect extensions are not activated, because RxJava2 is not on the classpath.
2021-12-27 13:42:18.128 DEBUG 14824 --- [    Test worker] i.g.r.utils.ReactorOnClasspathCondition  : Reactor related Aspect extensions are not activated because Reactor is not on the classpath.
2021-12-27 13:42:18.139 DEBUG 14824 --- [    Test worker] i.g.r.utils.RxJava2OnClasspathCondition  : RxJava2 related Aspect extensions are not activated, because RxJava2 is not on the classpath.
2021-12-27 13:42:18.141 DEBUG 14824 --- [    Test worker] i.g.r.utils.ReactorOnClasspathCondition  : Reactor related Aspect extensions are not activated because Reactor is not on the classpath.
2021-12-27 13:42:18.151 DEBUG 14824 --- [    Test worker] i.g.r.utils.RxJava2OnClasspathCondition  : RxJava2 related Aspect extensions are not activated, because RxJava2 is not on the classpath.
2021-12-27 13:42:18.152 DEBUG 14824 --- [    Test worker] i.g.r.utils.ReactorOnClasspathCondition  : Reactor related Aspect extensions are not activated because Reactor is not on the classpath.
2021-12-27 13:42:18.865 DEBUG 14824 --- [    Test worker] c.s.c.config.AsyncConfiguration          : Creating Async Task Executor
2021-12-27 13:42:18.971 DEBUG 14824 --- [    Test worker] c.s.c.config.LiquibaseConfiguration      : Configuring Liquibase
Skipping auto-registration
2021-12-27 13:42:19.310  WARN 14824 --- [    Test worker] liquibase.hub                            : Skipping auto-registration
2021-12-27 13:42:19.949  WARN 14824 --- [ntainer#0-0-C-1] org.apache.kafka.clients.NetworkClient   : [Consumer clientId=consumer-group_id-1, groupId=group_id] Connection to node -1 (localhost/127.0.0.1:9092) could not be established. Broker may not be available.
2021-12-27 13:42:19.953  WARN 14824 --- [ntainer#0-0-C-1] org.apache.kafka.clients.NetworkClient   : [Consumer clientId=consumer-group_id-1, groupId=group_id] Bootstrap broker localhost:9092 (id: -1 rack: null) disconnected
2021-12-27 13:42:20.533 DEBUG 14824 --- [    Test worker] c.s.c.security.jwt.TokenProvider         : Using a Base64-encoded JWT secret key
2021-12-27 13:42:21.529 DEBUG 14824 --- [    Test worker] c.s.c.config.KafkaProducerConfig         : Kafka_Producer_Configuration
2021-12-27 13:42:22.355  WARN 14824 --- [ntainer#0-0-C-1] org.apache.kafka.clients.NetworkClient   : [Consumer clientId=consumer-group_id-1, groupId=group_id] Connection to node -1 (localhost/127.0.0.1:9092) could not be established. Broker may not be available.
2021-12-27 13:42:22.356  WARN 14824 --- [ntainer#0-0-C-1] org.apache.kafka.clients.NetworkClient   : [Consumer clientId=consumer-group_id-1, groupId=group_id] Bootstrap broker localhost:9092 (id: -1 rack: null) disconnected
2021-12-27 13:42:22.417 DEBUG 14824 --- [    Test worker] c.s.c.config.KafkaConsumerConfig         : KafkaConsumerConfig
2021-12-27 13:42:23.132 DEBUG 14824 --- [    Test worker] _.s.web.servlet.HandlerMapping.Mappings  : 
	c.s.c.c.WebConfigurerTestController:
	{GET [/api/test-cors]}: testCorsOnApiPath()
	{GET [/test/test-cors]}: testCorsOnOtherPath()
2021-12-27 13:42:23.136 DEBUG 14824 --- [    Test worker] _.s.web.servlet.HandlerMapping.Mappings  : 
	c.s.c.r.e.ExceptionTranslatorTestController:
	{GET [/api/exception-translator-test/unauthorized]}: unauthorized()
	{GET [/api/exception-translator-test/concurrency-failure]}: concurrencyFailure()
	{POST [/api/exception-translator-test/method-argument]}: methodArgument(TestDTO)
	{GET [/api/exception-translator-test/access-denied]}: accessdenied()
	{GET [/api/exception-translator-test/response-status]}: exceptionWithResponseStatus()
	{GET [/api/exception-translator-test/missing-servlet-request-part]}: missingServletRequestPartException(String)
	{GET [/api/exception-translator-test/internal-server-error]}: internalServerError()
	{GET [/api/exception-translator-test/missing-servlet-request-parameter]}: missingServletRequestParameterException(String)
2021-12-27 13:42:23.140 DEBUG 14824 --- [    Test worker] _.s.web.servlet.HandlerMapping.Mappings  : 
	c.s.c.r.DataIngectionResource:
	{POST [/ingection/batcharray/{collectionName}]}: batcharray(String,String)
	{POST [/ingection/batchcollection/{collectionName}]}: batchcollection(String,String)
2021-12-27 13:42:23.143 DEBUG 14824 --- [    Test worker] _.s.web.servlet.HandlerMapping.Mappings  : 
	c.s.c.r.DataInjectionResource:
	{POST [/injection/batch]}: parseBatch(String)
	{POST [/injection/data]}: parseArray(String)
2021-12-27 13:42:23.145 DEBUG 14824 --- [    Test worker] _.s.web.servlet.HandlerMapping.Mappings  : 
	c.s.c.r.KafkaResource:
	{POST [/kafka/add/{addtoQueue}]}: sendData(String)
2021-12-27 13:42:23.148 DEBUG 14824 --- [    Test worker] _.s.web.servlet.HandlerMapping.Mappings  : 
	c.s.c.r.SolrCollectionResource:
	{GET [/searchservice/table/isCollectionExists/{collectionName}]}: isCollectionExits(String)
	{GET [/searchservice/table/collections]}: collections()
	{GET [/searchservice/table/capacity-plans]}: capacityPlans()
	{PUT [/searchservice/table/rename]}: rename(SolrRenameCollectionDTO)
	{DELETE [/searchservice/table/delete]}: delete(SolrDeleteCollectionDTO)
	{POST [/searchservice/table/create]}: create(SolrCreateCollectionDTO)
2021-12-27 13:42:23.152 DEBUG 14824 --- [    Test worker] _.s.web.servlet.HandlerMapping.Mappings  : 
	c.s.c.r.SolrCoreResource:
	{PUT [/solr-core/rename]}: rename(SolrDoubleCoreDTO)
	{GET [/solr-core/status/{name}]}: status(String)
	{DELETE [/solr-core/delete]}: delete(SolrSingleCoreDTO)
	{POST [/solr-core/create]}: create(SolrSingleCoreDTO)
	{PUT [/solr-core/swap]}: swap(SolrDoubleCoreDTO)
	{POST [/solr-core/reload]}: reload(SolrSingleCoreDTO)
2021-12-27 13:42:23.156 DEBUG 14824 --- [    Test worker] _.s.web.servlet.HandlerMapping.Mappings  : 
	c.s.c.r.SolrDocParserResource:
	{POST [/ingest/upload], consumes [multipart/form-data]}: fileUpload(MultipartFile)
2021-12-27 13:42:23.159 DEBUG 14824 --- [    Test worker] _.s.web.servlet.HandlerMapping.Mappings  : 
	c.s.c.r.SolrInputDocumentResource:
	{POST [/documents/{collectionName}]}: documents(String,String)
	{POST [/document/{collectionName}]}: document(String,String)
2021-12-27 13:42:23.163 DEBUG 14824 --- [    Test worker] _.s.web.servlet.HandlerMapping.Mappings  : 
	c.s.c.r.SolrSchemaResource:
	{GET [/schema/get/{tableName}/{name}]}: get(String,String)
	{PUT [/schema/update/{tableName}/{name}]}: update(String,String,SolrSchemaDTO)
	{DELETE [/schema/delete/{tableName}/{name}]}: delete(String,String)
	{POST [/schema/create]}: create(SolrSchemaDTO)
2021-12-27 13:42:23.165 DEBUG 14824 --- [    Test worker] _.s.web.servlet.HandlerMapping.Mappings  : 
	c.s.c.r.TestingController:
	{GET [/addDocument]}: addDocument()
2021-12-27 13:42:23.187 DEBUG 14824 --- [    Test worker] _.s.web.servlet.HandlerMapping.Mappings  : 
	c.s.c.r.ThrottlerResource:
	{GET [/throttle/testMRS]}: demoMRSThrottler(String)
	{GET [/throttle/health]}: checkHealth()
	{GET [/throttle/test]}: demoRateLimiterThrottler()
	{GET [/throttle/collections]}: throttleCollectionResource()
2021-12-27 13:42:23.193 DEBUG 14824 --- [    Test worker] _.s.web.servlet.HandlerMapping.Mappings  : 
	c.s.c.r.UserJWTController:
	{POST [/api/authenticate]}: authorize(LoginVM)
2021-12-27 13:42:23.196 DEBUG 14824 --- [    Test worker] _.s.web.servlet.HandlerMapping.Mappings  : 
	o.s.b.a.w.s.e.BasicErrorController:
	{ [/error], produces [text/html]}: errorHtml(HttpServletRequest,HttpServletResponse)
	{ [/error]}: error(HttpServletRequest)
2021-12-27 13:42:23.202 DEBUG 14824 --- [    Test worker] _.s.web.servlet.HandlerMapping.Mappings  : 
	o.s.w.a.OpenApiWebMvcResource:
	{GET [/v3/api-docs.yaml], produces [application/vnd.oai.openapi]}: openapiYaml(HttpServletRequest,String)
	{GET [/v3/api-docs], produces [application/json]}: openapiJson(HttpServletRequest,String)
2021-12-27 13:42:23.208 DEBUG 14824 --- [    Test worker] _.s.web.servlet.HandlerMapping.Mappings  : 
	o.s.w.u.SwaggerWelcomeWebMvc:
	{GET [/swagger-ui.html]}: redirectToUi(HttpServletRequest)
	{GET [/v3/api-docs/swagger-config], produces [application/json]}: openapiJson(HttpServletRequest)
2021-12-27 13:42:23.312 DEBUG 14824 --- [    Test worker] _.s.web.servlet.HandlerMapping.Mappings  : 'beanNameHandlerMapping' {}
2021-12-27 13:42:24.497  WARN 14824 --- [ntainer#0-0-C-1] org.apache.kafka.clients.NetworkClient   : [Consumer clientId=consumer-group_id-1, groupId=group_id] Connection to node -1 (localhost/127.0.0.1:9092) could not be established. Broker may not be available.
2021-12-27 13:42:24.498  WARN 14824 --- [ntainer#0-0-C-1] org.apache.kafka.clients.NetworkClient   : [Consumer clientId=consumer-group_id-1, groupId=group_id] Bootstrap broker localhost:9092 (id: -1 rack: null) disconnected
2021-12-27 13:42:25.295 DEBUG 14824 --- [    Test worker] _.s.web.servlet.HandlerMapping.Mappings  : 'resourceHandlerMapping' {/webjars/**=ResourceHttpRequestHandler [Classpath [META-INF/resources/webjars/]], /**=ResourceHttpRequestHandler [Classpath [META-INF/resources/], Classpath [resources/], Classpath [static/], Classpath [public/], ServletContext [/]], /swagger-ui*/**=ResourceHttpRequestHandler [Classpath [META-INF/resources/webjars/]]}
2021-12-27 13:42:27.020  WARN 14824 --- [ntainer#0-0-C-1] org.apache.kafka.clients.NetworkClient   : [Consumer clientId=consumer-group_id-1, groupId=group_id] Connection to node -1 (localhost/127.0.0.1:9092) could not be established. Broker may not be available.
2021-12-27 13:42:27.021  WARN 14824 --- [ntainer#0-0-C-1] org.apache.kafka.clients.NetworkClient   : [Consumer clientId=consumer-group_id-1, groupId=group_id] Bootstrap broker localhost:9092 (id: -1 rack: null) disconnected
2021-12-27 13:42:27.079  INFO 14824 --- [    Test worker] c.s.c.rest.SolrSchemaResourceTest        : Started SolrSchemaResourceTest in 10.43 seconds (JVM running for 94.029)
2021-12-27 13:42:27.359 DEBUG 14824 --- [    Test worker] c.s.c.rest.SolrSchemaResource            : Solr Schema Create
2021-12-27 13:42:27.360 DEBUG 14824 --- [    Test worker] c.s.c.rest.SolrSchemaResource            : Received Schema as in Request Body: SolrSchemaDTO(tableName=gettingstarted1, name=default-config, attributes=[SolrFieldDTO(name=testField6, type=_nest_path_, default_=mydefault, isRequired=true, isFilterable=true, isStorable=false, isMultiValue=true, isSortable=true)])
2021-12-27 13:42:27.368 DEBUG 14824 --- [    Test worker] c.s.c.u.solr.schema.CreateSolrSchema     : create Schema
2021-12-27 13:42:27.452 DEBUG 14824 --- [    Test worker] c.s.c.rest.SolrSchemaResource            : Solr Schema Create
2021-12-27 13:42:27.453 DEBUG 14824 --- [    Test worker] c.s.c.rest.SolrSchemaResource            : Received Schema as in Request Body: SolrSchemaDTO(tableName=gettingstarted1, name=default-config, attributes=[SolrFieldDTO(name=testField6, type=_nest_path_, default_=mydefault, isRequired=true, isFilterable=true, isStorable=false, isMultiValue=true, isSortable=true)])
2021-12-27 13:42:27.454 DEBUG 14824 --- [    Test worker] c.s.c.u.solr.schema.CreateSolrSchema     : create Schema
2021-12-27 13:42:27.482 DEBUG 14824 --- [    Test worker] c.s.c.rest.SolrSchemaResource            : Schema Delete
2021-12-27 13:42:27.493 DEBUG 14824 --- [    Test worker] c.s.c.u.solr.schema.DeleteSolrSchema     : Calling delete schema field Port
2021-12-27 13:42:27.536 DEBUG 14824 --- [    Test worker] c.s.c.rest.SolrSchemaResource            : Solr Schema Create
2021-12-27 13:42:27.537 DEBUG 14824 --- [    Test worker] c.s.c.rest.SolrSchemaResource            : Received Schema as in Request Body: SolrSchemaDTO(tableName=gettingstarted1, name=default-config, attributes=[SolrFieldDTO(name=testField6, type=_nest_path_, default_=mydefault, isRequired=true, isFilterable=true, isStorable=false, isMultiValue=true, isSortable=true)])
2021-12-27 13:42:27.537 DEBUG 14824 --- [    Test worker] c.s.c.u.solr.schema.CreateSolrSchema     : create Schema
2021-12-27 13:42:27.548 DEBUG 14824 --- [    Test worker] c.s.c.rest.SolrSchemaResource            : Solr schema update
2021-12-27 13:42:27.549 DEBUG 14824 --- [    Test worker] c.s.c.rest.SolrSchemaResource            : Received Schema as in Request Body: SolrSchemaDTO(tableName=gettingstarted1, name=default-config, attributes=[SolrFieldDTO(name=testField6, type=_nest_path_, default_=mydefault, isRequired=true, isFilterable=true, isStorable=false, isMultiValue=true, isSortable=true)])
2021-12-27 13:42:27.562 DEBUG 14824 --- [    Test worker] c.s.c.u.solr.schema.UpdateSolrSchema     : update Schema
2021-12-27 13:42:27.571 DEBUG 14824 --- [    Test worker] c.s.c.rest.SolrSchemaResource            : Schema Delete
2021-12-27 13:42:27.571 DEBUG 14824 --- [    Test worker] c.s.c.u.solr.schema.DeleteSolrSchema     : Calling delete schema field Port
2021-12-27 13:42:27.602 DEBUG 14824 --- [    Test worker] c.s.c.rest.SolrSchemaResource            : Schema Delete
2021-12-27 13:42:27.602 DEBUG 14824 --- [    Test worker] c.s.c.u.solr.schema.DeleteSolrSchema     : Calling delete schema field Port
2021-12-27 13:42:27.618 DEBUG 14824 --- [    Test worker] c.s.c.rest.SolrSchemaResource            : Solr Schema Create
2021-12-27 13:42:27.618 DEBUG 14824 --- [    Test worker] c.s.c.rest.SolrSchemaResource            : Received Schema as in Request Body: SolrSchemaDTO(tableName=gettingstarted1, name=default-config, attributes=[SolrFieldDTO(name=testField6, type=_nest_path_, default_=mydefault, isRequired=true, isFilterable=true, isStorable=false, isMultiValue=true, isSortable=true)])
2021-12-27 13:42:27.618 DEBUG 14824 --- [    Test worker] c.s.c.u.solr.schema.CreateSolrSchema     : create Schema
2021-12-27 13:42:27.630 DEBUG 14824 --- [    Test worker] c.s.c.rest.SolrSchemaResource            : Schema Delete
2021-12-27 13:42:27.630 DEBUG 14824 --- [    Test worker] c.s.c.u.solr.schema.DeleteSolrSchema     : Calling delete schema field Port
2021-12-27 13:42:27.659 DEBUG 14824 --- [    Test worker] c.s.c.rest.SolrSchemaResource            : get solar schema
2021-12-27 13:42:27.668 DEBUG 14824 --- [    Test worker] c.s.c.usecase.solr.schema.GetSolrSchema  : get Schema
2021-12-27 13:42:27.678 DEBUG 14824 --- [    Test worker] c.s.c.rest.SolrSchemaResource            : get solar schema
2021-12-27 13:42:27.678 DEBUG 14824 --- [    Test worker] c.s.c.usecase.solr.schema.GetSolrSchema  : get Schema
2021-12-27 13:42:27.690 DEBUG 14824 --- [    Test worker] c.s.c.rest.SolrSchemaResource            : Solr Schema Create
2021-12-27 13:42:27.690 DEBUG 14824 --- [    Test worker] c.s.c.rest.SolrSchemaResource            : Received Schema as in Request Body: SolrSchemaDTO(tableName=gettingstarted1, name=default-config, attributes=[SolrFieldDTO(name=testField6, type=_nest_path_, default_=mydefault, isRequired=true, isFilterable=true, isStorable=false, isMultiValue=true, isSortable=true)])
2021-12-27 13:42:27.691 DEBUG 14824 --- [    Test worker] c.s.c.u.solr.schema.CreateSolrSchema     : create Schema
2021-12-27 13:42:27.699 DEBUG 14824 --- [    Test worker] c.s.c.rest.SolrSchemaResource            : get solar schema
2021-12-27 13:42:27.700 DEBUG 14824 --- [    Test worker] c.s.c.usecase.solr.schema.GetSolrSchema  : get Schema
2021-12-27 13:42:27.709 DEBUG 14824 --- [    Test worker] c.s.c.rest.SolrSchemaResource            : Schema Delete
2021-12-27 13:42:27.710 DEBUG 14824 --- [    Test worker] c.s.c.u.solr.schema.DeleteSolrSchema     : Calling delete schema field Port
]]></system-out>
  <system-err><![CDATA[]]></system-err>
</testsuite>
