<?xml version="1.0" encoding="UTF-8"?>
<testsuite name="com.solr.clientwrapper.security.jwt.TokenProviderTest" tests="7" skipped="0" failures="0" errors="0" timestamp="2021-12-27T08:12:27" hostname="DESKTOP-VAOA8DC" time="0.074">
  <properties/>
  <testcase name="testReturnFalseWhenJWTisInvalid()" classname="com.solr.clientwrapper.security.jwt.TokenProviderTest" time="0.007"/>
  <testcase name="testReturnFalseWhenJWTisExpired()" classname="com.solr.clientwrapper.security.jwt.TokenProviderTest" time="0.011"/>
  <testcase name="testReturnFalseWhenJWThasInvalidSignature()" classname="com.solr.clientwrapper.security.jwt.TokenProviderTest" time="0.012"/>
  <testcase name="testKeyIsSetFromSecretWhenSecretIsNotEmpty()" classname="com.solr.clientwrapper.security.jwt.TokenProviderTest" time="0.009"/>
  <testcase name="testReturnFalseWhenJWTisMalformed()" classname="com.solr.clientwrapper.security.jwt.TokenProviderTest" time="0.011"/>
  <testcase name="testKeyIsSetFromBase64SecretWhenSecretIsEmpty()" classname="com.solr.clientwrapper.security.jwt.TokenProviderTest" time="0.011"/>
  <testcase name="testReturnFalseWhenJWTisUnsupported()" classname="com.solr.clientwrapper.security.jwt.TokenProviderTest" time="0.009"/>
  <system-out><![CDATA[2021-12-27 13:42:27.846 DEBUG 14824 --- [    Test worker] c.s.c.security.jwt.TokenProvider         : Using a Base64-encoded JWT secret key
2021-12-27 13:42:27.850  INFO 14824 --- [    Test worker] c.s.c.security.jwt.TokenProvider         : Invalid JWT token.
2021-12-27 13:42:27.854 DEBUG 14824 --- [    Test worker] c.s.c.security.jwt.TokenProvider         : Using a Base64-encoded JWT secret key
2021-12-27 13:42:27.863  INFO 14824 --- [    Test worker] c.s.c.security.jwt.TokenProvider         : Invalid JWT token.
2021-12-27 13:42:27.865 DEBUG 14824 --- [    Test worker] c.s.c.security.jwt.TokenProvider         : Using a Base64-encoded JWT secret key
2021-12-27 13:42:27.875  INFO 14824 --- [    Test worker] c.s.c.security.jwt.TokenProvider         : Invalid JWT token.
2021-12-27 13:42:27.877 DEBUG 14824 --- [    Test worker] c.s.c.security.jwt.TokenProvider         : Using a Base64-encoded JWT secret key
2021-12-27 13:42:27.881  WARN 14824 --- [    Test worker] c.s.c.security.jwt.TokenProvider         : Warning: the JWT key used is not Base64-encoded. We recommend using the `jhipster.security.authentication.jwt.base64-secret` key for optimum security.
2021-12-27 13:42:27.887 DEBUG 14824 --- [    Test worker] c.s.c.security.jwt.TokenProvider         : Using a Base64-encoded JWT secret key
2021-12-27 13:42:27.898  INFO 14824 --- [    Test worker] c.s.c.security.jwt.TokenProvider         : Invalid JWT token.
2021-12-27 13:42:27.899 DEBUG 14824 --- [    Test worker] c.s.c.security.jwt.TokenProvider         : Using a Base64-encoded JWT secret key
2021-12-27 13:42:27.904 DEBUG 14824 --- [    Test worker] c.s.c.security.jwt.TokenProvider         : Using a Base64-encoded JWT secret key
2021-12-27 13:42:27.911 DEBUG 14824 --- [    Test worker] c.s.c.security.jwt.TokenProvider         : Using a Base64-encoded JWT secret key
2021-12-27 13:42:27.919  INFO 14824 --- [    Test worker] c.s.c.security.jwt.TokenProvider         : Invalid JWT token.
]]></system-out>
  <system-err><![CDATA[]]></system-err>
</testsuite>
