<?xml version="1.0" encoding="UTF-8"?>
<testsuite name="com.solr.clientwrapper.usecase.authority.ReadAuthorityTest" tests="2" skipped="0" failures="0" errors="0" timestamp="2021-12-27T08:12:56" hostname="DESKTOP-VAOA8DC" time="0.025">
  <properties/>
  <testcase name="readAuthoritiesTest()" classname="com.solr.clientwrapper.usecase.authority.ReadAuthorityTest" time="0.016"/>
  <testcase name="contextLoads()" classname="com.solr.clientwrapper.usecase.authority.ReadAuthorityTest" time="0.008"/>
  <system-out><![CDATA[]]></system-out>
  <system-err><![CDATA[]]></system-err>
</testsuite>
